INFO - 2025-03-30 19:06:58 --> Session: Class initialized using 'CodeIgniter\Session\Handlers\FileHandler' driver.
INFO - 2025-03-30 19:07:04 --> Session: Class initialized using 'CodeIgniter\Session\Handlers\FileHandler' driver.
INFO - 2025-03-30 19:07:05 --> Session: Class initialized using 'CodeIgniter\Session\Handlers\FileHandler' driver.
INFO - 2025-03-30 19:07:05 --> Session: Class initialized using 'CodeIgniter\Session\Handlers\FileHandler' driver.
INFO - 2025-03-30 19:07:08 --> Session: Class initialized using 'CodeIgniter\Session\Handlers\FileHandler' driver.
INFO - 2025-03-30 19:07:33 --> Session: Class initialized using 'CodeIgniter\Session\Handlers\FileHandler' driver.
INFO - 2025-03-30 19:07:33 --> Session: Class initialized using 'CodeIgniter\Session\Handlers\FileHandler' driver.
INFO - 2025-03-30 19:07:45 --> Session: Class initialized using 'CodeIgniter\Session\Handlers\FileHandler' driver.
INFO - 2025-03-30 19:07:45 --> Session: Class initialized using 'CodeIgniter\Session\Handlers\FileHandler' driver.
INFO - 2025-03-30 19:07:48 --> Session: Class initialized using 'CodeIgniter\Session\Handlers\FileHandler' driver.
INFO - 2025-03-30 19:09:43 --> Session: Class initialized using 'CodeIgniter\Session\Handlers\FileHandler' driver.
DEBUG - 2025-03-30 19:09:57 --> getStudentCountByTerm - Term ID: 7 - Count: 2
DEBUG - 2025-03-30 19:09:57 --> getStudentCount - Term ID: 7 - Count: 2
INFO - 2025-03-30 19:09:59 --> Session: Class initialized using 'CodeIgniter\Session\Handlers\FileHandler' driver.
INFO - 2025-03-30 19:10:12 --> Session: Class initialized using 'CodeIgniter\Session\Handlers\FileHandler' driver.
INFO - 2025-03-30 19:11:01 --> Session: Class initialized using 'CodeIgniter\Session\Handlers\FileHandler' driver.
INFO - 2025-03-30 19:11:14 --> Session: Class initialized using 'CodeIgniter\Session\Handlers\FileHandler' driver.
INFO - 2025-03-30 19:12:04 --> Session: Class initialized using 'CodeIgniter\Session\Handlers\FileHandler' driver.
DEBUG - 2025-03-30 19:12:25 --> getStudentCountByTerm - Term ID: 7 - Count: 2
DEBUG - 2025-03-30 19:12:25 --> getStudentCount - Term ID: 7 - Count: 2
DEBUG - 2025-03-30 19:12:27 --> getStudentCountByTerm - Term ID: 7 - Count: 2
DEBUG - 2025-03-30 19:12:27 --> getStudentCount - Term ID: 7 - Count: 2
DEBUG - 2025-03-30 19:12:34 --> getStudentCountByTerm - Term ID: 8 - Count: 1
DEBUG - 2025-03-30 19:12:34 --> getStudentCount - Term ID: 8 - Count: 1
INFO - 2025-03-30 19:12:56 --> Session: Class initialized using 'CodeIgniter\Session\Handlers\FileHandler' driver.
INFO - 2025-03-30 19:14:02 --> Session: Class initialized using 'CodeIgniter\Session\Handlers\FileHandler' driver.
INFO - 2025-03-30 19:14:08 --> Session: Class initialized using 'CodeIgniter\Session\Handlers\FileHandler' driver.
INFO - 2025-03-30 19:14:15 --> Session: Class initialized using 'CodeIgniter\Session\Handlers\FileHandler' driver.
INFO - 2025-03-30 19:14:16 --> Session: Class initialized using 'CodeIgniter\Session\Handlers\FileHandler' driver.
INFO - 2025-03-30 19:15:29 --> Session: Class initialized using 'CodeIgniter\Session\Handlers\FileHandler' driver.
INFO - 2025-03-30 19:16:08 --> Session: Class initialized using 'CodeIgniter\Session\Handlers\FileHandler' driver.
INFO - 2025-03-30 19:16:08 --> Session: Class initialized using 'CodeIgniter\Session\Handlers\FileHandler' driver.
INFO - 2025-03-30 19:16:12 --> Session: Class initialized using 'CodeIgniter\Session\Handlers\FileHandler' driver.
INFO - 2025-03-30 19:16:12 --> Session: Class initialized using 'CodeIgniter\Session\Handlers\FileHandler' driver.
INFO - 2025-03-30 19:16:12 --> Session: Class initialized using 'CodeIgniter\Session\Handlers\FileHandler' driver.
INFO - 2025-03-30 19:16:16 --> Session: Class initialized using 'CodeIgniter\Session\Handlers\FileHandler' driver.
INFO - 2025-03-30 19:16:41 --> Session: Class initialized using 'CodeIgniter\Session\Handlers\FileHandler' driver.
INFO - 2025-03-30 19:17:00 --> Session: Class initialized using 'CodeIgniter\Session\Handlers\FileHandler' driver.
INFO - 2025-03-30 19:17:28 --> Session: Class initialized using 'CodeIgniter\Session\Handlers\FileHandler' driver.
INFO - 2025-03-30 19:22:16 --> Session: Class initialized using 'CodeIgniter\Session\Handlers\FileHandler' driver.
INFO - 2025-03-30 19:22:27 --> Session: Class initialized using 'CodeIgniter\Session\Handlers\FileHandler' driver.
DEBUG - 2025-03-30 19:22:30 --> getStudentCountByTerm - Term ID: 8 - Count: 1
DEBUG - 2025-03-30 19:22:30 --> getStudentCount - Term ID: 8 - Count: 1
DEBUG - 2025-03-30 19:22:31 --> getStudentCountByTerm - Term ID: 7 - Count: 2
DEBUG - 2025-03-30 19:22:31 --> getStudentCount - Term ID: 7 - Count: 2
DEBUG - 2025-03-30 19:22:34 --> getStudentCountByTerm - Term ID: 7 - Count: 2
DEBUG - 2025-03-30 19:22:34 --> getStudentCount - Term ID: 7 - Count: 2
INFO - 2025-03-30 19:22:36 --> Session: Class initialized using 'CodeIgniter\Session\Handlers\FileHandler' driver.
INFO - 2025-03-30 19:22:36 --> Session: Class initialized using 'CodeIgniter\Session\Handlers\FileHandler' driver.
INFO - 2025-03-30 19:22:38 --> Session: Class initialized using 'CodeIgniter\Session\Handlers\FileHandler' driver.
INFO - 2025-03-30 19:22:38 --> Session: Class initialized using 'CodeIgniter\Session\Handlers\FileHandler' driver.
INFO - 2025-03-30 19:22:40 --> Session: Class initialized using 'CodeIgniter\Session\Handlers\FileHandler' driver.
INFO - 2025-03-30 19:22:41 --> Session: Class initialized using 'CodeIgniter\Session\Handlers\FileHandler' driver.
INFO - 2025-03-30 19:22:49 --> Session: Class initialized using 'CodeIgniter\Session\Handlers\FileHandler' driver.
INFO - 2025-03-30 19:23:01 --> Session: Class initialized using 'CodeIgniter\Session\Handlers\FileHandler' driver.
INFO - 2025-03-30 19:23:03 --> Session: Class initialized using 'CodeIgniter\Session\Handlers\FileHandler' driver.
INFO - 2025-03-30 19:23:06 --> Session: Class initialized using 'CodeIgniter\Session\Handlers\FileHandler' driver.
INFO - 2025-03-30 19:23:30 --> Session: Class initialized using 'CodeIgniter\Session\Handlers\FileHandler' driver.
INFO - 2025-03-30 19:23:53 --> Session: Class initialized using 'CodeIgniter\Session\Handlers\FileHandler' driver.
INFO - 2025-03-30 19:23:53 --> Session: Class initialized using 'CodeIgniter\Session\Handlers\FileHandler' driver.
INFO - 2025-03-30 19:23:55 --> Session: Class initialized using 'CodeIgniter\Session\Handlers\FileHandler' driver.
INFO - 2025-03-30 19:23:55 --> Session: Class initialized using 'CodeIgniter\Session\Handlers\FileHandler' driver.
INFO - 2025-03-30 19:23:55 --> Session: Class initialized using 'CodeIgniter\Session\Handlers\FileHandler' driver.
INFO - 2025-03-30 19:23:57 --> Session: Class initialized using 'CodeIgniter\Session\Handlers\FileHandler' driver.
INFO - 2025-03-30 19:24:05 --> Session: Class initialized using 'CodeIgniter\Session\Handlers\FileHandler' driver.
INFO - 2025-03-30 19:27:19 --> Session: Class initialized using 'CodeIgniter\Session\Handlers\FileHandler' driver.
INFO - 2025-03-30 19:27:28 --> Session: Class initialized using 'CodeIgniter\Session\Handlers\FileHandler' driver.
INFO - 2025-03-30 19:28:21 --> Session: Class initialized using 'CodeIgniter\Session\Handlers\FileHandler' driver.
INFO - 2025-03-30 19:28:25 --> Session: Class initialized using 'CodeIgniter\Session\Handlers\FileHandler' driver.
INFO - 2025-03-30 19:29:12 --> Session: Class initialized using 'CodeIgniter\Session\Handlers\FileHandler' driver.
INFO - 2025-03-30 19:29:23 --> Session: Class initialized using 'CodeIgniter\Session\Handlers\FileHandler' driver.
INFO - 2025-03-30 19:29:27 --> Session: Class initialized using 'CodeIgniter\Session\Handlers\FileHandler' driver.
INFO - 2025-03-30 19:29:53 --> Session: Class initialized using 'CodeIgniter\Session\Handlers\FileHandler' driver.
INFO - 2025-03-30 19:30:01 --> Session: Class initialized using 'CodeIgniter\Session\Handlers\FileHandler' driver.
INFO - 2025-03-30 19:30:05 --> Session: Class initialized using 'CodeIgniter\Session\Handlers\FileHandler' driver.
INFO - 2025-03-30 19:32:21 --> Session: Class initialized using 'CodeIgniter\Session\Handlers\FileHandler' driver.
INFO - 2025-03-30 19:32:23 --> Session: Class initialized using 'CodeIgniter\Session\Handlers\FileHandler' driver.
INFO - 2025-03-30 19:32:25 --> Session: Class initialized using 'CodeIgniter\Session\Handlers\FileHandler' driver.
INFO - 2025-03-30 19:32:25 --> Session: Class initialized using 'CodeIgniter\Session\Handlers\FileHandler' driver.
INFO - 2025-03-30 19:32:28 --> Session: Class initialized using 'CodeIgniter\Session\Handlers\FileHandler' driver.
INFO - 2025-03-30 19:32:28 --> Session: Class initialized using 'CodeIgniter\Session\Handlers\FileHandler' driver.
INFO - 2025-03-30 19:32:30 --> Session: Class initialized using 'CodeIgniter\Session\Handlers\FileHandler' driver.
INFO - 2025-03-30 19:32:35 --> Session: Class initialized using 'CodeIgniter\Session\Handlers\FileHandler' driver.
INFO - 2025-03-30 19:32:35 --> Session: Class initialized using 'CodeIgniter\Session\Handlers\FileHandler' driver.
INFO - 2025-03-30 19:32:37 --> Session: Class initialized using 'CodeIgniter\Session\Handlers\FileHandler' driver.
INFO - 2025-03-30 19:32:37 --> Session: Class initialized using 'CodeIgniter\Session\Handlers\FileHandler' driver.
INFO - 2025-03-30 19:32:38 --> Session: Class initialized using 'CodeIgniter\Session\Handlers\FileHandler' driver.
INFO - 2025-03-30 19:32:40 --> Session: Class initialized using 'CodeIgniter\Session\Handlers\FileHandler' driver.
INFO - 2025-03-30 19:33:09 --> Session: Class initialized using 'CodeIgniter\Session\Handlers\FileHandler' driver.
INFO - 2025-03-30 19:33:15 --> Session: Class initialized using 'CodeIgniter\Session\Handlers\FileHandler' driver.
DEBUG - 2025-03-30 19:33:20 --> getStudentCountByTerm - Term ID: 8 - Count: 1
DEBUG - 2025-03-30 19:33:20 --> getStudentCount - Term ID: 8 - Count: 1
INFO - 2025-03-30 19:33:21 --> Session: Class initialized using 'CodeIgniter\Session\Handlers\FileHandler' driver.
INFO - 2025-03-30 19:33:45 --> Session: Class initialized using 'CodeIgniter\Session\Handlers\FileHandler' driver.
INFO - 2025-03-30 19:33:47 --> Session: Class initialized using 'CodeIgniter\Session\Handlers\FileHandler' driver.
INFO - 2025-03-30 19:33:49 --> Session: Class initialized using 'CodeIgniter\Session\Handlers\FileHandler' driver.
INFO - 2025-03-30 19:33:49 --> Session: Class initialized using 'CodeIgniter\Session\Handlers\FileHandler' driver.
INFO - 2025-03-30 19:34:15 --> Session: Class initialized using 'CodeIgniter\Session\Handlers\FileHandler' driver.
INFO - 2025-03-30 19:34:16 --> Session: Class initialized using 'CodeIgniter\Session\Handlers\FileHandler' driver.
INFO - 2025-03-30 19:34:46 --> Session: Class initialized using 'CodeIgniter\Session\Handlers\FileHandler' driver.
INFO - 2025-03-30 19:34:46 --> Session: Class initialized using 'CodeIgniter\Session\Handlers\FileHandler' driver.
INFO - 2025-03-30 19:34:50 --> Session: Class initialized using 'CodeIgniter\Session\Handlers\FileHandler' driver.
INFO - 2025-03-30 19:35:12 --> Session: Class initialized using 'CodeIgniter\Session\Handlers\FileHandler' driver.
INFO - 2025-03-30 19:35:13 --> Session: Class initialized using 'CodeIgniter\Session\Handlers\FileHandler' driver.
INFO - 2025-03-30 19:35:14 --> Session: Class initialized using 'CodeIgniter\Session\Handlers\FileHandler' driver.
INFO - 2025-03-30 19:35:14 --> Session: Class initialized using 'CodeIgniter\Session\Handlers\FileHandler' driver.
INFO - 2025-03-30 19:35:16 --> Session: Class initialized using 'CodeIgniter\Session\Handlers\FileHandler' driver.
INFO - 2025-03-30 19:35:22 --> Session: Class initialized using 'CodeIgniter\Session\Handlers\FileHandler' driver.
INFO - 2025-03-30 19:35:24 --> Session: Class initialized using 'CodeIgniter\Session\Handlers\FileHandler' driver.
INFO - 2025-03-30 19:35:25 --> Session: Class initialized using 'CodeIgniter\Session\Handlers\FileHandler' driver.
INFO - 2025-03-30 19:35:26 --> Session: Class initialized using 'CodeIgniter\Session\Handlers\FileHandler' driver.
INFO - 2025-03-30 19:35:27 --> Session: Class initialized using 'CodeIgniter\Session\Handlers\FileHandler' driver.
INFO - 2025-03-30 19:35:35 --> Session: Class initialized using 'CodeIgniter\Session\Handlers\FileHandler' driver.
INFO - 2025-03-30 19:35:35 --> Session: Class initialized using 'CodeIgniter\Session\Handlers\FileHandler' driver.
INFO - 2025-03-30 19:35:38 --> Session: Class initialized using 'CodeIgniter\Session\Handlers\FileHandler' driver.
INFO - 2025-03-30 19:35:38 --> Session: Class initialized using 'CodeIgniter\Session\Handlers\FileHandler' driver.
INFO - 2025-03-30 19:35:38 --> Session: Class initialized using 'CodeIgniter\Session\Handlers\FileHandler' driver.
INFO - 2025-03-30 19:35:39 --> Session: Class initialized using 'CodeIgniter\Session\Handlers\FileHandler' driver.
INFO - 2025-03-30 19:35:41 --> Session: Class initialized using 'CodeIgniter\Session\Handlers\FileHandler' driver.
INFO - 2025-03-30 19:35:43 --> Session: Class initialized using 'CodeIgniter\Session\Handlers\FileHandler' driver.
INFO - 2025-03-30 19:35:46 --> Session: Class initialized using 'CodeIgniter\Session\Handlers\FileHandler' driver.
INFO - 2025-03-30 19:35:47 --> Session: Class initialized using 'CodeIgniter\Session\Handlers\FileHandler' driver.
DEBUG - 2025-03-30 19:35:47 --> getStudentCountByTerm - Term ID: 8 - Count: 1
DEBUG - 2025-03-30 19:35:47 --> getStudentCount - Term ID: 8 - Count: 1
INFO - 2025-03-30 19:35:49 --> Session: Class initialized using 'CodeIgniter\Session\Handlers\FileHandler' driver.
INFO - 2025-03-30 19:35:51 --> Session: Class initialized using 'CodeIgniter\Session\Handlers\FileHandler' driver.
INFO - 2025-03-30 19:35:52 --> Session: Class initialized using 'CodeIgniter\Session\Handlers\FileHandler' driver.
INFO - 2025-03-30 19:35:53 --> Session: Class initialized using 'CodeIgniter\Session\Handlers\FileHandler' driver.
INFO - 2025-03-30 19:35:53 --> Session: Class initialized using 'CodeIgniter\Session\Handlers\FileHandler' driver.
INFO - 2025-03-30 19:35:54 --> Session: Class initialized using 'CodeIgniter\Session\Handlers\FileHandler' driver.
INFO - 2025-03-30 19:35:55 --> Session: Class initialized using 'CodeIgniter\Session\Handlers\FileHandler' driver.
INFO - 2025-03-30 19:35:55 --> Session: Class initialized using 'CodeIgniter\Session\Handlers\FileHandler' driver.
INFO - 2025-03-30 19:35:57 --> Session: Class initialized using 'CodeIgniter\Session\Handlers\FileHandler' driver.
INFO - 2025-03-30 19:35:57 --> Session: Class initialized using 'CodeIgniter\Session\Handlers\FileHandler' driver.
INFO - 2025-03-30 19:36:43 --> Session: Class initialized using 'CodeIgniter\Session\Handlers\FileHandler' driver.
INFO - 2025-03-30 19:36:47 --> Session: Class initialized using 'CodeIgniter\Session\Handlers\FileHandler' driver.
INFO - 2025-03-30 19:36:48 --> Session: Class initialized using 'CodeIgniter\Session\Handlers\FileHandler' driver.
DEBUG - 2025-03-30 19:36:49 --> {
    "draw": 1,
    "recordsTotal": 5,
    "recordsFiltered": 5,
    "data": [
        [
            "<input type=\"checkbox\" class=\"row-checkbox\" value=\"18\">",
            "18",
            "kittima wongsawatt",
            "\u0e0b\u0e31\u0e21\u0e40\u0e21\u0e2d\u0e23\u0e4c \u0e15\u0e38\u0e25\u0e32\u0e04\u0e21 2567   \u0e40\u0e17\u0e2d\u0e21 2\/2567",
            "\u0e04\u0e2d\u0e23\u0e4c\u0e2a\u0e40\u0e23\u0e35\u0e22\u0e19 \u0e21.3",
            "5000 \u0e1a\u0e32\u0e17",
            "\u0e0a\u0e33\u0e23\u0e30\u0e40\u0e15\u0e47\u0e21\u0e08\u0e33\u0e19\u0e27\u0e19",
            "<button class=\"btn btn-success btn-circle btn-sm\"><\/button>"
        ],
        [
            "<input type=\"checkbox\" class=\"row-checkbox\" value=\"12\">",
            "12",
            "Sittichai Thana",
            "\u0e0b\u0e31\u0e21\u0e40\u0e21\u0e2d\u0e23\u0e4c \u0e40\u0e21\u0e29\u0e32\u0e22\u0e19 2567   \u0e40\u0e17\u0e2d\u0e21 1\/2567",
            "\u0e04\u0e2d\u0e23\u0e4c\u0e2a\u0e40\u0e23\u0e35\u0e22\u0e19 \u0e1b.2",
            "2000 \u0e1a\u0e32\u0e17",
            "\u0e0a\u0e33\u0e23\u0e30\u0e40\u0e15\u0e47\u0e21\u0e08\u0e33\u0e19\u0e27\u0e19",
            "<button class=\"btn btn-primary btn-circle btn-sm\"><\/button>"
        ],
        [
            "<input type=\"checkbox\" class=\"row-checkbox\" value=\"19\">",
            "19",
            "kittima wongsawatt",
            "\u0e0b\u0e31\u0e21\u0e40\u0e21\u0e2d\u0e23\u0e4c \u0e40\u0e21\u0e29\u0e32\u0e22\u0e19 2567   \u0e40\u0e17\u0e2d\u0e21 1\/2567",
            "\u0e04\u0e2d\u0e23\u0e4c\u0e2a\u0e40\u0e23\u0e35\u0e22\u0e19 \u0e1b.1",
            "1500 \u0e1a\u0e32\u0e17",
            "\u0e0a\u0e33\u0e23\u0e30\u0e40\u0e15\u0e47\u0e21\u0e08\u0e33\u0e19\u0e27\u0e19",
            "<button class=\"btn btn-primary btn-circle btn-sm\"><\/button>"
        ],
        [
            "<input type=\"checkbox\" class=\"row-checkbox\" value=\"20\">",
            "20",
            "Sittichai Thana",
            "\u0e0b\u0e31\u0e21\u0e40\u0e21\u0e2d\u0e23\u0e4c \u0e40\u0e21\u0e29\u0e32\u0e22\u0e19 2567   \u0e40\u0e17\u0e2d\u0e21 1\/2567",
            "\u0e04\u0e2d\u0e23\u0e4c\u0e2a\u0e40\u0e23\u0e35\u0e22\u0e19 \u0e1b.1",
            "1500 \u0e1a\u0e32\u0e17",
            "\u0e0a\u0e33\u0e23\u0e30\u0e40\u0e15\u0e47\u0e21\u0e08\u0e33\u0e19\u0e27\u0e19",
            "<button class=\"btn btn-secondary btn-circle btn-sm\"><\/button>"
        ],
        [
            "<input type=\"checkbox\" class=\"row-checkbox\" value=\"21\">",
            "21",
            "Sittichai Thana",
            "\u0e0b\u0e31\u0e21\u0e40\u0e21\u0e2d\u0e23\u0e4c \u0e40\u0e21\u0e29\u0e32\u0e22\u0e19 2567   \u0e40\u0e17\u0e2d\u0e21 1\/2567",
            "\u0e04\u0e2d\u0e23\u0e4c\u0e2a\u0e40\u0e23\u0e35\u0e22\u0e19 \u0e1b.1",
            "1500 \u0e1a\u0e32\u0e17",
            "\u0e0a\u0e33\u0e23\u0e30\u0e40\u0e15\u0e47\u0e21\u0e08\u0e33\u0e19\u0e27\u0e19",
            "<button class=\"btn btn-secondary btn-circle btn-sm\"><\/button>"
        ]
    ]
}
INFO - 2025-03-30 19:36:50 --> Session: Class initialized using 'CodeIgniter\Session\Handlers\FileHandler' driver.
INFO - 2025-03-30 19:36:51 --> Session: Class initialized using 'CodeIgniter\Session\Handlers\FileHandler' driver.
INFO - 2025-03-30 19:36:52 --> Session: Class initialized using 'CodeIgniter\Session\Handlers\FileHandler' driver.
INFO - 2025-03-30 19:36:52 --> Session: Class initialized using 'CodeIgniter\Session\Handlers\FileHandler' driver.
INFO - 2025-03-30 19:36:53 --> Session: Class initialized using 'CodeIgniter\Session\Handlers\FileHandler' driver.
INFO - 2025-03-30 19:36:54 --> Session: Class initialized using 'CodeIgniter\Session\Handlers\FileHandler' driver.
INFO - 2025-03-30 19:36:55 --> Session: Class initialized using 'CodeIgniter\Session\Handlers\FileHandler' driver.
INFO - 2025-03-30 19:37:00 --> Session: Class initialized using 'CodeIgniter\Session\Handlers\FileHandler' driver.
INFO - 2025-03-30 19:37:00 --> Session: Class initialized using 'CodeIgniter\Session\Handlers\FileHandler' driver.
INFO - 2025-03-30 19:37:02 --> Session: Class initialized using 'CodeIgniter\Session\Handlers\FileHandler' driver.
INFO - 2025-03-30 19:37:02 --> Session: Class initialized using 'CodeIgniter\Session\Handlers\FileHandler' driver.
INFO - 2025-03-30 19:37:02 --> Session: Class initialized using 'CodeIgniter\Session\Handlers\FileHandler' driver.
INFO - 2025-03-30 19:37:05 --> Session: Class initialized using 'CodeIgniter\Session\Handlers\FileHandler' driver.
INFO - 2025-03-30 19:42:21 --> Session: Class initialized using 'CodeIgniter\Session\Handlers\FileHandler' driver.
INFO - 2025-03-30 19:42:27 --> Session: Class initialized using 'CodeIgniter\Session\Handlers\FileHandler' driver.
INFO - 2025-03-30 19:42:30 --> Session: Class initialized using 'CodeIgniter\Session\Handlers\FileHandler' driver.
INFO - 2025-03-30 19:43:07 --> Session: Class initialized using 'CodeIgniter\Session\Handlers\FileHandler' driver.
CRITICAL - 2025-03-30 19:43:11 --> ErrorException: Undefined array key "registered_count"
[Method: POST, Route: updateOpenCount]
in APPPATH\Controllers\StudentController.php on line 259.
 1 APPPATH\Controllers\StudentController.php(259): CodeIgniter\Debug\Exceptions->errorHandler(2, 'Undefined array key "registered_count"', 'C:\\xampp\\htdocs\\tutorforhomeNew\\app\\Controllers\\StudentController.php', 259)
 2 SYSTEMPATH\CodeIgniter.php(933): App\Controllers\StudentController->updateOpenCount()
 3 SYSTEMPATH\CodeIgniter.php(509): CodeIgniter\CodeIgniter->runController(Object(App\Controllers\StudentController))
 4 SYSTEMPATH\CodeIgniter.php(355): CodeIgniter\CodeIgniter->handleRequest(null, Object(Config\Cache), false)
 5 SYSTEMPATH\Boot.php(325): CodeIgniter\CodeIgniter->run()
 6 SYSTEMPATH\Boot.php(67): CodeIgniter\Boot::runCodeIgniter(Object(CodeIgniter\CodeIgniter))
 7 FCPATH\index.php(56): CodeIgniter\Boot::bootWeb(Object(Config\Paths))
CRITICAL - 2025-03-30 19:43:12 --> ErrorException: Undefined array key "registered_count"
[Method: POST, Route: updateOpenCount]
in APPPATH\Controllers\StudentController.php on line 259.
 1 APPPATH\Controllers\StudentController.php(259): CodeIgniter\Debug\Exceptions->errorHandler(2, 'Undefined array key "registered_count"', 'C:\\xampp\\htdocs\\tutorforhomeNew\\app\\Controllers\\StudentController.php', 259)
 2 SYSTEMPATH\CodeIgniter.php(933): App\Controllers\StudentController->updateOpenCount()
 3 SYSTEMPATH\CodeIgniter.php(509): CodeIgniter\CodeIgniter->runController(Object(App\Controllers\StudentController))
 4 SYSTEMPATH\CodeIgniter.php(355): CodeIgniter\CodeIgniter->handleRequest(null, Object(Config\Cache), false)
 5 SYSTEMPATH\Boot.php(325): CodeIgniter\CodeIgniter->run()
 6 SYSTEMPATH\Boot.php(67): CodeIgniter\Boot::runCodeIgniter(Object(CodeIgniter\CodeIgniter))
 7 FCPATH\index.php(56): CodeIgniter\Boot::bootWeb(Object(Config\Paths))
CRITICAL - 2025-03-30 19:43:12 --> ErrorException: Undefined array key "registered_count"
[Method: POST, Route: updateOpenCount]
in APPPATH\Controllers\StudentController.php on line 259.
 1 APPPATH\Controllers\StudentController.php(259): CodeIgniter\Debug\Exceptions->errorHandler(2, 'Undefined array key "registered_count"', 'C:\\xampp\\htdocs\\tutorforhomeNew\\app\\Controllers\\StudentController.php', 259)
 2 SYSTEMPATH\CodeIgniter.php(933): App\Controllers\StudentController->updateOpenCount()
 3 SYSTEMPATH\CodeIgniter.php(509): CodeIgniter\CodeIgniter->runController(Object(App\Controllers\StudentController))
 4 SYSTEMPATH\CodeIgniter.php(355): CodeIgniter\CodeIgniter->handleRequest(null, Object(Config\Cache), false)
 5 SYSTEMPATH\Boot.php(325): CodeIgniter\CodeIgniter->run()
 6 SYSTEMPATH\Boot.php(67): CodeIgniter\Boot::runCodeIgniter(Object(CodeIgniter\CodeIgniter))
 7 FCPATH\index.php(56): CodeIgniter\Boot::bootWeb(Object(Config\Paths))
CRITICAL - 2025-03-30 19:43:12 --> ErrorException: Undefined array key "registered_count"
[Method: POST, Route: updateOpenCount]
in APPPATH\Controllers\StudentController.php on line 259.
 1 APPPATH\Controllers\StudentController.php(259): CodeIgniter\Debug\Exceptions->errorHandler(2, 'Undefined array key "registered_count"', 'C:\\xampp\\htdocs\\tutorforhomeNew\\app\\Controllers\\StudentController.php', 259)
 2 SYSTEMPATH\CodeIgniter.php(933): App\Controllers\StudentController->updateOpenCount()
 3 SYSTEMPATH\CodeIgniter.php(509): CodeIgniter\CodeIgniter->runController(Object(App\Controllers\StudentController))
 4 SYSTEMPATH\CodeIgniter.php(355): CodeIgniter\CodeIgniter->handleRequest(null, Object(Config\Cache), false)
 5 SYSTEMPATH\Boot.php(325): CodeIgniter\CodeIgniter->run()
 6 SYSTEMPATH\Boot.php(67): CodeIgniter\Boot::runCodeIgniter(Object(CodeIgniter\CodeIgniter))
 7 FCPATH\index.php(56): CodeIgniter\Boot::bootWeb(Object(Config\Paths))
CRITICAL - 2025-03-30 19:43:15 --> ErrorException: Undefined array key "registered_count"
[Method: POST, Route: updateOpenCount]
in APPPATH\Controllers\StudentController.php on line 259.
 1 APPPATH\Controllers\StudentController.php(259): CodeIgniter\Debug\Exceptions->errorHandler(2, 'Undefined array key "registered_count"', 'C:\\xampp\\htdocs\\tutorforhomeNew\\app\\Controllers\\StudentController.php', 259)
 2 SYSTEMPATH\CodeIgniter.php(933): App\Controllers\StudentController->updateOpenCount()
 3 SYSTEMPATH\CodeIgniter.php(509): CodeIgniter\CodeIgniter->runController(Object(App\Controllers\StudentController))
 4 SYSTEMPATH\CodeIgniter.php(355): CodeIgniter\CodeIgniter->handleRequest(null, Object(Config\Cache), false)
 5 SYSTEMPATH\Boot.php(325): CodeIgniter\CodeIgniter->run()
 6 SYSTEMPATH\Boot.php(67): CodeIgniter\Boot::runCodeIgniter(Object(CodeIgniter\CodeIgniter))
 7 FCPATH\index.php(56): CodeIgniter\Boot::bootWeb(Object(Config\Paths))
CRITICAL - 2025-03-30 19:43:15 --> ErrorException: Undefined array key "registered_count"
[Method: POST, Route: updateOpenCount]
in APPPATH\Controllers\StudentController.php on line 259.
 1 APPPATH\Controllers\StudentController.php(259): CodeIgniter\Debug\Exceptions->errorHandler(2, 'Undefined array key "registered_count"', 'C:\\xampp\\htdocs\\tutorforhomeNew\\app\\Controllers\\StudentController.php', 259)
 2 SYSTEMPATH\CodeIgniter.php(933): App\Controllers\StudentController->updateOpenCount()
 3 SYSTEMPATH\CodeIgniter.php(509): CodeIgniter\CodeIgniter->runController(Object(App\Controllers\StudentController))
 4 SYSTEMPATH\CodeIgniter.php(355): CodeIgniter\CodeIgniter->handleRequest(null, Object(Config\Cache), false)
 5 SYSTEMPATH\Boot.php(325): CodeIgniter\CodeIgniter->run()
 6 SYSTEMPATH\Boot.php(67): CodeIgniter\Boot::runCodeIgniter(Object(CodeIgniter\CodeIgniter))
 7 FCPATH\index.php(56): CodeIgniter\Boot::bootWeb(Object(Config\Paths))
CRITICAL - 2025-03-30 19:43:16 --> ErrorException: Undefined array key "registered_count"
[Method: POST, Route: updateOpenCount]
in APPPATH\Controllers\StudentController.php on line 259.
 1 APPPATH\Controllers\StudentController.php(259): CodeIgniter\Debug\Exceptions->errorHandler(2, 'Undefined array key "registered_count"', 'C:\\xampp\\htdocs\\tutorforhomeNew\\app\\Controllers\\StudentController.php', 259)
 2 SYSTEMPATH\CodeIgniter.php(933): App\Controllers\StudentController->updateOpenCount()
 3 SYSTEMPATH\CodeIgniter.php(509): CodeIgniter\CodeIgniter->runController(Object(App\Controllers\StudentController))
 4 SYSTEMPATH\CodeIgniter.php(355): CodeIgniter\CodeIgniter->handleRequest(null, Object(Config\Cache), false)
 5 SYSTEMPATH\Boot.php(325): CodeIgniter\CodeIgniter->run()
 6 SYSTEMPATH\Boot.php(67): CodeIgniter\Boot::runCodeIgniter(Object(CodeIgniter\CodeIgniter))
 7 FCPATH\index.php(56): CodeIgniter\Boot::bootWeb(Object(Config\Paths))
CRITICAL - 2025-03-30 19:43:16 --> ErrorException: Undefined array key "registered_count"
[Method: POST, Route: updateOpenCount]
in APPPATH\Controllers\StudentController.php on line 259.
 1 APPPATH\Controllers\StudentController.php(259): CodeIgniter\Debug\Exceptions->errorHandler(2, 'Undefined array key "registered_count"', 'C:\\xampp\\htdocs\\tutorforhomeNew\\app\\Controllers\\StudentController.php', 259)
 2 SYSTEMPATH\CodeIgniter.php(933): App\Controllers\StudentController->updateOpenCount()
 3 SYSTEMPATH\CodeIgniter.php(509): CodeIgniter\CodeIgniter->runController(Object(App\Controllers\StudentController))
 4 SYSTEMPATH\CodeIgniter.php(355): CodeIgniter\CodeIgniter->handleRequest(null, Object(Config\Cache), false)
 5 SYSTEMPATH\Boot.php(325): CodeIgniter\CodeIgniter->run()
 6 SYSTEMPATH\Boot.php(67): CodeIgniter\Boot::runCodeIgniter(Object(CodeIgniter\CodeIgniter))
 7 FCPATH\index.php(56): CodeIgniter\Boot::bootWeb(Object(Config\Paths))
CRITICAL - 2025-03-30 19:43:18 --> ErrorException: Undefined array key "registered_count"
[Method: POST, Route: updateOpenCount]
in APPPATH\Controllers\StudentController.php on line 259.
 1 APPPATH\Controllers\StudentController.php(259): CodeIgniter\Debug\Exceptions->errorHandler(2, 'Undefined array key "registered_count"', 'C:\\xampp\\htdocs\\tutorforhomeNew\\app\\Controllers\\StudentController.php', 259)
 2 SYSTEMPATH\CodeIgniter.php(933): App\Controllers\StudentController->updateOpenCount()
 3 SYSTEMPATH\CodeIgniter.php(509): CodeIgniter\CodeIgniter->runController(Object(App\Controllers\StudentController))
 4 SYSTEMPATH\CodeIgniter.php(355): CodeIgniter\CodeIgniter->handleRequest(null, Object(Config\Cache), false)
 5 SYSTEMPATH\Boot.php(325): CodeIgniter\CodeIgniter->run()
 6 SYSTEMPATH\Boot.php(67): CodeIgniter\Boot::runCodeIgniter(Object(CodeIgniter\CodeIgniter))
 7 FCPATH\index.php(56): CodeIgniter\Boot::bootWeb(Object(Config\Paths))
CRITICAL - 2025-03-30 19:43:19 --> ErrorException: Undefined array key "registered_count"
[Method: POST, Route: updateOpenCount]
in APPPATH\Controllers\StudentController.php on line 259.
 1 APPPATH\Controllers\StudentController.php(259): CodeIgniter\Debug\Exceptions->errorHandler(2, 'Undefined array key "registered_count"', 'C:\\xampp\\htdocs\\tutorforhomeNew\\app\\Controllers\\StudentController.php', 259)
 2 SYSTEMPATH\CodeIgniter.php(933): App\Controllers\StudentController->updateOpenCount()
 3 SYSTEMPATH\CodeIgniter.php(509): CodeIgniter\CodeIgniter->runController(Object(App\Controllers\StudentController))
 4 SYSTEMPATH\CodeIgniter.php(355): CodeIgniter\CodeIgniter->handleRequest(null, Object(Config\Cache), false)
 5 SYSTEMPATH\Boot.php(325): CodeIgniter\CodeIgniter->run()
 6 SYSTEMPATH\Boot.php(67): CodeIgniter\Boot::runCodeIgniter(Object(CodeIgniter\CodeIgniter))
 7 FCPATH\index.php(56): CodeIgniter\Boot::bootWeb(Object(Config\Paths))
CRITICAL - 2025-03-30 19:43:19 --> ErrorException: Undefined array key "registered_count"
[Method: POST, Route: updateOpenCount]
in APPPATH\Controllers\StudentController.php on line 259.
 1 APPPATH\Controllers\StudentController.php(259): CodeIgniter\Debug\Exceptions->errorHandler(2, 'Undefined array key "registered_count"', 'C:\\xampp\\htdocs\\tutorforhomeNew\\app\\Controllers\\StudentController.php', 259)
 2 SYSTEMPATH\CodeIgniter.php(933): App\Controllers\StudentController->updateOpenCount()
 3 SYSTEMPATH\CodeIgniter.php(509): CodeIgniter\CodeIgniter->runController(Object(App\Controllers\StudentController))
 4 SYSTEMPATH\CodeIgniter.php(355): CodeIgniter\CodeIgniter->handleRequest(null, Object(Config\Cache), false)
 5 SYSTEMPATH\Boot.php(325): CodeIgniter\CodeIgniter->run()
 6 SYSTEMPATH\Boot.php(67): CodeIgniter\Boot::runCodeIgniter(Object(CodeIgniter\CodeIgniter))
 7 FCPATH\index.php(56): CodeIgniter\Boot::bootWeb(Object(Config\Paths))
INFO - 2025-03-30 19:43:20 --> Session: Class initialized using 'CodeIgniter\Session\Handlers\FileHandler' driver.
INFO - 2025-03-30 19:43:50 --> Session: Class initialized using 'CodeIgniter\Session\Handlers\FileHandler' driver.
CRITICAL - 2025-03-30 19:43:54 --> ErrorException: Undefined array key "registered_count"
[Method: POST, Route: updateOpenCount]
in APPPATH\Controllers\StudentController.php on line 259.
 1 APPPATH\Controllers\StudentController.php(259): CodeIgniter\Debug\Exceptions->errorHandler(2, 'Undefined array key "registered_count"', 'C:\\xampp\\htdocs\\tutorforhomeNew\\app\\Controllers\\StudentController.php', 259)
 2 SYSTEMPATH\CodeIgniter.php(933): App\Controllers\StudentController->updateOpenCount()
 3 SYSTEMPATH\CodeIgniter.php(509): CodeIgniter\CodeIgniter->runController(Object(App\Controllers\StudentController))
 4 SYSTEMPATH\CodeIgniter.php(355): CodeIgniter\CodeIgniter->handleRequest(null, Object(Config\Cache), false)
 5 SYSTEMPATH\Boot.php(325): CodeIgniter\CodeIgniter->run()
 6 SYSTEMPATH\Boot.php(67): CodeIgniter\Boot::runCodeIgniter(Object(CodeIgniter\CodeIgniter))
 7 FCPATH\index.php(56): CodeIgniter\Boot::bootWeb(Object(Config\Paths))
INFO - 2025-03-30 19:44:51 --> Session: Class initialized using 'CodeIgniter\Session\Handlers\FileHandler' driver.
CRITICAL - 2025-03-30 19:44:53 --> ErrorException: Undefined array key "registered_count"
[Method: POST, Route: updateOpenCount]
in APPPATH\Controllers\StudentController.php on line 259.
 1 APPPATH\Controllers\StudentController.php(259): CodeIgniter\Debug\Exceptions->errorHandler(2, 'Undefined array key "registered_count"', 'C:\\xampp\\htdocs\\tutorforhomeNew\\app\\Controllers\\StudentController.php', 259)
 2 SYSTEMPATH\CodeIgniter.php(933): App\Controllers\StudentController->updateOpenCount()
 3 SYSTEMPATH\CodeIgniter.php(509): CodeIgniter\CodeIgniter->runController(Object(App\Controllers\StudentController))
 4 SYSTEMPATH\CodeIgniter.php(355): CodeIgniter\CodeIgniter->handleRequest(null, Object(Config\Cache), false)
 5 SYSTEMPATH\Boot.php(325): CodeIgniter\CodeIgniter->run()
 6 SYSTEMPATH\Boot.php(67): CodeIgniter\Boot::runCodeIgniter(Object(CodeIgniter\CodeIgniter))
 7 FCPATH\index.php(56): CodeIgniter\Boot::bootWeb(Object(Config\Paths))
CRITICAL - 2025-03-30 19:44:54 --> ErrorException: Undefined array key "registered_count"
[Method: POST, Route: updateOpenCount]
in APPPATH\Controllers\StudentController.php on line 259.
 1 APPPATH\Controllers\StudentController.php(259): CodeIgniter\Debug\Exceptions->errorHandler(2, 'Undefined array key "registered_count"', 'C:\\xampp\\htdocs\\tutorforhomeNew\\app\\Controllers\\StudentController.php', 259)
 2 SYSTEMPATH\CodeIgniter.php(933): App\Controllers\StudentController->updateOpenCount()
 3 SYSTEMPATH\CodeIgniter.php(509): CodeIgniter\CodeIgniter->runController(Object(App\Controllers\StudentController))
 4 SYSTEMPATH\CodeIgniter.php(355): CodeIgniter\CodeIgniter->handleRequest(null, Object(Config\Cache), false)
 5 SYSTEMPATH\Boot.php(325): CodeIgniter\CodeIgniter->run()
 6 SYSTEMPATH\Boot.php(67): CodeIgniter\Boot::runCodeIgniter(Object(CodeIgniter\CodeIgniter))
 7 FCPATH\index.php(56): CodeIgniter\Boot::bootWeb(Object(Config\Paths))
CRITICAL - 2025-03-30 19:44:54 --> ErrorException: Undefined array key "registered_count"
[Method: POST, Route: updateOpenCount]
in APPPATH\Controllers\StudentController.php on line 259.
 1 APPPATH\Controllers\StudentController.php(259): CodeIgniter\Debug\Exceptions->errorHandler(2, 'Undefined array key "registered_count"', 'C:\\xampp\\htdocs\\tutorforhomeNew\\app\\Controllers\\StudentController.php', 259)
 2 SYSTEMPATH\CodeIgniter.php(933): App\Controllers\StudentController->updateOpenCount()
 3 SYSTEMPATH\CodeIgniter.php(509): CodeIgniter\CodeIgniter->runController(Object(App\Controllers\StudentController))
 4 SYSTEMPATH\CodeIgniter.php(355): CodeIgniter\CodeIgniter->handleRequest(null, Object(Config\Cache), false)
 5 SYSTEMPATH\Boot.php(325): CodeIgniter\CodeIgniter->run()
 6 SYSTEMPATH\Boot.php(67): CodeIgniter\Boot::runCodeIgniter(Object(CodeIgniter\CodeIgniter))
 7 FCPATH\index.php(56): CodeIgniter\Boot::bootWeb(Object(Config\Paths))
INFO - 2025-03-30 19:45:13 --> Session: Class initialized using 'CodeIgniter\Session\Handlers\FileHandler' driver.
INFO - 2025-03-30 19:45:17 --> Session: Class initialized using 'CodeIgniter\Session\Handlers\FileHandler' driver.
INFO - 2025-03-30 19:46:16 --> Session: Class initialized using 'CodeIgniter\Session\Handlers\FileHandler' driver.
INFO - 2025-03-30 19:46:20 --> Session: Class initialized using 'CodeIgniter\Session\Handlers\FileHandler' driver.
INFO - 2025-03-30 19:47:35 --> Session: Class initialized using 'CodeIgniter\Session\Handlers\FileHandler' driver.
INFO - 2025-03-30 19:47:38 --> Session: Class initialized using 'CodeIgniter\Session\Handlers\FileHandler' driver.
INFO - 2025-03-30 19:47:43 --> Session: Class initialized using 'CodeIgniter\Session\Handlers\FileHandler' driver.
INFO - 2025-03-30 19:48:46 --> Session: Class initialized using 'CodeIgniter\Session\Handlers\FileHandler' driver.
CRITICAL - 2025-03-30 19:48:48 --> ErrorException: Undefined array key "registered_count"
[Method: POST, Route: updateOpenCount]
in APPPATH\Controllers\StudentController.php on line 260.
 1 APPPATH\Controllers\StudentController.php(260): CodeIgniter\Debug\Exceptions->errorHandler(2, 'Undefined array key "registered_count"', 'C:\\xampp\\htdocs\\tutorforhomeNew\\app\\Controllers\\StudentController.php', 260)
 2 SYSTEMPATH\CodeIgniter.php(933): App\Controllers\StudentController->updateOpenCount()
 3 SYSTEMPATH\CodeIgniter.php(509): CodeIgniter\CodeIgniter->runController(Object(App\Controllers\StudentController))
 4 SYSTEMPATH\CodeIgniter.php(355): CodeIgniter\CodeIgniter->handleRequest(null, Object(Config\Cache), false)
 5 SYSTEMPATH\Boot.php(325): CodeIgniter\CodeIgniter->run()
 6 SYSTEMPATH\Boot.php(67): CodeIgniter\Boot::runCodeIgniter(Object(CodeIgniter\CodeIgniter))
 7 FCPATH\index.php(56): CodeIgniter\Boot::bootWeb(Object(Config\Paths))
CRITICAL - 2025-03-30 19:48:49 --> ErrorException: Undefined array key "registered_count"
[Method: POST, Route: updateOpenCount]
in APPPATH\Controllers\StudentController.php on line 260.
 1 APPPATH\Controllers\StudentController.php(260): CodeIgniter\Debug\Exceptions->errorHandler(2, 'Undefined array key "registered_count"', 'C:\\xampp\\htdocs\\tutorforhomeNew\\app\\Controllers\\StudentController.php', 260)
 2 SYSTEMPATH\CodeIgniter.php(933): App\Controllers\StudentController->updateOpenCount()
 3 SYSTEMPATH\CodeIgniter.php(509): CodeIgniter\CodeIgniter->runController(Object(App\Controllers\StudentController))
 4 SYSTEMPATH\CodeIgniter.php(355): CodeIgniter\CodeIgniter->handleRequest(null, Object(Config\Cache), false)
 5 SYSTEMPATH\Boot.php(325): CodeIgniter\CodeIgniter->run()
 6 SYSTEMPATH\Boot.php(67): CodeIgniter\Boot::runCodeIgniter(Object(CodeIgniter\CodeIgniter))
 7 FCPATH\index.php(56): CodeIgniter\Boot::bootWeb(Object(Config\Paths))
CRITICAL - 2025-03-30 19:48:49 --> ErrorException: Undefined array key "registered_count"
[Method: POST, Route: updateOpenCount]
in APPPATH\Controllers\StudentController.php on line 260.
 1 APPPATH\Controllers\StudentController.php(260): CodeIgniter\Debug\Exceptions->errorHandler(2, 'Undefined array key "registered_count"', 'C:\\xampp\\htdocs\\tutorforhomeNew\\app\\Controllers\\StudentController.php', 260)
 2 SYSTEMPATH\CodeIgniter.php(933): App\Controllers\StudentController->updateOpenCount()
 3 SYSTEMPATH\CodeIgniter.php(509): CodeIgniter\CodeIgniter->runController(Object(App\Controllers\StudentController))
 4 SYSTEMPATH\CodeIgniter.php(355): CodeIgniter\CodeIgniter->handleRequest(null, Object(Config\Cache), false)
 5 SYSTEMPATH\Boot.php(325): CodeIgniter\CodeIgniter->run()
 6 SYSTEMPATH\Boot.php(67): CodeIgniter\Boot::runCodeIgniter(Object(CodeIgniter\CodeIgniter))
 7 FCPATH\index.php(56): CodeIgniter\Boot::bootWeb(Object(Config\Paths))
CRITICAL - 2025-03-30 19:48:49 --> ErrorException: Undefined array key "registered_count"
[Method: POST, Route: updateOpenCount]
in APPPATH\Controllers\StudentController.php on line 260.
 1 APPPATH\Controllers\StudentController.php(260): CodeIgniter\Debug\Exceptions->errorHandler(2, 'Undefined array key "registered_count"', 'C:\\xampp\\htdocs\\tutorforhomeNew\\app\\Controllers\\StudentController.php', 260)
 2 SYSTEMPATH\CodeIgniter.php(933): App\Controllers\StudentController->updateOpenCount()
 3 SYSTEMPATH\CodeIgniter.php(509): CodeIgniter\CodeIgniter->runController(Object(App\Controllers\StudentController))
 4 SYSTEMPATH\CodeIgniter.php(355): CodeIgniter\CodeIgniter->handleRequest(null, Object(Config\Cache), false)
 5 SYSTEMPATH\Boot.php(325): CodeIgniter\CodeIgniter->run()
 6 SYSTEMPATH\Boot.php(67): CodeIgniter\Boot::runCodeIgniter(Object(CodeIgniter\CodeIgniter))
 7 FCPATH\index.php(56): CodeIgniter\Boot::bootWeb(Object(Config\Paths))
CRITICAL - 2025-03-30 19:48:49 --> ErrorException: Undefined array key "registered_count"
[Method: POST, Route: updateOpenCount]
in APPPATH\Controllers\StudentController.php on line 260.
 1 APPPATH\Controllers\StudentController.php(260): CodeIgniter\Debug\Exceptions->errorHandler(2, 'Undefined array key "registered_count"', 'C:\\xampp\\htdocs\\tutorforhomeNew\\app\\Controllers\\StudentController.php', 260)
 2 SYSTEMPATH\CodeIgniter.php(933): App\Controllers\StudentController->updateOpenCount()
 3 SYSTEMPATH\CodeIgniter.php(509): CodeIgniter\CodeIgniter->runController(Object(App\Controllers\StudentController))
 4 SYSTEMPATH\CodeIgniter.php(355): CodeIgniter\CodeIgniter->handleRequest(null, Object(Config\Cache), false)
 5 SYSTEMPATH\Boot.php(325): CodeIgniter\CodeIgniter->run()
 6 SYSTEMPATH\Boot.php(67): CodeIgniter\Boot::runCodeIgniter(Object(CodeIgniter\CodeIgniter))
 7 FCPATH\index.php(56): CodeIgniter\Boot::bootWeb(Object(Config\Paths))
CRITICAL - 2025-03-30 19:48:49 --> ErrorException: Undefined array key "registered_count"
[Method: POST, Route: updateOpenCount]
in APPPATH\Controllers\StudentController.php on line 260.
 1 APPPATH\Controllers\StudentController.php(260): CodeIgniter\Debug\Exceptions->errorHandler(2, 'Undefined array key "registered_count"', 'C:\\xampp\\htdocs\\tutorforhomeNew\\app\\Controllers\\StudentController.php', 260)
 2 SYSTEMPATH\CodeIgniter.php(933): App\Controllers\StudentController->updateOpenCount()
 3 SYSTEMPATH\CodeIgniter.php(509): CodeIgniter\CodeIgniter->runController(Object(App\Controllers\StudentController))
 4 SYSTEMPATH\CodeIgniter.php(355): CodeIgniter\CodeIgniter->handleRequest(null, Object(Config\Cache), false)
 5 SYSTEMPATH\Boot.php(325): CodeIgniter\CodeIgniter->run()
 6 SYSTEMPATH\Boot.php(67): CodeIgniter\Boot::runCodeIgniter(Object(CodeIgniter\CodeIgniter))
 7 FCPATH\index.php(56): CodeIgniter\Boot::bootWeb(Object(Config\Paths))
CRITICAL - 2025-03-30 19:48:49 --> ErrorException: Undefined array key "registered_count"
[Method: POST, Route: updateOpenCount]
in APPPATH\Controllers\StudentController.php on line 260.
 1 APPPATH\Controllers\StudentController.php(260): CodeIgniter\Debug\Exceptions->errorHandler(2, 'Undefined array key "registered_count"', 'C:\\xampp\\htdocs\\tutorforhomeNew\\app\\Controllers\\StudentController.php', 260)
 2 SYSTEMPATH\CodeIgniter.php(933): App\Controllers\StudentController->updateOpenCount()
 3 SYSTEMPATH\CodeIgniter.php(509): CodeIgniter\CodeIgniter->runController(Object(App\Controllers\StudentController))
 4 SYSTEMPATH\CodeIgniter.php(355): CodeIgniter\CodeIgniter->handleRequest(null, Object(Config\Cache), false)
 5 SYSTEMPATH\Boot.php(325): CodeIgniter\CodeIgniter->run()
 6 SYSTEMPATH\Boot.php(67): CodeIgniter\Boot::runCodeIgniter(Object(CodeIgniter\CodeIgniter))
 7 FCPATH\index.php(56): CodeIgniter\Boot::bootWeb(Object(Config\Paths))
CRITICAL - 2025-03-30 19:48:50 --> ErrorException: Undefined array key "registered_count"
[Method: POST, Route: updateOpenCount]
in APPPATH\Controllers\StudentController.php on line 260.
 1 APPPATH\Controllers\StudentController.php(260): CodeIgniter\Debug\Exceptions->errorHandler(2, 'Undefined array key "registered_count"', 'C:\\xampp\\htdocs\\tutorforhomeNew\\app\\Controllers\\StudentController.php', 260)
 2 SYSTEMPATH\CodeIgniter.php(933): App\Controllers\StudentController->updateOpenCount()
 3 SYSTEMPATH\CodeIgniter.php(509): CodeIgniter\CodeIgniter->runController(Object(App\Controllers\StudentController))
 4 SYSTEMPATH\CodeIgniter.php(355): CodeIgniter\CodeIgniter->handleRequest(null, Object(Config\Cache), false)
 5 SYSTEMPATH\Boot.php(325): CodeIgniter\CodeIgniter->run()
 6 SYSTEMPATH\Boot.php(67): CodeIgniter\Boot::runCodeIgniter(Object(CodeIgniter\CodeIgniter))
 7 FCPATH\index.php(56): CodeIgniter\Boot::bootWeb(Object(Config\Paths))
CRITICAL - 2025-03-30 19:48:50 --> ErrorException: Undefined array key "registered_count"
[Method: POST, Route: updateOpenCount]
in APPPATH\Controllers\StudentController.php on line 260.
 1 APPPATH\Controllers\StudentController.php(260): CodeIgniter\Debug\Exceptions->errorHandler(2, 'Undefined array key "registered_count"', 'C:\\xampp\\htdocs\\tutorforhomeNew\\app\\Controllers\\StudentController.php', 260)
 2 SYSTEMPATH\CodeIgniter.php(933): App\Controllers\StudentController->updateOpenCount()
 3 SYSTEMPATH\CodeIgniter.php(509): CodeIgniter\CodeIgniter->runController(Object(App\Controllers\StudentController))
 4 SYSTEMPATH\CodeIgniter.php(355): CodeIgniter\CodeIgniter->handleRequest(null, Object(Config\Cache), false)
 5 SYSTEMPATH\Boot.php(325): CodeIgniter\CodeIgniter->run()
 6 SYSTEMPATH\Boot.php(67): CodeIgniter\Boot::runCodeIgniter(Object(CodeIgniter\CodeIgniter))
 7 FCPATH\index.php(56): CodeIgniter\Boot::bootWeb(Object(Config\Paths))
CRITICAL - 2025-03-30 19:48:50 --> ErrorException: Undefined array key "registered_count"
[Method: POST, Route: updateOpenCount]
in APPPATH\Controllers\StudentController.php on line 260.
 1 APPPATH\Controllers\StudentController.php(260): CodeIgniter\Debug\Exceptions->errorHandler(2, 'Undefined array key "registered_count"', 'C:\\xampp\\htdocs\\tutorforhomeNew\\app\\Controllers\\StudentController.php', 260)
 2 SYSTEMPATH\CodeIgniter.php(933): App\Controllers\StudentController->updateOpenCount()
 3 SYSTEMPATH\CodeIgniter.php(509): CodeIgniter\CodeIgniter->runController(Object(App\Controllers\StudentController))
 4 SYSTEMPATH\CodeIgniter.php(355): CodeIgniter\CodeIgniter->handleRequest(null, Object(Config\Cache), false)
 5 SYSTEMPATH\Boot.php(325): CodeIgniter\CodeIgniter->run()
 6 SYSTEMPATH\Boot.php(67): CodeIgniter\Boot::runCodeIgniter(Object(CodeIgniter\CodeIgniter))
 7 FCPATH\index.php(56): CodeIgniter\Boot::bootWeb(Object(Config\Paths))
CRITICAL - 2025-03-30 19:48:50 --> ErrorException: Undefined array key "registered_count"
[Method: POST, Route: updateOpenCount]
in APPPATH\Controllers\StudentController.php on line 260.
 1 APPPATH\Controllers\StudentController.php(260): CodeIgniter\Debug\Exceptions->errorHandler(2, 'Undefined array key "registered_count"', 'C:\\xampp\\htdocs\\tutorforhomeNew\\app\\Controllers\\StudentController.php', 260)
 2 SYSTEMPATH\CodeIgniter.php(933): App\Controllers\StudentController->updateOpenCount()
 3 SYSTEMPATH\CodeIgniter.php(509): CodeIgniter\CodeIgniter->runController(Object(App\Controllers\StudentController))
 4 SYSTEMPATH\CodeIgniter.php(355): CodeIgniter\CodeIgniter->handleRequest(null, Object(Config\Cache), false)
 5 SYSTEMPATH\Boot.php(325): CodeIgniter\CodeIgniter->run()
 6 SYSTEMPATH\Boot.php(67): CodeIgniter\Boot::runCodeIgniter(Object(CodeIgniter\CodeIgniter))
 7 FCPATH\index.php(56): CodeIgniter\Boot::bootWeb(Object(Config\Paths))
CRITICAL - 2025-03-30 19:48:50 --> ErrorException: Undefined array key "registered_count"
[Method: POST, Route: updateOpenCount]
in APPPATH\Controllers\StudentController.php on line 260.
 1 APPPATH\Controllers\StudentController.php(260): CodeIgniter\Debug\Exceptions->errorHandler(2, 'Undefined array key "registered_count"', 'C:\\xampp\\htdocs\\tutorforhomeNew\\app\\Controllers\\StudentController.php', 260)
 2 SYSTEMPATH\CodeIgniter.php(933): App\Controllers\StudentController->updateOpenCount()
 3 SYSTEMPATH\CodeIgniter.php(509): CodeIgniter\CodeIgniter->runController(Object(App\Controllers\StudentController))
 4 SYSTEMPATH\CodeIgniter.php(355): CodeIgniter\CodeIgniter->handleRequest(null, Object(Config\Cache), false)
 5 SYSTEMPATH\Boot.php(325): CodeIgniter\CodeIgniter->run()
 6 SYSTEMPATH\Boot.php(67): CodeIgniter\Boot::runCodeIgniter(Object(CodeIgniter\CodeIgniter))
 7 FCPATH\index.php(56): CodeIgniter\Boot::bootWeb(Object(Config\Paths))
INFO - 2025-03-30 19:50:04 --> Session: Class initialized using 'CodeIgniter\Session\Handlers\FileHandler' driver.
DEBUG - 2025-03-30 19:50:07 --> updateOpenCount() เรียกใช้งาน
DEBUG - 2025-03-30 19:50:07 --> courseId: "11"
DEBUG - 2025-03-30 19:50:07 --> newOpenCount: "2"
CRITICAL - 2025-03-30 19:50:07 --> ErrorException: Undefined array key "registered_count"
[Method: POST, Route: updateOpenCount]
in APPPATH\Controllers\StudentController.php on line 263.
 1 APPPATH\Controllers\StudentController.php(263): CodeIgniter\Debug\Exceptions->errorHandler(2, 'Undefined array key "registered_count"', 'C:\\xampp\\htdocs\\tutorforhomeNew\\app\\Controllers\\StudentController.php', 263)
 2 SYSTEMPATH\CodeIgniter.php(933): App\Controllers\StudentController->updateOpenCount()
 3 SYSTEMPATH\CodeIgniter.php(509): CodeIgniter\CodeIgniter->runController(Object(App\Controllers\StudentController))
 4 SYSTEMPATH\CodeIgniter.php(355): CodeIgniter\CodeIgniter->handleRequest(null, Object(Config\Cache), false)
 5 SYSTEMPATH\Boot.php(325): CodeIgniter\CodeIgniter->run()
 6 SYSTEMPATH\Boot.php(67): CodeIgniter\Boot::runCodeIgniter(Object(CodeIgniter\CodeIgniter))
 7 FCPATH\index.php(56): CodeIgniter\Boot::bootWeb(Object(Config\Paths))
INFO - 2025-03-30 19:52:21 --> Session: Class initialized using 'CodeIgniter\Session\Handlers\FileHandler' driver.
CRITICAL - 2025-03-30 19:52:28 --> ErrorException: Undefined array key "registered_count"
[Method: POST, Route: updateOpenCount]
in APPPATH\Controllers\StudentController.php on line 260.
 1 APPPATH\Controllers\StudentController.php(260): CodeIgniter\Debug\Exceptions->errorHandler(2, 'Undefined array key "registered_count"', 'C:\\xampp\\htdocs\\tutorforhomeNew\\app\\Controllers\\StudentController.php', 260)
 2 SYSTEMPATH\CodeIgniter.php(933): App\Controllers\StudentController->updateOpenCount()
 3 SYSTEMPATH\CodeIgniter.php(509): CodeIgniter\CodeIgniter->runController(Object(App\Controllers\StudentController))
 4 SYSTEMPATH\CodeIgniter.php(355): CodeIgniter\CodeIgniter->handleRequest(null, Object(Config\Cache), false)
 5 SYSTEMPATH\Boot.php(325): CodeIgniter\CodeIgniter->run()
 6 SYSTEMPATH\Boot.php(67): CodeIgniter\Boot::runCodeIgniter(Object(CodeIgniter\CodeIgniter))
 7 FCPATH\index.php(56): CodeIgniter\Boot::bootWeb(Object(Config\Paths))
CRITICAL - 2025-03-30 19:52:29 --> ErrorException: Undefined array key "registered_count"
[Method: POST, Route: updateOpenCount]
in APPPATH\Controllers\StudentController.php on line 260.
 1 APPPATH\Controllers\StudentController.php(260): CodeIgniter\Debug\Exceptions->errorHandler(2, 'Undefined array key "registered_count"', 'C:\\xampp\\htdocs\\tutorforhomeNew\\app\\Controllers\\StudentController.php', 260)
 2 SYSTEMPATH\CodeIgniter.php(933): App\Controllers\StudentController->updateOpenCount()
 3 SYSTEMPATH\CodeIgniter.php(509): CodeIgniter\CodeIgniter->runController(Object(App\Controllers\StudentController))
 4 SYSTEMPATH\CodeIgniter.php(355): CodeIgniter\CodeIgniter->handleRequest(null, Object(Config\Cache), false)
 5 SYSTEMPATH\Boot.php(325): CodeIgniter\CodeIgniter->run()
 6 SYSTEMPATH\Boot.php(67): CodeIgniter\Boot::runCodeIgniter(Object(CodeIgniter\CodeIgniter))
 7 FCPATH\index.php(56): CodeIgniter\Boot::bootWeb(Object(Config\Paths))
INFO - 2025-03-30 19:52:46 --> Session: Class initialized using 'CodeIgniter\Session\Handlers\FileHandler' driver.
INFO - 2025-03-30 19:52:51 --> Session: Class initialized using 'CodeIgniter\Session\Handlers\FileHandler' driver.
INFO - 2025-03-30 19:55:21 --> Session: Class initialized using 'CodeIgniter\Session\Handlers\FileHandler' driver.
INFO - 2025-03-30 19:55:27 --> Session: Class initialized using 'CodeIgniter\Session\Handlers\FileHandler' driver.
INFO - 2025-03-30 19:55:33 --> Session: Class initialized using 'CodeIgniter\Session\Handlers\FileHandler' driver.
INFO - 2025-03-30 19:55:42 --> Session: Class initialized using 'CodeIgniter\Session\Handlers\FileHandler' driver.
INFO - 2025-03-30 19:56:39 --> Session: Class initialized using 'CodeIgniter\Session\Handlers\FileHandler' driver.
INFO - 2025-03-30 19:56:45 --> Session: Class initialized using 'CodeIgniter\Session\Handlers\FileHandler' driver.
INFO - 2025-03-30 19:56:53 --> Session: Class initialized using 'CodeIgniter\Session\Handlers\FileHandler' driver.
INFO - 2025-03-30 19:56:58 --> Session: Class initialized using 'CodeIgniter\Session\Handlers\FileHandler' driver.
INFO - 2025-03-30 19:57:01 --> Session: Class initialized using 'CodeIgniter\Session\Handlers\FileHandler' driver.
INFO - 2025-03-30 19:58:10 --> Session: Class initialized using 'CodeIgniter\Session\Handlers\FileHandler' driver.
INFO - 2025-03-30 19:58:16 --> Session: Class initialized using 'CodeIgniter\Session\Handlers\FileHandler' driver.
INFO - 2025-03-30 20:00:32 --> Session: Class initialized using 'CodeIgniter\Session\Handlers\FileHandler' driver.
INFO - 2025-03-30 20:00:57 --> Session: Class initialized using 'CodeIgniter\Session\Handlers\FileHandler' driver.
INFO - 2025-03-30 20:15:22 --> Session: Class initialized using 'CodeIgniter\Session\Handlers\FileHandler' driver.
INFO - 2025-03-30 20:15:48 --> Session: Class initialized using 'CodeIgniter\Session\Handlers\FileHandler' driver.
INFO - 2025-03-30 20:16:00 --> Session: Class initialized using 'CodeIgniter\Session\Handlers\FileHandler' driver.
INFO - 2025-03-30 20:16:10 --> Session: Class initialized using 'CodeIgniter\Session\Handlers\FileHandler' driver.
INFO - 2025-03-30 20:17:43 --> Session: Class initialized using 'CodeIgniter\Session\Handlers\FileHandler' driver.
INFO - 2025-03-30 20:17:52 --> Session: Class initialized using 'CodeIgniter\Session\Handlers\FileHandler' driver.
INFO - 2025-03-30 20:18:27 --> Session: Class initialized using 'CodeIgniter\Session\Handlers\FileHandler' driver.
