INFO - 2024-08-04 16:29:22 --> Session: Class initialized using 'CodeIgniter\Session\Handlers\FileHandler' driver.
INFO - 2024-08-04 16:29:38 --> Session: Class initialized using 'CodeIgniter\Session\Handlers\FileHandler' driver.
INFO - 2024-08-04 16:29:39 --> Session: Class initialized using 'CodeIgniter\Session\Handlers\FileHandler' driver.
INFO - 2024-08-04 16:29:44 --> Session: Class initialized using 'CodeIgniter\Session\Handlers\FileHandler' driver.
INFO - 2024-08-04 16:32:40 --> Session: Class initialized using 'CodeIgniter\Session\Handlers\FileHandler' driver.
INFO - 2024-08-04 16:36:38 --> Session: Class initialized using 'CodeIgniter\Session\Handlers\FileHandler' driver.
INFO - 2024-08-04 16:37:03 --> Session: Class initialized using 'CodeIgniter\Session\Handlers\FileHandler' driver.
INFO - 2024-08-04 16:43:22 --> Session: Class initialized using 'CodeIgniter\Session\Handlers\FileHandler' driver.
CRITICAL - 2024-08-04 16:43:22 --> ErrorException: Undefined variable $terms
[Method: GET, Route: dashboard]
in APPPATH\Views\dashboard.php on line 94.
 1 APPPATH\Views\dashboard.php(94): CodeIgniter\Debug\Exceptions->errorHandler(2, 'Undefined variable $terms', 'C:\\xampp\\htdocs\\tutorforhome\\app\\Views\\dashboard.php', 94)
 2 SYSTEMPATH\View\View.php(234): include('C:\\xampp\\htdocs\\tutorforhome\\app\\Views\\dashboard.php')
 3 SYSTEMPATH\View\View.php(237): CodeIgniter\View\View->CodeIgniter\View\{closure}()
 4 SYSTEMPATH\Common.php(1171): CodeIgniter\View\View->render('dashboard', [], true)
 5 APPPATH\Controllers\Dashboard.php(13): view('dashboard')
 6 SYSTEMPATH\CodeIgniter.php(933): App\Controllers\Dashboard->dashboard()
 7 SYSTEMPATH\CodeIgniter.php(509): CodeIgniter\CodeIgniter->runController(Object(App\Controllers\Dashboard))
 8 SYSTEMPATH\CodeIgniter.php(355): CodeIgniter\CodeIgniter->handleRequest(null, Object(Config\Cache), false)
 9 SYSTEMPATH\Boot.php(325): CodeIgniter\CodeIgniter->run()
10 SYSTEMPATH\Boot.php(67): CodeIgniter\Boot::runCodeIgniter(Object(CodeIgniter\CodeIgniter))
11 FCPATH\index.php(56): CodeIgniter\Boot::bootWeb(Object(Config\Paths))
INFO - 2024-08-04 16:47:28 --> Session: Class initialized using 'CodeIgniter\Session\Handlers\FileHandler' driver.
INFO - 2024-08-04 16:49:25 --> Session: Class initialized using 'CodeIgniter\Session\Handlers\FileHandler' driver.
INFO - 2024-08-04 16:53:08 --> Session: Class initialized using 'CodeIgniter\Session\Handlers\FileHandler' driver.
ERROR - 2024-08-04 16:53:09 --> mysqli_sql_exception: Table 'tutor_for_home.terms' doesn't exist in C:\xampp\htdocs\tutorforhome\system\Database\MySQLi\Connection.php:310
Stack trace:
#0 C:\xampp\htdocs\tutorforhome\system\Database\MySQLi\Connection.php(310): mysqli->query('SELECT *\nFROM `...', 0)
#1 C:\xampp\htdocs\tutorforhome\system\Database\BaseConnection.php(732): CodeIgniter\Database\MySQLi\Connection->execute('SELECT *\nFROM `...')
#2 C:\xampp\htdocs\tutorforhome\system\Database\BaseConnection.php(646): CodeIgniter\Database\BaseConnection->simpleQuery('SELECT *\nFROM `...')
#3 C:\xampp\htdocs\tutorforhome\system\Database\BaseBuilder.php(1637): CodeIgniter\Database\BaseConnection->query('SELECT *\nFROM `...', Array, false)
#4 C:\xampp\htdocs\tutorforhome\system\Model.php(286): CodeIgniter\Database\BaseBuilder->get()
#5 C:\xampp\htdocs\tutorforhome\system\BaseModel.php(676): CodeIgniter\Model->doFindAll(0, 0)
#6 C:\xampp\htdocs\tutorforhome\app\Controllers\Dashboard.php(25): CodeIgniter\BaseModel->findAll()
#7 C:\xampp\htdocs\tutorforhome\system\CodeIgniter.php(933): App\Controllers\Dashboard->dashboard()
#8 C:\xampp\htdocs\tutorforhome\system\CodeIgniter.php(509): CodeIgniter\CodeIgniter->runController(Object(App\Controllers\Dashboard))
#9 C:\xampp\htdocs\tutorforhome\system\CodeIgniter.php(355): CodeIgniter\CodeIgniter->handleRequest(NULL, Object(Config\Cache), false)
#10 C:\xampp\htdocs\tutorforhome\system\Boot.php(325): CodeIgniter\CodeIgniter->run()
#11 C:\xampp\htdocs\tutorforhome\system\Boot.php(67): CodeIgniter\Boot::runCodeIgniter(Object(CodeIgniter\CodeIgniter))
#12 C:\xampp\htdocs\tutorforhome\public\index.php(56): CodeIgniter\Boot::bootWeb(Object(Config\Paths))
#13 {main}
CRITICAL - 2024-08-04 16:53:09 --> CodeIgniter\Database\Exceptions\DatabaseException: Table 'tutor_for_home.terms' doesn't exist
[Method: GET, Route: dashboard]
in SYSTEMPATH\Database\BaseConnection.php on line 686.
 1 SYSTEMPATH\Database\BaseBuilder.php(1637): CodeIgniter\Database\BaseConnection->query('SELECT *
FROM `terms`', [], false)
 2 SYSTEMPATH\Model.php(286): CodeIgniter\Database\BaseBuilder->get()
 3 SYSTEMPATH\BaseModel.php(676): CodeIgniter\Model->doFindAll(0, 0)
 4 APPPATH\Controllers\Dashboard.php(25): CodeIgniter\BaseModel->findAll()
 5 SYSTEMPATH\CodeIgniter.php(933): App\Controllers\Dashboard->dashboard()
 6 SYSTEMPATH\CodeIgniter.php(509): CodeIgniter\CodeIgniter->runController(Object(App\Controllers\Dashboard))
 7 SYSTEMPATH\CodeIgniter.php(355): CodeIgniter\CodeIgniter->handleRequest(null, Object(Config\Cache), false)
 8 SYSTEMPATH\Boot.php(325): CodeIgniter\CodeIgniter->run()
 9 SYSTEMPATH\Boot.php(67): CodeIgniter\Boot::runCodeIgniter(Object(CodeIgniter\CodeIgniter))
10 FCPATH\index.php(56): CodeIgniter\Boot::bootWeb(Object(Config\Paths))
CRITICAL - 2024-08-04 16:53:09 --> [Caused by] CodeIgniter\Database\Exceptions\DatabaseException: Table 'tutor_for_home.terms' doesn't exist
in SYSTEMPATH\Database\MySQLi\Connection.php on line 315.
 1 SYSTEMPATH\Database\BaseConnection.php(732): CodeIgniter\Database\MySQLi\Connection->execute('SELECT *
FROM `terms`')
 2 SYSTEMPATH\Database\BaseConnection.php(646): CodeIgniter\Database\BaseConnection->simpleQuery('SELECT *
FROM `terms`')
 3 SYSTEMPATH\Database\BaseBuilder.php(1637): CodeIgniter\Database\BaseConnection->query('SELECT *
FROM `terms`', [], false)
 4 SYSTEMPATH\Model.php(286): CodeIgniter\Database\BaseBuilder->get()
 5 SYSTEMPATH\BaseModel.php(676): CodeIgniter\Model->doFindAll(0, 0)
 6 APPPATH\Controllers\Dashboard.php(25): CodeIgniter\BaseModel->findAll()
 7 SYSTEMPATH\CodeIgniter.php(933): App\Controllers\Dashboard->dashboard()
 8 SYSTEMPATH\CodeIgniter.php(509): CodeIgniter\CodeIgniter->runController(Object(App\Controllers\Dashboard))
 9 SYSTEMPATH\CodeIgniter.php(355): CodeIgniter\CodeIgniter->handleRequest(null, Object(Config\Cache), false)
10 SYSTEMPATH\Boot.php(325): CodeIgniter\CodeIgniter->run()
11 SYSTEMPATH\Boot.php(67): CodeIgniter\Boot::runCodeIgniter(Object(CodeIgniter\CodeIgniter))
12 FCPATH\index.php(56): CodeIgniter\Boot::bootWeb(Object(Config\Paths))
CRITICAL - 2024-08-04 16:53:09 --> [Caused by] mysqli_sql_exception: Table 'tutor_for_home.terms' doesn't exist
in SYSTEMPATH\Database\MySQLi\Connection.php on line 310.
 1 SYSTEMPATH\Database\MySQLi\Connection.php(310): mysqli->query('SELECT *
FROM `terms`', 0)
 2 SYSTEMPATH\Database\BaseConnection.php(732): CodeIgniter\Database\MySQLi\Connection->execute('SELECT *
FROM `terms`')
 3 SYSTEMPATH\Database\BaseConnection.php(646): CodeIgniter\Database\BaseConnection->simpleQuery('SELECT *
FROM `terms`')
 4 SYSTEMPATH\Database\BaseBuilder.php(1637): CodeIgniter\Database\BaseConnection->query('SELECT *
FROM `terms`', [], false)
 5 SYSTEMPATH\Model.php(286): CodeIgniter\Database\BaseBuilder->get()
 6 SYSTEMPATH\BaseModel.php(676): CodeIgniter\Model->doFindAll(0, 0)
 7 APPPATH\Controllers\Dashboard.php(25): CodeIgniter\BaseModel->findAll()
 8 SYSTEMPATH\CodeIgniter.php(933): App\Controllers\Dashboard->dashboard()
 9 SYSTEMPATH\CodeIgniter.php(509): CodeIgniter\CodeIgniter->runController(Object(App\Controllers\Dashboard))
10 SYSTEMPATH\CodeIgniter.php(355): CodeIgniter\CodeIgniter->handleRequest(null, Object(Config\Cache), false)
11 SYSTEMPATH\Boot.php(325): CodeIgniter\CodeIgniter->run()
12 SYSTEMPATH\Boot.php(67): CodeIgniter\Boot::runCodeIgniter(Object(CodeIgniter\CodeIgniter))
13 FCPATH\index.php(56): CodeIgniter\Boot::bootWeb(Object(Config\Paths))
INFO - 2024-08-04 16:55:11 --> Session: Class initialized using 'CodeIgniter\Session\Handlers\FileHandler' driver.
ERROR - 2024-08-04 16:55:11 --> mysqli_sql_exception: Table 'tutor_for_home.terms' doesn't exist in C:\xampp\htdocs\tutorforhome\system\Database\MySQLi\Connection.php:310
Stack trace:
#0 C:\xampp\htdocs\tutorforhome\system\Database\MySQLi\Connection.php(310): mysqli->query('SELECT *\nFROM `...', 0)
#1 C:\xampp\htdocs\tutorforhome\system\Database\BaseConnection.php(732): CodeIgniter\Database\MySQLi\Connection->execute('SELECT *\nFROM `...')
#2 C:\xampp\htdocs\tutorforhome\system\Database\BaseConnection.php(646): CodeIgniter\Database\BaseConnection->simpleQuery('SELECT *\nFROM `...')
#3 C:\xampp\htdocs\tutorforhome\system\Database\BaseBuilder.php(1637): CodeIgniter\Database\BaseConnection->query('SELECT *\nFROM `...', Array, false)
#4 C:\xampp\htdocs\tutorforhome\system\Model.php(286): CodeIgniter\Database\BaseBuilder->get()
#5 C:\xampp\htdocs\tutorforhome\system\BaseModel.php(676): CodeIgniter\Model->doFindAll(0, 0)
#6 C:\xampp\htdocs\tutorforhome\app\Controllers\Dashboard.php(25): CodeIgniter\BaseModel->findAll()
#7 C:\xampp\htdocs\tutorforhome\system\CodeIgniter.php(933): App\Controllers\Dashboard->dashboard()
#8 C:\xampp\htdocs\tutorforhome\system\CodeIgniter.php(509): CodeIgniter\CodeIgniter->runController(Object(App\Controllers\Dashboard))
#9 C:\xampp\htdocs\tutorforhome\system\CodeIgniter.php(355): CodeIgniter\CodeIgniter->handleRequest(NULL, Object(Config\Cache), false)
#10 C:\xampp\htdocs\tutorforhome\system\Boot.php(325): CodeIgniter\CodeIgniter->run()
#11 C:\xampp\htdocs\tutorforhome\system\Boot.php(67): CodeIgniter\Boot::runCodeIgniter(Object(CodeIgniter\CodeIgniter))
#12 C:\xampp\htdocs\tutorforhome\public\index.php(56): CodeIgniter\Boot::bootWeb(Object(Config\Paths))
#13 {main}
CRITICAL - 2024-08-04 16:55:11 --> CodeIgniter\Database\Exceptions\DatabaseException: Table 'tutor_for_home.terms' doesn't exist
[Method: GET, Route: dashboard]
in SYSTEMPATH\Database\BaseConnection.php on line 686.
 1 SYSTEMPATH\Database\BaseBuilder.php(1637): CodeIgniter\Database\BaseConnection->query('SELECT *
FROM `terms`', [], false)
 2 SYSTEMPATH\Model.php(286): CodeIgniter\Database\BaseBuilder->get()
 3 SYSTEMPATH\BaseModel.php(676): CodeIgniter\Model->doFindAll(0, 0)
 4 APPPATH\Controllers\Dashboard.php(25): CodeIgniter\BaseModel->findAll()
 5 SYSTEMPATH\CodeIgniter.php(933): App\Controllers\Dashboard->dashboard()
 6 SYSTEMPATH\CodeIgniter.php(509): CodeIgniter\CodeIgniter->runController(Object(App\Controllers\Dashboard))
 7 SYSTEMPATH\CodeIgniter.php(355): CodeIgniter\CodeIgniter->handleRequest(null, Object(Config\Cache), false)
 8 SYSTEMPATH\Boot.php(325): CodeIgniter\CodeIgniter->run()
 9 SYSTEMPATH\Boot.php(67): CodeIgniter\Boot::runCodeIgniter(Object(CodeIgniter\CodeIgniter))
10 FCPATH\index.php(56): CodeIgniter\Boot::bootWeb(Object(Config\Paths))
CRITICAL - 2024-08-04 16:55:11 --> [Caused by] CodeIgniter\Database\Exceptions\DatabaseException: Table 'tutor_for_home.terms' doesn't exist
in SYSTEMPATH\Database\MySQLi\Connection.php on line 315.
 1 SYSTEMPATH\Database\BaseConnection.php(732): CodeIgniter\Database\MySQLi\Connection->execute('SELECT *
FROM `terms`')
 2 SYSTEMPATH\Database\BaseConnection.php(646): CodeIgniter\Database\BaseConnection->simpleQuery('SELECT *
FROM `terms`')
 3 SYSTEMPATH\Database\BaseBuilder.php(1637): CodeIgniter\Database\BaseConnection->query('SELECT *
FROM `terms`', [], false)
 4 SYSTEMPATH\Model.php(286): CodeIgniter\Database\BaseBuilder->get()
 5 SYSTEMPATH\BaseModel.php(676): CodeIgniter\Model->doFindAll(0, 0)
 6 APPPATH\Controllers\Dashboard.php(25): CodeIgniter\BaseModel->findAll()
 7 SYSTEMPATH\CodeIgniter.php(933): App\Controllers\Dashboard->dashboard()
 8 SYSTEMPATH\CodeIgniter.php(509): CodeIgniter\CodeIgniter->runController(Object(App\Controllers\Dashboard))
 9 SYSTEMPATH\CodeIgniter.php(355): CodeIgniter\CodeIgniter->handleRequest(null, Object(Config\Cache), false)
10 SYSTEMPATH\Boot.php(325): CodeIgniter\CodeIgniter->run()
11 SYSTEMPATH\Boot.php(67): CodeIgniter\Boot::runCodeIgniter(Object(CodeIgniter\CodeIgniter))
12 FCPATH\index.php(56): CodeIgniter\Boot::bootWeb(Object(Config\Paths))
CRITICAL - 2024-08-04 16:55:11 --> [Caused by] mysqli_sql_exception: Table 'tutor_for_home.terms' doesn't exist
in SYSTEMPATH\Database\MySQLi\Connection.php on line 310.
 1 SYSTEMPATH\Database\MySQLi\Connection.php(310): mysqli->query('SELECT *
FROM `terms`', 0)
 2 SYSTEMPATH\Database\BaseConnection.php(732): CodeIgniter\Database\MySQLi\Connection->execute('SELECT *
FROM `terms`')
 3 SYSTEMPATH\Database\BaseConnection.php(646): CodeIgniter\Database\BaseConnection->simpleQuery('SELECT *
FROM `terms`')
 4 SYSTEMPATH\Database\BaseBuilder.php(1637): CodeIgniter\Database\BaseConnection->query('SELECT *
FROM `terms`', [], false)
 5 SYSTEMPATH\Model.php(286): CodeIgniter\Database\BaseBuilder->get()
 6 SYSTEMPATH\BaseModel.php(676): CodeIgniter\Model->doFindAll(0, 0)
 7 APPPATH\Controllers\Dashboard.php(25): CodeIgniter\BaseModel->findAll()
 8 SYSTEMPATH\CodeIgniter.php(933): App\Controllers\Dashboard->dashboard()
 9 SYSTEMPATH\CodeIgniter.php(509): CodeIgniter\CodeIgniter->runController(Object(App\Controllers\Dashboard))
10 SYSTEMPATH\CodeIgniter.php(355): CodeIgniter\CodeIgniter->handleRequest(null, Object(Config\Cache), false)
11 SYSTEMPATH\Boot.php(325): CodeIgniter\CodeIgniter->run()
12 SYSTEMPATH\Boot.php(67): CodeIgniter\Boot::runCodeIgniter(Object(CodeIgniter\CodeIgniter))
13 FCPATH\index.php(56): CodeIgniter\Boot::bootWeb(Object(Config\Paths))
INFO - 2024-08-04 16:59:06 --> Session: Class initialized using 'CodeIgniter\Session\Handlers\FileHandler' driver.
ERROR - 2024-08-04 16:59:07 --> mysqli_sql_exception: Table 'tutor_for_home.terms' doesn't exist in C:\xampp\htdocs\tutorforhome\system\Database\MySQLi\Connection.php:310
Stack trace:
#0 C:\xampp\htdocs\tutorforhome\system\Database\MySQLi\Connection.php(310): mysqli->query('SELECT *\nFROM `...', 0)
#1 C:\xampp\htdocs\tutorforhome\system\Database\BaseConnection.php(732): CodeIgniter\Database\MySQLi\Connection->execute('SELECT *\nFROM `...')
#2 C:\xampp\htdocs\tutorforhome\system\Database\BaseConnection.php(646): CodeIgniter\Database\BaseConnection->simpleQuery('SELECT *\nFROM `...')
#3 C:\xampp\htdocs\tutorforhome\system\Database\BaseBuilder.php(1637): CodeIgniter\Database\BaseConnection->query('SELECT *\nFROM `...', Array, false)
#4 C:\xampp\htdocs\tutorforhome\system\Model.php(286): CodeIgniter\Database\BaseBuilder->get()
#5 C:\xampp\htdocs\tutorforhome\system\BaseModel.php(676): CodeIgniter\Model->doFindAll(0, 0)
#6 C:\xampp\htdocs\tutorforhome\app\Controllers\Dashboard.php(25): CodeIgniter\BaseModel->findAll()
#7 C:\xampp\htdocs\tutorforhome\system\CodeIgniter.php(933): App\Controllers\Dashboard->dashboard()
#8 C:\xampp\htdocs\tutorforhome\system\CodeIgniter.php(509): CodeIgniter\CodeIgniter->runController(Object(App\Controllers\Dashboard))
#9 C:\xampp\htdocs\tutorforhome\system\CodeIgniter.php(355): CodeIgniter\CodeIgniter->handleRequest(NULL, Object(Config\Cache), false)
#10 C:\xampp\htdocs\tutorforhome\system\Boot.php(325): CodeIgniter\CodeIgniter->run()
#11 C:\xampp\htdocs\tutorforhome\system\Boot.php(67): CodeIgniter\Boot::runCodeIgniter(Object(CodeIgniter\CodeIgniter))
#12 C:\xampp\htdocs\tutorforhome\public\index.php(56): CodeIgniter\Boot::bootWeb(Object(Config\Paths))
#13 {main}
CRITICAL - 2024-08-04 16:59:07 --> CodeIgniter\Database\Exceptions\DatabaseException: Table 'tutor_for_home.terms' doesn't exist
[Method: GET, Route: dashboard]
in SYSTEMPATH\Database\BaseConnection.php on line 686.
 1 SYSTEMPATH\Database\BaseBuilder.php(1637): CodeIgniter\Database\BaseConnection->query('SELECT *
FROM `terms`', [], false)
 2 SYSTEMPATH\Model.php(286): CodeIgniter\Database\BaseBuilder->get()
 3 SYSTEMPATH\BaseModel.php(676): CodeIgniter\Model->doFindAll(0, 0)
 4 APPPATH\Controllers\Dashboard.php(25): CodeIgniter\BaseModel->findAll()
 5 SYSTEMPATH\CodeIgniter.php(933): App\Controllers\Dashboard->dashboard()
 6 SYSTEMPATH\CodeIgniter.php(509): CodeIgniter\CodeIgniter->runController(Object(App\Controllers\Dashboard))
 7 SYSTEMPATH\CodeIgniter.php(355): CodeIgniter\CodeIgniter->handleRequest(null, Object(Config\Cache), false)
 8 SYSTEMPATH\Boot.php(325): CodeIgniter\CodeIgniter->run()
 9 SYSTEMPATH\Boot.php(67): CodeIgniter\Boot::runCodeIgniter(Object(CodeIgniter\CodeIgniter))
10 FCPATH\index.php(56): CodeIgniter\Boot::bootWeb(Object(Config\Paths))
CRITICAL - 2024-08-04 16:59:07 --> [Caused by] CodeIgniter\Database\Exceptions\DatabaseException: Table 'tutor_for_home.terms' doesn't exist
in SYSTEMPATH\Database\MySQLi\Connection.php on line 315.
 1 SYSTEMPATH\Database\BaseConnection.php(732): CodeIgniter\Database\MySQLi\Connection->execute('SELECT *
FROM `terms`')
 2 SYSTEMPATH\Database\BaseConnection.php(646): CodeIgniter\Database\BaseConnection->simpleQuery('SELECT *
FROM `terms`')
 3 SYSTEMPATH\Database\BaseBuilder.php(1637): CodeIgniter\Database\BaseConnection->query('SELECT *
FROM `terms`', [], false)
 4 SYSTEMPATH\Model.php(286): CodeIgniter\Database\BaseBuilder->get()
 5 SYSTEMPATH\BaseModel.php(676): CodeIgniter\Model->doFindAll(0, 0)
 6 APPPATH\Controllers\Dashboard.php(25): CodeIgniter\BaseModel->findAll()
 7 SYSTEMPATH\CodeIgniter.php(933): App\Controllers\Dashboard->dashboard()
 8 SYSTEMPATH\CodeIgniter.php(509): CodeIgniter\CodeIgniter->runController(Object(App\Controllers\Dashboard))
 9 SYSTEMPATH\CodeIgniter.php(355): CodeIgniter\CodeIgniter->handleRequest(null, Object(Config\Cache), false)
10 SYSTEMPATH\Boot.php(325): CodeIgniter\CodeIgniter->run()
11 SYSTEMPATH\Boot.php(67): CodeIgniter\Boot::runCodeIgniter(Object(CodeIgniter\CodeIgniter))
12 FCPATH\index.php(56): CodeIgniter\Boot::bootWeb(Object(Config\Paths))
CRITICAL - 2024-08-04 16:59:07 --> [Caused by] mysqli_sql_exception: Table 'tutor_for_home.terms' doesn't exist
in SYSTEMPATH\Database\MySQLi\Connection.php on line 310.
 1 SYSTEMPATH\Database\MySQLi\Connection.php(310): mysqli->query('SELECT *
FROM `terms`', 0)
 2 SYSTEMPATH\Database\BaseConnection.php(732): CodeIgniter\Database\MySQLi\Connection->execute('SELECT *
FROM `terms`')
 3 SYSTEMPATH\Database\BaseConnection.php(646): CodeIgniter\Database\BaseConnection->simpleQuery('SELECT *
FROM `terms`')
 4 SYSTEMPATH\Database\BaseBuilder.php(1637): CodeIgniter\Database\BaseConnection->query('SELECT *
FROM `terms`', [], false)
 5 SYSTEMPATH\Model.php(286): CodeIgniter\Database\BaseBuilder->get()
 6 SYSTEMPATH\BaseModel.php(676): CodeIgniter\Model->doFindAll(0, 0)
 7 APPPATH\Controllers\Dashboard.php(25): CodeIgniter\BaseModel->findAll()
 8 SYSTEMPATH\CodeIgniter.php(933): App\Controllers\Dashboard->dashboard()
 9 SYSTEMPATH\CodeIgniter.php(509): CodeIgniter\CodeIgniter->runController(Object(App\Controllers\Dashboard))
10 SYSTEMPATH\CodeIgniter.php(355): CodeIgniter\CodeIgniter->handleRequest(null, Object(Config\Cache), false)
11 SYSTEMPATH\Boot.php(325): CodeIgniter\CodeIgniter->run()
12 SYSTEMPATH\Boot.php(67): CodeIgniter\Boot::runCodeIgniter(Object(CodeIgniter\CodeIgniter))
13 FCPATH\index.php(56): CodeIgniter\Boot::bootWeb(Object(Config\Paths))
INFO - 2024-08-04 16:59:32 --> Session: Class initialized using 'CodeIgniter\Session\Handlers\FileHandler' driver.
ERROR - 2024-08-04 16:59:32 --> mysqli_sql_exception: Table 'tutor_for_home.terms' doesn't exist in C:\xampp\htdocs\tutorforhome\system\Database\MySQLi\Connection.php:310
Stack trace:
#0 C:\xampp\htdocs\tutorforhome\system\Database\MySQLi\Connection.php(310): mysqli->query('SELECT *\nFROM `...', 0)
#1 C:\xampp\htdocs\tutorforhome\system\Database\BaseConnection.php(732): CodeIgniter\Database\MySQLi\Connection->execute('SELECT *\nFROM `...')
#2 C:\xampp\htdocs\tutorforhome\system\Database\BaseConnection.php(646): CodeIgniter\Database\BaseConnection->simpleQuery('SELECT *\nFROM `...')
#3 C:\xampp\htdocs\tutorforhome\system\Database\BaseBuilder.php(1637): CodeIgniter\Database\BaseConnection->query('SELECT *\nFROM `...', Array, false)
#4 C:\xampp\htdocs\tutorforhome\system\Model.php(286): CodeIgniter\Database\BaseBuilder->get()
#5 C:\xampp\htdocs\tutorforhome\system\BaseModel.php(676): CodeIgniter\Model->doFindAll(0, 0)
#6 C:\xampp\htdocs\tutorforhome\app\Controllers\Dashboard.php(25): CodeIgniter\BaseModel->findAll()
#7 C:\xampp\htdocs\tutorforhome\system\CodeIgniter.php(933): App\Controllers\Dashboard->dashboard()
#8 C:\xampp\htdocs\tutorforhome\system\CodeIgniter.php(509): CodeIgniter\CodeIgniter->runController(Object(App\Controllers\Dashboard))
#9 C:\xampp\htdocs\tutorforhome\system\CodeIgniter.php(355): CodeIgniter\CodeIgniter->handleRequest(NULL, Object(Config\Cache), false)
#10 C:\xampp\htdocs\tutorforhome\system\Boot.php(325): CodeIgniter\CodeIgniter->run()
#11 C:\xampp\htdocs\tutorforhome\system\Boot.php(67): CodeIgniter\Boot::runCodeIgniter(Object(CodeIgniter\CodeIgniter))
#12 C:\xampp\htdocs\tutorforhome\public\index.php(56): CodeIgniter\Boot::bootWeb(Object(Config\Paths))
#13 {main}
CRITICAL - 2024-08-04 16:59:32 --> CodeIgniter\Database\Exceptions\DatabaseException: Table 'tutor_for_home.terms' doesn't exist
[Method: GET, Route: dashboard]
in SYSTEMPATH\Database\BaseConnection.php on line 686.
 1 SYSTEMPATH\Database\BaseBuilder.php(1637): CodeIgniter\Database\BaseConnection->query('SELECT *
FROM `terms`', [], false)
 2 SYSTEMPATH\Model.php(286): CodeIgniter\Database\BaseBuilder->get()
 3 SYSTEMPATH\BaseModel.php(676): CodeIgniter\Model->doFindAll(0, 0)
 4 APPPATH\Controllers\Dashboard.php(25): CodeIgniter\BaseModel->findAll()
 5 SYSTEMPATH\CodeIgniter.php(933): App\Controllers\Dashboard->dashboard()
 6 SYSTEMPATH\CodeIgniter.php(509): CodeIgniter\CodeIgniter->runController(Object(App\Controllers\Dashboard))
 7 SYSTEMPATH\CodeIgniter.php(355): CodeIgniter\CodeIgniter->handleRequest(null, Object(Config\Cache), false)
 8 SYSTEMPATH\Boot.php(325): CodeIgniter\CodeIgniter->run()
 9 SYSTEMPATH\Boot.php(67): CodeIgniter\Boot::runCodeIgniter(Object(CodeIgniter\CodeIgniter))
10 FCPATH\index.php(56): CodeIgniter\Boot::bootWeb(Object(Config\Paths))
CRITICAL - 2024-08-04 16:59:32 --> [Caused by] CodeIgniter\Database\Exceptions\DatabaseException: Table 'tutor_for_home.terms' doesn't exist
in SYSTEMPATH\Database\MySQLi\Connection.php on line 315.
 1 SYSTEMPATH\Database\BaseConnection.php(732): CodeIgniter\Database\MySQLi\Connection->execute('SELECT *
FROM `terms`')
 2 SYSTEMPATH\Database\BaseConnection.php(646): CodeIgniter\Database\BaseConnection->simpleQuery('SELECT *
FROM `terms`')
 3 SYSTEMPATH\Database\BaseBuilder.php(1637): CodeIgniter\Database\BaseConnection->query('SELECT *
FROM `terms`', [], false)
 4 SYSTEMPATH\Model.php(286): CodeIgniter\Database\BaseBuilder->get()
 5 SYSTEMPATH\BaseModel.php(676): CodeIgniter\Model->doFindAll(0, 0)
 6 APPPATH\Controllers\Dashboard.php(25): CodeIgniter\BaseModel->findAll()
 7 SYSTEMPATH\CodeIgniter.php(933): App\Controllers\Dashboard->dashboard()
 8 SYSTEMPATH\CodeIgniter.php(509): CodeIgniter\CodeIgniter->runController(Object(App\Controllers\Dashboard))
 9 SYSTEMPATH\CodeIgniter.php(355): CodeIgniter\CodeIgniter->handleRequest(null, Object(Config\Cache), false)
10 SYSTEMPATH\Boot.php(325): CodeIgniter\CodeIgniter->run()
11 SYSTEMPATH\Boot.php(67): CodeIgniter\Boot::runCodeIgniter(Object(CodeIgniter\CodeIgniter))
12 FCPATH\index.php(56): CodeIgniter\Boot::bootWeb(Object(Config\Paths))
CRITICAL - 2024-08-04 16:59:32 --> [Caused by] mysqli_sql_exception: Table 'tutor_for_home.terms' doesn't exist
in SYSTEMPATH\Database\MySQLi\Connection.php on line 310.
 1 SYSTEMPATH\Database\MySQLi\Connection.php(310): mysqli->query('SELECT *
FROM `terms`', 0)
 2 SYSTEMPATH\Database\BaseConnection.php(732): CodeIgniter\Database\MySQLi\Connection->execute('SELECT *
FROM `terms`')
 3 SYSTEMPATH\Database\BaseConnection.php(646): CodeIgniter\Database\BaseConnection->simpleQuery('SELECT *
FROM `terms`')
 4 SYSTEMPATH\Database\BaseBuilder.php(1637): CodeIgniter\Database\BaseConnection->query('SELECT *
FROM `terms`', [], false)
 5 SYSTEMPATH\Model.php(286): CodeIgniter\Database\BaseBuilder->get()
 6 SYSTEMPATH\BaseModel.php(676): CodeIgniter\Model->doFindAll(0, 0)
 7 APPPATH\Controllers\Dashboard.php(25): CodeIgniter\BaseModel->findAll()
 8 SYSTEMPATH\CodeIgniter.php(933): App\Controllers\Dashboard->dashboard()
 9 SYSTEMPATH\CodeIgniter.php(509): CodeIgniter\CodeIgniter->runController(Object(App\Controllers\Dashboard))
10 SYSTEMPATH\CodeIgniter.php(355): CodeIgniter\CodeIgniter->handleRequest(null, Object(Config\Cache), false)
11 SYSTEMPATH\Boot.php(325): CodeIgniter\CodeIgniter->run()
12 SYSTEMPATH\Boot.php(67): CodeIgniter\Boot::runCodeIgniter(Object(CodeIgniter\CodeIgniter))
13 FCPATH\index.php(56): CodeIgniter\Boot::bootWeb(Object(Config\Paths))
INFO - 2024-08-04 17:01:35 --> Session: Class initialized using 'CodeIgniter\Session\Handlers\FileHandler' driver.
ERROR - 2024-08-04 17:01:35 --> mysqli_sql_exception: Table 'tutor_for_home.terms' doesn't exist in C:\xampp\htdocs\tutorforhome\system\Database\MySQLi\Connection.php:310
Stack trace:
#0 C:\xampp\htdocs\tutorforhome\system\Database\MySQLi\Connection.php(310): mysqli->query('SELECT *\nFROM `...', 0)
#1 C:\xampp\htdocs\tutorforhome\system\Database\BaseConnection.php(732): CodeIgniter\Database\MySQLi\Connection->execute('SELECT *\nFROM `...')
#2 C:\xampp\htdocs\tutorforhome\system\Database\BaseConnection.php(646): CodeIgniter\Database\BaseConnection->simpleQuery('SELECT *\nFROM `...')
#3 C:\xampp\htdocs\tutorforhome\system\Database\BaseBuilder.php(1637): CodeIgniter\Database\BaseConnection->query('SELECT *\nFROM `...', Array, false)
#4 C:\xampp\htdocs\tutorforhome\system\Model.php(286): CodeIgniter\Database\BaseBuilder->get()
#5 C:\xampp\htdocs\tutorforhome\system\BaseModel.php(676): CodeIgniter\Model->doFindAll(0, 0)
#6 C:\xampp\htdocs\tutorforhome\app\Controllers\Dashboard.php(25): CodeIgniter\BaseModel->findAll()
#7 C:\xampp\htdocs\tutorforhome\system\CodeIgniter.php(933): App\Controllers\Dashboard->dashboard()
#8 C:\xampp\htdocs\tutorforhome\system\CodeIgniter.php(509): CodeIgniter\CodeIgniter->runController(Object(App\Controllers\Dashboard))
#9 C:\xampp\htdocs\tutorforhome\system\CodeIgniter.php(355): CodeIgniter\CodeIgniter->handleRequest(NULL, Object(Config\Cache), false)
#10 C:\xampp\htdocs\tutorforhome\system\Boot.php(325): CodeIgniter\CodeIgniter->run()
#11 C:\xampp\htdocs\tutorforhome\system\Boot.php(67): CodeIgniter\Boot::runCodeIgniter(Object(CodeIgniter\CodeIgniter))
#12 C:\xampp\htdocs\tutorforhome\public\index.php(56): CodeIgniter\Boot::bootWeb(Object(Config\Paths))
#13 {main}
CRITICAL - 2024-08-04 17:01:35 --> CodeIgniter\Database\Exceptions\DatabaseException: Table 'tutor_for_home.terms' doesn't exist
[Method: GET, Route: dashboard]
in SYSTEMPATH\Database\BaseConnection.php on line 686.
 1 SYSTEMPATH\Database\BaseBuilder.php(1637): CodeIgniter\Database\BaseConnection->query('SELECT *
FROM `terms`', [], false)
 2 SYSTEMPATH\Model.php(286): CodeIgniter\Database\BaseBuilder->get()
 3 SYSTEMPATH\BaseModel.php(676): CodeIgniter\Model->doFindAll(0, 0)
 4 APPPATH\Controllers\Dashboard.php(25): CodeIgniter\BaseModel->findAll()
 5 SYSTEMPATH\CodeIgniter.php(933): App\Controllers\Dashboard->dashboard()
 6 SYSTEMPATH\CodeIgniter.php(509): CodeIgniter\CodeIgniter->runController(Object(App\Controllers\Dashboard))
 7 SYSTEMPATH\CodeIgniter.php(355): CodeIgniter\CodeIgniter->handleRequest(null, Object(Config\Cache), false)
 8 SYSTEMPATH\Boot.php(325): CodeIgniter\CodeIgniter->run()
 9 SYSTEMPATH\Boot.php(67): CodeIgniter\Boot::runCodeIgniter(Object(CodeIgniter\CodeIgniter))
10 FCPATH\index.php(56): CodeIgniter\Boot::bootWeb(Object(Config\Paths))
CRITICAL - 2024-08-04 17:01:35 --> [Caused by] CodeIgniter\Database\Exceptions\DatabaseException: Table 'tutor_for_home.terms' doesn't exist
in SYSTEMPATH\Database\MySQLi\Connection.php on line 315.
 1 SYSTEMPATH\Database\BaseConnection.php(732): CodeIgniter\Database\MySQLi\Connection->execute('SELECT *
FROM `terms`')
 2 SYSTEMPATH\Database\BaseConnection.php(646): CodeIgniter\Database\BaseConnection->simpleQuery('SELECT *
FROM `terms`')
 3 SYSTEMPATH\Database\BaseBuilder.php(1637): CodeIgniter\Database\BaseConnection->query('SELECT *
FROM `terms`', [], false)
 4 SYSTEMPATH\Model.php(286): CodeIgniter\Database\BaseBuilder->get()
 5 SYSTEMPATH\BaseModel.php(676): CodeIgniter\Model->doFindAll(0, 0)
 6 APPPATH\Controllers\Dashboard.php(25): CodeIgniter\BaseModel->findAll()
 7 SYSTEMPATH\CodeIgniter.php(933): App\Controllers\Dashboard->dashboard()
 8 SYSTEMPATH\CodeIgniter.php(509): CodeIgniter\CodeIgniter->runController(Object(App\Controllers\Dashboard))
 9 SYSTEMPATH\CodeIgniter.php(355): CodeIgniter\CodeIgniter->handleRequest(null, Object(Config\Cache), false)
10 SYSTEMPATH\Boot.php(325): CodeIgniter\CodeIgniter->run()
11 SYSTEMPATH\Boot.php(67): CodeIgniter\Boot::runCodeIgniter(Object(CodeIgniter\CodeIgniter))
12 FCPATH\index.php(56): CodeIgniter\Boot::bootWeb(Object(Config\Paths))
CRITICAL - 2024-08-04 17:01:35 --> [Caused by] mysqli_sql_exception: Table 'tutor_for_home.terms' doesn't exist
in SYSTEMPATH\Database\MySQLi\Connection.php on line 310.
 1 SYSTEMPATH\Database\MySQLi\Connection.php(310): mysqli->query('SELECT *
FROM `terms`', 0)
 2 SYSTEMPATH\Database\BaseConnection.php(732): CodeIgniter\Database\MySQLi\Connection->execute('SELECT *
FROM `terms`')
 3 SYSTEMPATH\Database\BaseConnection.php(646): CodeIgniter\Database\BaseConnection->simpleQuery('SELECT *
FROM `terms`')
 4 SYSTEMPATH\Database\BaseBuilder.php(1637): CodeIgniter\Database\BaseConnection->query('SELECT *
FROM `terms`', [], false)
 5 SYSTEMPATH\Model.php(286): CodeIgniter\Database\BaseBuilder->get()
 6 SYSTEMPATH\BaseModel.php(676): CodeIgniter\Model->doFindAll(0, 0)
 7 APPPATH\Controllers\Dashboard.php(25): CodeIgniter\BaseModel->findAll()
 8 SYSTEMPATH\CodeIgniter.php(933): App\Controllers\Dashboard->dashboard()
 9 SYSTEMPATH\CodeIgniter.php(509): CodeIgniter\CodeIgniter->runController(Object(App\Controllers\Dashboard))
10 SYSTEMPATH\CodeIgniter.php(355): CodeIgniter\CodeIgniter->handleRequest(null, Object(Config\Cache), false)
11 SYSTEMPATH\Boot.php(325): CodeIgniter\CodeIgniter->run()
12 SYSTEMPATH\Boot.php(67): CodeIgniter\Boot::runCodeIgniter(Object(CodeIgniter\CodeIgniter))
13 FCPATH\index.php(56): CodeIgniter\Boot::bootWeb(Object(Config\Paths))
INFO - 2024-08-04 17:02:40 --> Session: Class initialized using 'CodeIgniter\Session\Handlers\FileHandler' driver.
CRITICAL - 2024-08-04 17:02:40 --> ErrorException: Undefined variable $terms
[Method: GET, Route: dashboard]
in APPPATH\Views\dashboard.php on line 68.
 1 APPPATH\Views\dashboard.php(68): CodeIgniter\Debug\Exceptions->errorHandler(2, 'Undefined variable $terms', 'C:\\xampp\\htdocs\\tutorforhome\\app\\Views\\dashboard.php', 68)
 2 SYSTEMPATH\View\View.php(234): include('C:\\xampp\\htdocs\\tutorforhome\\app\\Views\\dashboard.php')
 3 SYSTEMPATH\View\View.php(237): CodeIgniter\View\View->CodeIgniter\View\{closure}()
 4 SYSTEMPATH\Common.php(1171): CodeIgniter\View\View->render('dashboard', [], true)
 5 APPPATH\Controllers\Dashboard.php(13): view('dashboard')
 6 SYSTEMPATH\CodeIgniter.php(933): App\Controllers\Dashboard->dashboard()
 7 SYSTEMPATH\CodeIgniter.php(509): CodeIgniter\CodeIgniter->runController(Object(App\Controllers\Dashboard))
 8 SYSTEMPATH\CodeIgniter.php(355): CodeIgniter\CodeIgniter->handleRequest(null, Object(Config\Cache), false)
 9 SYSTEMPATH\Boot.php(325): CodeIgniter\CodeIgniter->run()
10 SYSTEMPATH\Boot.php(67): CodeIgniter\Boot::runCodeIgniter(Object(CodeIgniter\CodeIgniter))
11 FCPATH\index.php(56): CodeIgniter\Boot::bootWeb(Object(Config\Paths))
INFO - 2024-08-04 17:03:22 --> Session: Class initialized using 'CodeIgniter\Session\Handlers\FileHandler' driver.
INFO - 2024-08-04 17:07:26 --> Session: Class initialized using 'CodeIgniter\Session\Handlers\FileHandler' driver.
INFO - 2024-08-04 17:10:18 --> Session: Class initialized using 'CodeIgniter\Session\Handlers\FileHandler' driver.
INFO - 2024-08-04 17:10:57 --> Session: Class initialized using 'CodeIgniter\Session\Handlers\FileHandler' driver.
INFO - 2024-08-04 17:15:58 --> Session: Class initialized using 'CodeIgniter\Session\Handlers\FileHandler' driver.
INFO - 2024-08-04 17:17:44 --> Session: Class initialized using 'CodeIgniter\Session\Handlers\FileHandler' driver.
INFO - 2024-08-04 17:20:59 --> Session: Class initialized using 'CodeIgniter\Session\Handlers\FileHandler' driver.
INFO - 2024-08-04 17:23:43 --> Session: Class initialized using 'CodeIgniter\Session\Handlers\FileHandler' driver.
INFO - 2024-08-04 17:25:36 --> Session: Class initialized using 'CodeIgniter\Session\Handlers\FileHandler' driver.
INFO - 2024-08-04 17:26:08 --> Session: Class initialized using 'CodeIgniter\Session\Handlers\FileHandler' driver.
INFO - 2024-08-04 17:26:35 --> Session: Class initialized using 'CodeIgniter\Session\Handlers\FileHandler' driver.
INFO - 2024-08-04 17:26:52 --> Session: Class initialized using 'CodeIgniter\Session\Handlers\FileHandler' driver.
INFO - 2024-08-04 17:28:06 --> Session: Class initialized using 'CodeIgniter\Session\Handlers\FileHandler' driver.
INFO - 2024-08-04 17:28:15 --> Session: Class initialized using 'CodeIgniter\Session\Handlers\FileHandler' driver.
INFO - 2024-08-04 17:30:33 --> Session: Class initialized using 'CodeIgniter\Session\Handlers\FileHandler' driver.
INFO - 2024-08-04 17:31:21 --> Session: Class initialized using 'CodeIgniter\Session\Handlers\FileHandler' driver.
INFO - 2024-08-04 17:31:23 --> Session: Class initialized using 'CodeIgniter\Session\Handlers\FileHandler' driver.
INFO - 2024-08-04 17:32:33 --> Session: Class initialized using 'CodeIgniter\Session\Handlers\FileHandler' driver.
INFO - 2024-08-04 17:33:11 --> Session: Class initialized using 'CodeIgniter\Session\Handlers\FileHandler' driver.
INFO - 2024-08-04 17:38:09 --> Session: Class initialized using 'CodeIgniter\Session\Handlers\FileHandler' driver.
INFO - 2024-08-04 17:38:17 --> Session: Class initialized using 'CodeIgniter\Session\Handlers\FileHandler' driver.
INFO - 2024-08-04 17:38:25 --> Session: Class initialized using 'CodeIgniter\Session\Handlers\FileHandler' driver.
INFO - 2024-08-04 17:40:40 --> Session: Class initialized using 'CodeIgniter\Session\Handlers\FileHandler' driver.
INFO - 2024-08-04 17:40:50 --> Session: Class initialized using 'CodeIgniter\Session\Handlers\FileHandler' driver.
INFO - 2024-08-04 17:44:28 --> Session: Class initialized using 'CodeIgniter\Session\Handlers\FileHandler' driver.
INFO - 2024-08-04 17:45:21 --> Session: Class initialized using 'CodeIgniter\Session\Handlers\FileHandler' driver.
INFO - 2024-08-04 17:45:28 --> Session: Class initialized using 'CodeIgniter\Session\Handlers\FileHandler' driver.
INFO - 2024-08-04 17:47:12 --> Session: Class initialized using 'CodeIgniter\Session\Handlers\FileHandler' driver.
INFO - 2024-08-04 17:47:21 --> Session: Class initialized using 'CodeIgniter\Session\Handlers\FileHandler' driver.
INFO - 2024-08-04 17:50:03 --> Session: Class initialized using 'CodeIgniter\Session\Handlers\FileHandler' driver.
INFO - 2024-08-04 17:51:05 --> Session: Class initialized using 'CodeIgniter\Session\Handlers\FileHandler' driver.
INFO - 2024-08-04 17:52:26 --> Session: Class initialized using 'CodeIgniter\Session\Handlers\FileHandler' driver.
INFO - 2024-08-04 17:57:50 --> Session: Class initialized using 'CodeIgniter\Session\Handlers\FileHandler' driver.
INFO - 2024-08-04 17:58:44 --> Session: Class initialized using 'CodeIgniter\Session\Handlers\FileHandler' driver.
INFO - 2024-08-04 17:59:17 --> Session: Class initialized using 'CodeIgniter\Session\Handlers\FileHandler' driver.
INFO - 2024-08-04 18:01:10 --> Session: Class initialized using 'CodeIgniter\Session\Handlers\FileHandler' driver.
INFO - 2024-08-04 18:05:16 --> Session: Class initialized using 'CodeIgniter\Session\Handlers\FileHandler' driver.
INFO - 2024-08-04 18:05:19 --> Session: Class initialized using 'CodeIgniter\Session\Handlers\FileHandler' driver.
INFO - 2024-08-04 18:05:20 --> Session: Class initialized using 'CodeIgniter\Session\Handlers\FileHandler' driver.
INFO - 2024-08-04 18:05:21 --> Session: Class initialized using 'CodeIgniter\Session\Handlers\FileHandler' driver.
INFO - 2024-08-04 18:05:48 --> Session: Class initialized using 'CodeIgniter\Session\Handlers\FileHandler' driver.
INFO - 2024-08-04 18:07:28 --> Session: Class initialized using 'CodeIgniter\Session\Handlers\FileHandler' driver.
INFO - 2024-08-04 18:10:45 --> Session: Class initialized using 'CodeIgniter\Session\Handlers\FileHandler' driver.
ERROR - 2024-08-04 18:10:53 --> mysqli_sql_exception: Table 'tutor_for_home.terms' doesn't exist in C:\xampp\htdocs\tutorforhome\system\Database\MySQLi\Connection.php:310
Stack trace:
#0 C:\xampp\htdocs\tutorforhome\system\Database\MySQLi\Connection.php(310): mysqli->query('TRUNCATE `terms...', 0)
#1 C:\xampp\htdocs\tutorforhome\system\Database\BaseConnection.php(732): CodeIgniter\Database\MySQLi\Connection->execute('TRUNCATE `terms...')
#2 C:\xampp\htdocs\tutorforhome\system\Database\BaseConnection.php(646): CodeIgniter\Database\BaseConnection->simpleQuery('TRUNCATE `terms...')
#3 C:\xampp\htdocs\tutorforhome\system\Database\BaseBuilder.php(2761): CodeIgniter\Database\BaseConnection->query('TRUNCATE `terms...', NULL, false)
#4 C:\xampp\htdocs\tutorforhome\system\Model.php(930): CodeIgniter\Database\BaseBuilder->truncate()
#5 C:\xampp\htdocs\tutorforhome\app\Controllers\Dashboard.php(29): CodeIgniter\Model->__call('truncate', Array)
#6 C:\xampp\htdocs\tutorforhome\system\CodeIgniter.php(933): App\Controllers\Dashboard->saveterm()
#7 C:\xampp\htdocs\tutorforhome\system\CodeIgniter.php(509): CodeIgniter\CodeIgniter->runController(Object(App\Controllers\Dashboard))
#8 C:\xampp\htdocs\tutorforhome\system\CodeIgniter.php(355): CodeIgniter\CodeIgniter->handleRequest(NULL, Object(Config\Cache), false)
#9 C:\xampp\htdocs\tutorforhome\system\Boot.php(325): CodeIgniter\CodeIgniter->run()
#10 C:\xampp\htdocs\tutorforhome\system\Boot.php(67): CodeIgniter\Boot::runCodeIgniter(Object(CodeIgniter\CodeIgniter))
#11 C:\xampp\htdocs\tutorforhome\public\index.php(56): CodeIgniter\Boot::bootWeb(Object(Config\Paths))
#12 {main}
CRITICAL - 2024-08-04 18:10:53 --> CodeIgniter\Database\Exceptions\DatabaseException: Table 'tutor_for_home.terms' doesn't exist
[Method: POST, Route: dashboard/saveterm]
in SYSTEMPATH\Database\BaseConnection.php on line 686.
 1 SYSTEMPATH\Database\BaseBuilder.php(2761): CodeIgniter\Database\BaseConnection->query('TRUNCATE `terms`', null, false)
 2 SYSTEMPATH\Model.php(930): CodeIgniter\Database\BaseBuilder->truncate()
 3 APPPATH\Controllers\Dashboard.php(29): CodeIgniter\Model->__call('truncate', [])
 4 SYSTEMPATH\CodeIgniter.php(933): App\Controllers\Dashboard->saveterm()
 5 SYSTEMPATH\CodeIgniter.php(509): CodeIgniter\CodeIgniter->runController(Object(App\Controllers\Dashboard))
 6 SYSTEMPATH\CodeIgniter.php(355): CodeIgniter\CodeIgniter->handleRequest(null, Object(Config\Cache), false)
 7 SYSTEMPATH\Boot.php(325): CodeIgniter\CodeIgniter->run()
 8 SYSTEMPATH\Boot.php(67): CodeIgniter\Boot::runCodeIgniter(Object(CodeIgniter\CodeIgniter))
 9 FCPATH\index.php(56): CodeIgniter\Boot::bootWeb(Object(Config\Paths))
CRITICAL - 2024-08-04 18:10:53 --> [Caused by] CodeIgniter\Database\Exceptions\DatabaseException: Table 'tutor_for_home.terms' doesn't exist
in SYSTEMPATH\Database\MySQLi\Connection.php on line 315.
 1 SYSTEMPATH\Database\BaseConnection.php(732): CodeIgniter\Database\MySQLi\Connection->execute('TRUNCATE `terms`')
 2 SYSTEMPATH\Database\BaseConnection.php(646): CodeIgniter\Database\BaseConnection->simpleQuery('TRUNCATE `terms`')
 3 SYSTEMPATH\Database\BaseBuilder.php(2761): CodeIgniter\Database\BaseConnection->query('TRUNCATE `terms`', null, false)
 4 SYSTEMPATH\Model.php(930): CodeIgniter\Database\BaseBuilder->truncate()
 5 APPPATH\Controllers\Dashboard.php(29): CodeIgniter\Model->__call('truncate', [])
 6 SYSTEMPATH\CodeIgniter.php(933): App\Controllers\Dashboard->saveterm()
 7 SYSTEMPATH\CodeIgniter.php(509): CodeIgniter\CodeIgniter->runController(Object(App\Controllers\Dashboard))
 8 SYSTEMPATH\CodeIgniter.php(355): CodeIgniter\CodeIgniter->handleRequest(null, Object(Config\Cache), false)
 9 SYSTEMPATH\Boot.php(325): CodeIgniter\CodeIgniter->run()
10 SYSTEMPATH\Boot.php(67): CodeIgniter\Boot::runCodeIgniter(Object(CodeIgniter\CodeIgniter))
11 FCPATH\index.php(56): CodeIgniter\Boot::bootWeb(Object(Config\Paths))
CRITICAL - 2024-08-04 18:10:53 --> [Caused by] mysqli_sql_exception: Table 'tutor_for_home.terms' doesn't exist
in SYSTEMPATH\Database\MySQLi\Connection.php on line 310.
 1 SYSTEMPATH\Database\MySQLi\Connection.php(310): mysqli->query('TRUNCATE `terms`', 0)
 2 SYSTEMPATH\Database\BaseConnection.php(732): CodeIgniter\Database\MySQLi\Connection->execute('TRUNCATE `terms`')
 3 SYSTEMPATH\Database\BaseConnection.php(646): CodeIgniter\Database\BaseConnection->simpleQuery('TRUNCATE `terms`')
 4 SYSTEMPATH\Database\BaseBuilder.php(2761): CodeIgniter\Database\BaseConnection->query('TRUNCATE `terms`', null, false)
 5 SYSTEMPATH\Model.php(930): CodeIgniter\Database\BaseBuilder->truncate()
 6 APPPATH\Controllers\Dashboard.php(29): CodeIgniter\Model->__call('truncate', [])
 7 SYSTEMPATH\CodeIgniter.php(933): App\Controllers\Dashboard->saveterm()
 8 SYSTEMPATH\CodeIgniter.php(509): CodeIgniter\CodeIgniter->runController(Object(App\Controllers\Dashboard))
 9 SYSTEMPATH\CodeIgniter.php(355): CodeIgniter\CodeIgniter->handleRequest(null, Object(Config\Cache), false)
10 SYSTEMPATH\Boot.php(325): CodeIgniter\CodeIgniter->run()
11 SYSTEMPATH\Boot.php(67): CodeIgniter\Boot::runCodeIgniter(Object(CodeIgniter\CodeIgniter))
12 FCPATH\index.php(56): CodeIgniter\Boot::bootWeb(Object(Config\Paths))
INFO - 2024-08-04 18:13:07 --> Session: Class initialized using 'CodeIgniter\Session\Handlers\FileHandler' driver.
INFO - 2024-08-04 18:13:12 --> Session: Class initialized using 'CodeIgniter\Session\Handlers\FileHandler' driver.
ERROR - 2024-08-04 18:13:18 --> mysqli_sql_exception: Table 'tutor_for_home.terms' doesn't exist in C:\xampp\htdocs\tutorforhome\system\Database\MySQLi\Connection.php:310
Stack trace:
#0 C:\xampp\htdocs\tutorforhome\system\Database\MySQLi\Connection.php(310): mysqli->query('TRUNCATE `terms...', 0)
#1 C:\xampp\htdocs\tutorforhome\system\Database\BaseConnection.php(732): CodeIgniter\Database\MySQLi\Connection->execute('TRUNCATE `terms...')
#2 C:\xampp\htdocs\tutorforhome\system\Database\BaseConnection.php(646): CodeIgniter\Database\BaseConnection->simpleQuery('TRUNCATE `terms...')
#3 C:\xampp\htdocs\tutorforhome\system\Database\BaseBuilder.php(2761): CodeIgniter\Database\BaseConnection->query('TRUNCATE `terms...', NULL, false)
#4 C:\xampp\htdocs\tutorforhome\system\Model.php(930): CodeIgniter\Database\BaseBuilder->truncate()
#5 C:\xampp\htdocs\tutorforhome\app\Controllers\Dashboard.php(29): CodeIgniter\Model->__call('truncate', Array)
#6 C:\xampp\htdocs\tutorforhome\system\CodeIgniter.php(933): App\Controllers\Dashboard->saveterm()
#7 C:\xampp\htdocs\tutorforhome\system\CodeIgniter.php(509): CodeIgniter\CodeIgniter->runController(Object(App\Controllers\Dashboard))
#8 C:\xampp\htdocs\tutorforhome\system\CodeIgniter.php(355): CodeIgniter\CodeIgniter->handleRequest(NULL, Object(Config\Cache), false)
#9 C:\xampp\htdocs\tutorforhome\system\Boot.php(325): CodeIgniter\CodeIgniter->run()
#10 C:\xampp\htdocs\tutorforhome\system\Boot.php(67): CodeIgniter\Boot::runCodeIgniter(Object(CodeIgniter\CodeIgniter))
#11 C:\xampp\htdocs\tutorforhome\public\index.php(56): CodeIgniter\Boot::bootWeb(Object(Config\Paths))
#12 {main}
CRITICAL - 2024-08-04 18:13:18 --> CodeIgniter\Database\Exceptions\DatabaseException: Table 'tutor_for_home.terms' doesn't exist
[Method: POST, Route: dashboard/saveterm]
in SYSTEMPATH\Database\BaseConnection.php on line 686.
 1 SYSTEMPATH\Database\BaseBuilder.php(2761): CodeIgniter\Database\BaseConnection->query('TRUNCATE `terms`', null, false)
 2 SYSTEMPATH\Model.php(930): CodeIgniter\Database\BaseBuilder->truncate()
 3 APPPATH\Controllers\Dashboard.php(29): CodeIgniter\Model->__call('truncate', [])
 4 SYSTEMPATH\CodeIgniter.php(933): App\Controllers\Dashboard->saveterm()
 5 SYSTEMPATH\CodeIgniter.php(509): CodeIgniter\CodeIgniter->runController(Object(App\Controllers\Dashboard))
 6 SYSTEMPATH\CodeIgniter.php(355): CodeIgniter\CodeIgniter->handleRequest(null, Object(Config\Cache), false)
 7 SYSTEMPATH\Boot.php(325): CodeIgniter\CodeIgniter->run()
 8 SYSTEMPATH\Boot.php(67): CodeIgniter\Boot::runCodeIgniter(Object(CodeIgniter\CodeIgniter))
 9 FCPATH\index.php(56): CodeIgniter\Boot::bootWeb(Object(Config\Paths))
CRITICAL - 2024-08-04 18:13:18 --> [Caused by] CodeIgniter\Database\Exceptions\DatabaseException: Table 'tutor_for_home.terms' doesn't exist
in SYSTEMPATH\Database\MySQLi\Connection.php on line 315.
 1 SYSTEMPATH\Database\BaseConnection.php(732): CodeIgniter\Database\MySQLi\Connection->execute('TRUNCATE `terms`')
 2 SYSTEMPATH\Database\BaseConnection.php(646): CodeIgniter\Database\BaseConnection->simpleQuery('TRUNCATE `terms`')
 3 SYSTEMPATH\Database\BaseBuilder.php(2761): CodeIgniter\Database\BaseConnection->query('TRUNCATE `terms`', null, false)
 4 SYSTEMPATH\Model.php(930): CodeIgniter\Database\BaseBuilder->truncate()
 5 APPPATH\Controllers\Dashboard.php(29): CodeIgniter\Model->__call('truncate', [])
 6 SYSTEMPATH\CodeIgniter.php(933): App\Controllers\Dashboard->saveterm()
 7 SYSTEMPATH\CodeIgniter.php(509): CodeIgniter\CodeIgniter->runController(Object(App\Controllers\Dashboard))
 8 SYSTEMPATH\CodeIgniter.php(355): CodeIgniter\CodeIgniter->handleRequest(null, Object(Config\Cache), false)
 9 SYSTEMPATH\Boot.php(325): CodeIgniter\CodeIgniter->run()
10 SYSTEMPATH\Boot.php(67): CodeIgniter\Boot::runCodeIgniter(Object(CodeIgniter\CodeIgniter))
11 FCPATH\index.php(56): CodeIgniter\Boot::bootWeb(Object(Config\Paths))
CRITICAL - 2024-08-04 18:13:18 --> [Caused by] mysqli_sql_exception: Table 'tutor_for_home.terms' doesn't exist
in SYSTEMPATH\Database\MySQLi\Connection.php on line 310.
 1 SYSTEMPATH\Database\MySQLi\Connection.php(310): mysqli->query('TRUNCATE `terms`', 0)
 2 SYSTEMPATH\Database\BaseConnection.php(732): CodeIgniter\Database\MySQLi\Connection->execute('TRUNCATE `terms`')
 3 SYSTEMPATH\Database\BaseConnection.php(646): CodeIgniter\Database\BaseConnection->simpleQuery('TRUNCATE `terms`')
 4 SYSTEMPATH\Database\BaseBuilder.php(2761): CodeIgniter\Database\BaseConnection->query('TRUNCATE `terms`', null, false)
 5 SYSTEMPATH\Model.php(930): CodeIgniter\Database\BaseBuilder->truncate()
 6 APPPATH\Controllers\Dashboard.php(29): CodeIgniter\Model->__call('truncate', [])
 7 SYSTEMPATH\CodeIgniter.php(933): App\Controllers\Dashboard->saveterm()
 8 SYSTEMPATH\CodeIgniter.php(509): CodeIgniter\CodeIgniter->runController(Object(App\Controllers\Dashboard))
 9 SYSTEMPATH\CodeIgniter.php(355): CodeIgniter\CodeIgniter->handleRequest(null, Object(Config\Cache), false)
10 SYSTEMPATH\Boot.php(325): CodeIgniter\CodeIgniter->run()
11 SYSTEMPATH\Boot.php(67): CodeIgniter\Boot::runCodeIgniter(Object(CodeIgniter\CodeIgniter))
12 FCPATH\index.php(56): CodeIgniter\Boot::bootWeb(Object(Config\Paths))
INFO - 2024-08-04 18:15:17 --> Session: Class initialized using 'CodeIgniter\Session\Handlers\FileHandler' driver.
CRITICAL - 2024-08-04 18:15:22 --> CodeIgniter\Database\Exceptions\DataException: There is no data to insert.
[Method: POST, Route: dashboard/saveterm]
in SYSTEMPATH\BaseModel.php on line 826.
 1 SYSTEMPATH\BaseModel.php(826): CodeIgniter\Database\Exceptions\DataException::forEmptyDataset('insert')
 2 SYSTEMPATH\Model.php(802): CodeIgniter\BaseModel->insert([], true)
 3 APPPATH\Controllers\Dashboard.php(40): CodeIgniter\Model->insert([...])
 4 SYSTEMPATH\CodeIgniter.php(933): App\Controllers\Dashboard->saveterm()
 5 SYSTEMPATH\CodeIgniter.php(509): CodeIgniter\CodeIgniter->runController(Object(App\Controllers\Dashboard))
 6 SYSTEMPATH\CodeIgniter.php(355): CodeIgniter\CodeIgniter->handleRequest(null, Object(Config\Cache), false)
 7 SYSTEMPATH\Boot.php(325): CodeIgniter\CodeIgniter->run()
 8 SYSTEMPATH\Boot.php(67): CodeIgniter\Boot::runCodeIgniter(Object(CodeIgniter\CodeIgniter))
 9 FCPATH\index.php(56): CodeIgniter\Boot::bootWeb(Object(Config\Paths))
INFO - 2024-08-04 18:19:04 --> Session: Class initialized using 'CodeIgniter\Session\Handlers\FileHandler' driver.
INFO - 2024-08-04 18:19:28 --> Session: Class initialized using 'CodeIgniter\Session\Handlers\FileHandler' driver.
INFO - 2024-08-04 18:19:28 --> Session: Class initialized using 'CodeIgniter\Session\Handlers\FileHandler' driver.
INFO - 2024-08-04 18:19:36 --> Session: Class initialized using 'CodeIgniter\Session\Handlers\FileHandler' driver.
INFO - 2024-08-04 18:19:36 --> Session: Class initialized using 'CodeIgniter\Session\Handlers\FileHandler' driver.
INFO - 2024-08-04 18:23:09 --> Session: Class initialized using 'CodeIgniter\Session\Handlers\FileHandler' driver.
INFO - 2024-08-04 18:23:17 --> Session: Class initialized using 'CodeIgniter\Session\Handlers\FileHandler' driver.
INFO - 2024-08-04 18:23:22 --> Session: Class initialized using 'CodeIgniter\Session\Handlers\FileHandler' driver.
INFO - 2024-08-04 18:24:21 --> Session: Class initialized using 'CodeIgniter\Session\Handlers\FileHandler' driver.
INFO - 2024-08-04 18:24:26 --> Session: Class initialized using 'CodeIgniter\Session\Handlers\FileHandler' driver.
INFO - 2024-08-04 18:26:03 --> Session: Class initialized using 'CodeIgniter\Session\Handlers\FileHandler' driver.
INFO - 2024-08-04 18:26:09 --> Session: Class initialized using 'CodeIgniter\Session\Handlers\FileHandler' driver.
INFO - 2024-08-04 18:26:19 --> Session: Class initialized using 'CodeIgniter\Session\Handlers\FileHandler' driver.
INFO - 2024-08-04 18:26:57 --> Session: Class initialized using 'CodeIgniter\Session\Handlers\FileHandler' driver.
INFO - 2024-08-04 18:28:34 --> Session: Class initialized using 'CodeIgniter\Session\Handlers\FileHandler' driver.
INFO - 2024-08-04 18:32:08 --> Session: Class initialized using 'CodeIgniter\Session\Handlers\FileHandler' driver.
INFO - 2024-08-04 18:32:25 --> Received term_list_data: 
ERROR - 2024-08-04 18:32:25 --> Failed to insert term: 
INFO - 2024-08-04 18:32:25 --> Session: Class initialized using 'CodeIgniter\Session\Handlers\FileHandler' driver.
INFO - 2024-08-04 18:32:29 --> Received term_list_data: 
ERROR - 2024-08-04 18:32:29 --> Failed to insert term: 
INFO - 2024-08-04 18:32:29 --> Session: Class initialized using 'CodeIgniter\Session\Handlers\FileHandler' driver.
INFO - 2024-08-04 18:34:26 --> Session: Class initialized using 'CodeIgniter\Session\Handlers\FileHandler' driver.
INFO - 2024-08-04 18:34:31 --> Received term_list_data: 
ERROR - 2024-08-04 18:34:31 --> Failed to insert term: 
INFO - 2024-08-04 18:34:31 --> Session: Class initialized using 'CodeIgniter\Session\Handlers\FileHandler' driver.
INFO - 2024-08-04 18:37:05 --> Session: Class initialized using 'CodeIgniter\Session\Handlers\FileHandler' driver.
INFO - 2024-08-04 18:37:11 --> Received term_list_data: fffffddd
ERROR - 2024-08-04 18:37:11 --> Failed to insert term: fffffddd
INFO - 2024-08-04 18:37:11 --> Session: Class initialized using 'CodeIgniter\Session\Handlers\FileHandler' driver.
INFO - 2024-08-04 18:37:52 --> Session: Class initialized using 'CodeIgniter\Session\Handlers\FileHandler' driver.
INFO - 2024-08-04 18:37:58 --> Received term_list_data: 
ERROR - 2024-08-04 18:37:58 --> Failed to insert term: 
INFO - 2024-08-04 18:37:58 --> Session: Class initialized using 'CodeIgniter\Session\Handlers\FileHandler' driver.
INFO - 2024-08-04 18:41:51 --> Session: Class initialized using 'CodeIgniter\Session\Handlers\FileHandler' driver.
ERROR - 2024-08-04 18:45:24 --> Failed to insert term: ssss
ERROR - 2024-08-04 18:50:48 --> Failed to insert term: fffffddd
ERROR - 2024-08-04 18:51:44 --> Failed to insert term: fffffddd
ERROR - 2024-08-04 18:51:44 --> mysqli_sql_exception: Duplicate entry 'fffffddd' for key 'PRIMARY' in C:\xampp\htdocs\tutorforhome\system\Database\MySQLi\Connection.php:310
Stack trace:
#0 C:\xampp\htdocs\tutorforhome\system\Database\MySQLi\Connection.php(310): mysqli->query('INSERT INTO `te...', 0)
#1 C:\xampp\htdocs\tutorforhome\system\Database\BaseConnection.php(732): CodeIgniter\Database\MySQLi\Connection->execute('INSERT INTO `te...')
#2 C:\xampp\htdocs\tutorforhome\system\Database\BaseConnection.php(646): CodeIgniter\Database\BaseConnection->simpleQuery('INSERT INTO `te...')
#3 C:\xampp\htdocs\tutorforhome\system\Database\BaseBuilder.php(2333): CodeIgniter\Database\BaseConnection->query('INSERT INTO `te...', Array, false)
#4 C:\xampp\htdocs\tutorforhome\system\Model.php(394): CodeIgniter\Database\BaseBuilder->insert()
#5 C:\xampp\htdocs\tutorforhome\system\BaseModel.php(840): CodeIgniter\Model->doInsert(Array)
#6 C:\xampp\htdocs\tutorforhome\system\Model.php(802): CodeIgniter\BaseModel->insert(Array, true)
#7 C:\xampp\htdocs\tutorforhome\app\Controllers\Dashboard.php(39): CodeIgniter\Model->insert(Array)
#8 C:\xampp\htdocs\tutorforhome\system\CodeIgniter.php(933): App\Controllers\Dashboard->saveterm()
#9 C:\xampp\htdocs\tutorforhome\system\CodeIgniter.php(509): CodeIgniter\CodeIgniter->runController(Object(App\Controllers\Dashboard))
#10 C:\xampp\htdocs\tutorforhome\system\CodeIgniter.php(355): CodeIgniter\CodeIgniter->handleRequest(NULL, Object(Config\Cache), false)
#11 C:\xampp\htdocs\tutorforhome\system\Boot.php(325): CodeIgniter\CodeIgniter->run()
#12 C:\xampp\htdocs\tutorforhome\system\Boot.php(67): CodeIgniter\Boot::runCodeIgniter(Object(CodeIgniter\CodeIgniter))
#13 C:\xampp\htdocs\tutorforhome\public\index.php(56): CodeIgniter\Boot::bootWeb(Object(Config\Paths))
#14 {main}
CRITICAL - 2024-08-04 18:51:44 --> CodeIgniter\Database\Exceptions\DatabaseException: Duplicate entry 'fffffddd' for key 'PRIMARY'
[Method: POST, Route: dashboard/saveterm]
in SYSTEMPATH\Database\BaseConnection.php on line 686.
 1 SYSTEMPATH\Database\BaseBuilder.php(2333): CodeIgniter\Database\BaseConnection->query('INSERT INTO `term_course` (`Term_name`) VALUES (:Term_name:)', [...], false)
 2 SYSTEMPATH\Model.php(394): CodeIgniter\Database\BaseBuilder->insert()
 3 SYSTEMPATH\BaseModel.php(840): CodeIgniter\Model->doInsert([...])
 4 SYSTEMPATH\Model.php(802): CodeIgniter\BaseModel->insert([...], true)
 5 APPPATH\Controllers\Dashboard.php(39): CodeIgniter\Model->insert([...])
 6 SYSTEMPATH\CodeIgniter.php(933): App\Controllers\Dashboard->saveterm()
 7 SYSTEMPATH\CodeIgniter.php(509): CodeIgniter\CodeIgniter->runController(Object(App\Controllers\Dashboard))
 8 SYSTEMPATH\CodeIgniter.php(355): CodeIgniter\CodeIgniter->handleRequest(null, Object(Config\Cache), false)
 9 SYSTEMPATH\Boot.php(325): CodeIgniter\CodeIgniter->run()
10 SYSTEMPATH\Boot.php(67): CodeIgniter\Boot::runCodeIgniter(Object(CodeIgniter\CodeIgniter))
11 FCPATH\index.php(56): CodeIgniter\Boot::bootWeb(Object(Config\Paths))
CRITICAL - 2024-08-04 18:51:44 --> [Caused by] CodeIgniter\Database\Exceptions\DatabaseException: Duplicate entry 'fffffddd' for key 'PRIMARY'
in SYSTEMPATH\Database\MySQLi\Connection.php on line 315.
 1 SYSTEMPATH\Database\BaseConnection.php(732): CodeIgniter\Database\MySQLi\Connection->execute('INSERT INTO `term_course` (`Term_name`) VALUES (\'fffffddd\')')
 2 SYSTEMPATH\Database\BaseConnection.php(646): CodeIgniter\Database\BaseConnection->simpleQuery('INSERT INTO `term_course` (`Term_name`) VALUES (\'fffffddd\')')
 3 SYSTEMPATH\Database\BaseBuilder.php(2333): CodeIgniter\Database\BaseConnection->query('INSERT INTO `term_course` (`Term_name`) VALUES (:Term_name:)', [...], false)
 4 SYSTEMPATH\Model.php(394): CodeIgniter\Database\BaseBuilder->insert()
 5 SYSTEMPATH\BaseModel.php(840): CodeIgniter\Model->doInsert([...])
 6 SYSTEMPATH\Model.php(802): CodeIgniter\BaseModel->insert([...], true)
 7 APPPATH\Controllers\Dashboard.php(39): CodeIgniter\Model->insert([...])
 8 SYSTEMPATH\CodeIgniter.php(933): App\Controllers\Dashboard->saveterm()
 9 SYSTEMPATH\CodeIgniter.php(509): CodeIgniter\CodeIgniter->runController(Object(App\Controllers\Dashboard))
10 SYSTEMPATH\CodeIgniter.php(355): CodeIgniter\CodeIgniter->handleRequest(null, Object(Config\Cache), false)
11 SYSTEMPATH\Boot.php(325): CodeIgniter\CodeIgniter->run()
12 SYSTEMPATH\Boot.php(67): CodeIgniter\Boot::runCodeIgniter(Object(CodeIgniter\CodeIgniter))
13 FCPATH\index.php(56): CodeIgniter\Boot::bootWeb(Object(Config\Paths))
CRITICAL - 2024-08-04 18:51:44 --> [Caused by] mysqli_sql_exception: Duplicate entry 'fffffddd' for key 'PRIMARY'
in SYSTEMPATH\Database\MySQLi\Connection.php on line 310.
 1 SYSTEMPATH\Database\MySQLi\Connection.php(310): mysqli->query('INSERT INTO `term_course` (`Term_name`) VALUES (\'fffffddd\')', 0)
 2 SYSTEMPATH\Database\BaseConnection.php(732): CodeIgniter\Database\MySQLi\Connection->execute('INSERT INTO `term_course` (`Term_name`) VALUES (\'fffffddd\')')
 3 SYSTEMPATH\Database\BaseConnection.php(646): CodeIgniter\Database\BaseConnection->simpleQuery('INSERT INTO `term_course` (`Term_name`) VALUES (\'fffffddd\')')
 4 SYSTEMPATH\Database\BaseBuilder.php(2333): CodeIgniter\Database\BaseConnection->query('INSERT INTO `term_course` (`Term_name`) VALUES (:Term_name:)', [...], false)
 5 SYSTEMPATH\Model.php(394): CodeIgniter\Database\BaseBuilder->insert()
 6 SYSTEMPATH\BaseModel.php(840): CodeIgniter\Model->doInsert([...])
 7 SYSTEMPATH\Model.php(802): CodeIgniter\BaseModel->insert([...], true)
 8 APPPATH\Controllers\Dashboard.php(39): CodeIgniter\Model->insert([...])
 9 SYSTEMPATH\CodeIgniter.php(933): App\Controllers\Dashboard->saveterm()
10 SYSTEMPATH\CodeIgniter.php(509): CodeIgniter\CodeIgniter->runController(Object(App\Controllers\Dashboard))
11 SYSTEMPATH\CodeIgniter.php(355): CodeIgniter\CodeIgniter->handleRequest(null, Object(Config\Cache), false)
12 SYSTEMPATH\Boot.php(325): CodeIgniter\CodeIgniter->run()
13 SYSTEMPATH\Boot.php(67): CodeIgniter\Boot::runCodeIgniter(Object(CodeIgniter\CodeIgniter))
14 FCPATH\index.php(56): CodeIgniter\Boot::bootWeb(Object(Config\Paths))
ERROR - 2024-08-04 18:52:11 --> Failed to insert term: fffffddd
ERROR - 2024-08-04 18:52:11 --> Failed to insert term: 
ERROR - 2024-08-04 18:52:11 --> mysqli_sql_exception: Duplicate entry '' for key 'PRIMARY' in C:\xampp\htdocs\tutorforhome\system\Database\MySQLi\Connection.php:310
Stack trace:
#0 C:\xampp\htdocs\tutorforhome\system\Database\MySQLi\Connection.php(310): mysqli->query('INSERT INTO `te...', 0)
#1 C:\xampp\htdocs\tutorforhome\system\Database\BaseConnection.php(732): CodeIgniter\Database\MySQLi\Connection->execute('INSERT INTO `te...')
#2 C:\xampp\htdocs\tutorforhome\system\Database\BaseConnection.php(646): CodeIgniter\Database\BaseConnection->simpleQuery('INSERT INTO `te...')
#3 C:\xampp\htdocs\tutorforhome\system\Database\BaseBuilder.php(2333): CodeIgniter\Database\BaseConnection->query('INSERT INTO `te...', Array, false)
#4 C:\xampp\htdocs\tutorforhome\system\Model.php(394): CodeIgniter\Database\BaseBuilder->insert()
#5 C:\xampp\htdocs\tutorforhome\system\BaseModel.php(840): CodeIgniter\Model->doInsert(Array)
#6 C:\xampp\htdocs\tutorforhome\system\Model.php(802): CodeIgniter\BaseModel->insert(Array, true)
#7 C:\xampp\htdocs\tutorforhome\app\Controllers\Dashboard.php(39): CodeIgniter\Model->insert(Array)
#8 C:\xampp\htdocs\tutorforhome\system\CodeIgniter.php(933): App\Controllers\Dashboard->saveterm()
#9 C:\xampp\htdocs\tutorforhome\system\CodeIgniter.php(509): CodeIgniter\CodeIgniter->runController(Object(App\Controllers\Dashboard))
#10 C:\xampp\htdocs\tutorforhome\system\CodeIgniter.php(355): CodeIgniter\CodeIgniter->handleRequest(NULL, Object(Config\Cache), false)
#11 C:\xampp\htdocs\tutorforhome\system\Boot.php(325): CodeIgniter\CodeIgniter->run()
#12 C:\xampp\htdocs\tutorforhome\system\Boot.php(67): CodeIgniter\Boot::runCodeIgniter(Object(CodeIgniter\CodeIgniter))
#13 C:\xampp\htdocs\tutorforhome\public\index.php(56): CodeIgniter\Boot::bootWeb(Object(Config\Paths))
#14 {main}
CRITICAL - 2024-08-04 18:52:11 --> CodeIgniter\Database\Exceptions\DatabaseException: Duplicate entry '' for key 'PRIMARY'
[Method: POST, Route: dashboard/saveterm]
in SYSTEMPATH\Database\BaseConnection.php on line 686.
 1 SYSTEMPATH\Database\BaseBuilder.php(2333): CodeIgniter\Database\BaseConnection->query('INSERT INTO `term_course` (`Term_name`) VALUES (:Term_name:)', [...], false)
 2 SYSTEMPATH\Model.php(394): CodeIgniter\Database\BaseBuilder->insert()
 3 SYSTEMPATH\BaseModel.php(840): CodeIgniter\Model->doInsert([...])
 4 SYSTEMPATH\Model.php(802): CodeIgniter\BaseModel->insert([...], true)
 5 APPPATH\Controllers\Dashboard.php(39): CodeIgniter\Model->insert([...])
 6 SYSTEMPATH\CodeIgniter.php(933): App\Controllers\Dashboard->saveterm()
 7 SYSTEMPATH\CodeIgniter.php(509): CodeIgniter\CodeIgniter->runController(Object(App\Controllers\Dashboard))
 8 SYSTEMPATH\CodeIgniter.php(355): CodeIgniter\CodeIgniter->handleRequest(null, Object(Config\Cache), false)
 9 SYSTEMPATH\Boot.php(325): CodeIgniter\CodeIgniter->run()
10 SYSTEMPATH\Boot.php(67): CodeIgniter\Boot::runCodeIgniter(Object(CodeIgniter\CodeIgniter))
11 FCPATH\index.php(56): CodeIgniter\Boot::bootWeb(Object(Config\Paths))
CRITICAL - 2024-08-04 18:52:11 --> [Caused by] CodeIgniter\Database\Exceptions\DatabaseException: Duplicate entry '' for key 'PRIMARY'
in SYSTEMPATH\Database\MySQLi\Connection.php on line 315.
 1 SYSTEMPATH\Database\BaseConnection.php(732): CodeIgniter\Database\MySQLi\Connection->execute('INSERT INTO `term_course` (`Term_name`) VALUES (\'\')')
 2 SYSTEMPATH\Database\BaseConnection.php(646): CodeIgniter\Database\BaseConnection->simpleQuery('INSERT INTO `term_course` (`Term_name`) VALUES (\'\')')
 3 SYSTEMPATH\Database\BaseBuilder.php(2333): CodeIgniter\Database\BaseConnection->query('INSERT INTO `term_course` (`Term_name`) VALUES (:Term_name:)', [...], false)
 4 SYSTEMPATH\Model.php(394): CodeIgniter\Database\BaseBuilder->insert()
 5 SYSTEMPATH\BaseModel.php(840): CodeIgniter\Model->doInsert([...])
 6 SYSTEMPATH\Model.php(802): CodeIgniter\BaseModel->insert([...], true)
 7 APPPATH\Controllers\Dashboard.php(39): CodeIgniter\Model->insert([...])
 8 SYSTEMPATH\CodeIgniter.php(933): App\Controllers\Dashboard->saveterm()
 9 SYSTEMPATH\CodeIgniter.php(509): CodeIgniter\CodeIgniter->runController(Object(App\Controllers\Dashboard))
10 SYSTEMPATH\CodeIgniter.php(355): CodeIgniter\CodeIgniter->handleRequest(null, Object(Config\Cache), false)
11 SYSTEMPATH\Boot.php(325): CodeIgniter\CodeIgniter->run()
12 SYSTEMPATH\Boot.php(67): CodeIgniter\Boot::runCodeIgniter(Object(CodeIgniter\CodeIgniter))
13 FCPATH\index.php(56): CodeIgniter\Boot::bootWeb(Object(Config\Paths))
CRITICAL - 2024-08-04 18:52:11 --> [Caused by] mysqli_sql_exception: Duplicate entry '' for key 'PRIMARY'
in SYSTEMPATH\Database\MySQLi\Connection.php on line 310.
 1 SYSTEMPATH\Database\MySQLi\Connection.php(310): mysqli->query('INSERT INTO `term_course` (`Term_name`) VALUES (\'\')', 0)
 2 SYSTEMPATH\Database\BaseConnection.php(732): CodeIgniter\Database\MySQLi\Connection->execute('INSERT INTO `term_course` (`Term_name`) VALUES (\'\')')
 3 SYSTEMPATH\Database\BaseConnection.php(646): CodeIgniter\Database\BaseConnection->simpleQuery('INSERT INTO `term_course` (`Term_name`) VALUES (\'\')')
 4 SYSTEMPATH\Database\BaseBuilder.php(2333): CodeIgniter\Database\BaseConnection->query('INSERT INTO `term_course` (`Term_name`) VALUES (:Term_name:)', [...], false)
 5 SYSTEMPATH\Model.php(394): CodeIgniter\Database\BaseBuilder->insert()
 6 SYSTEMPATH\BaseModel.php(840): CodeIgniter\Model->doInsert([...])
 7 SYSTEMPATH\Model.php(802): CodeIgniter\BaseModel->insert([...], true)
 8 APPPATH\Controllers\Dashboard.php(39): CodeIgniter\Model->insert([...])
 9 SYSTEMPATH\CodeIgniter.php(933): App\Controllers\Dashboard->saveterm()
10 SYSTEMPATH\CodeIgniter.php(509): CodeIgniter\CodeIgniter->runController(Object(App\Controllers\Dashboard))
11 SYSTEMPATH\CodeIgniter.php(355): CodeIgniter\CodeIgniter->handleRequest(null, Object(Config\Cache), false)
12 SYSTEMPATH\Boot.php(325): CodeIgniter\CodeIgniter->run()
13 SYSTEMPATH\Boot.php(67): CodeIgniter\Boot::runCodeIgniter(Object(CodeIgniter\CodeIgniter))
14 FCPATH\index.php(56): CodeIgniter\Boot::bootWeb(Object(Config\Paths))
ERROR - 2024-08-04 18:52:25 --> Failed to insert term: fffffddd
ERROR - 2024-08-04 18:52:59 --> Failed to insert term: fffffddd
ERROR - 2024-08-04 18:52:59 --> Failed to insert term: fffffdddddd
ERROR - 2024-08-04 18:53:22 --> Failed to insert term: fffffddd
ERROR - 2024-08-04 18:53:22 --> Failed to insert term: fffffdddddd
ERROR - 2024-08-04 18:53:22 --> Failed to insert term: 
ERROR - 2024-08-04 18:53:22 --> Failed to insert term: xxx
ERROR - 2024-08-04 18:53:52 --> Failed to insert term: fffffddd
ERROR - 2024-08-04 18:54:31 --> Failed to insert term: fffffddd
ERROR - 2024-08-04 18:54:31 --> Failed to insert term: 
ERROR - 2024-08-04 18:54:31 --> mysqli_sql_exception: Duplicate entry 'fffffddd' for key 'PRIMARY' in C:\xampp\htdocs\tutorforhome\system\Database\MySQLi\Connection.php:310
Stack trace:
#0 C:\xampp\htdocs\tutorforhome\system\Database\MySQLi\Connection.php(310): mysqli->query('INSERT INTO `te...', 0)
#1 C:\xampp\htdocs\tutorforhome\system\Database\BaseConnection.php(732): CodeIgniter\Database\MySQLi\Connection->execute('INSERT INTO `te...')
#2 C:\xampp\htdocs\tutorforhome\system\Database\BaseConnection.php(646): CodeIgniter\Database\BaseConnection->simpleQuery('INSERT INTO `te...')
#3 C:\xampp\htdocs\tutorforhome\system\Database\BaseBuilder.php(2333): CodeIgniter\Database\BaseConnection->query('INSERT INTO `te...', Array, false)
#4 C:\xampp\htdocs\tutorforhome\system\Model.php(394): CodeIgniter\Database\BaseBuilder->insert()
#5 C:\xampp\htdocs\tutorforhome\system\BaseModel.php(840): CodeIgniter\Model->doInsert(Array)
#6 C:\xampp\htdocs\tutorforhome\system\Model.php(802): CodeIgniter\BaseModel->insert(Array, true)
#7 C:\xampp\htdocs\tutorforhome\app\Controllers\Dashboard.php(39): CodeIgniter\Model->insert(Array)
#8 C:\xampp\htdocs\tutorforhome\system\CodeIgniter.php(933): App\Controllers\Dashboard->saveterm()
#9 C:\xampp\htdocs\tutorforhome\system\CodeIgniter.php(509): CodeIgniter\CodeIgniter->runController(Object(App\Controllers\Dashboard))
#10 C:\xampp\htdocs\tutorforhome\system\CodeIgniter.php(355): CodeIgniter\CodeIgniter->handleRequest(NULL, Object(Config\Cache), false)
#11 C:\xampp\htdocs\tutorforhome\system\Boot.php(325): CodeIgniter\CodeIgniter->run()
#12 C:\xampp\htdocs\tutorforhome\system\Boot.php(67): CodeIgniter\Boot::runCodeIgniter(Object(CodeIgniter\CodeIgniter))
#13 C:\xampp\htdocs\tutorforhome\public\index.php(56): CodeIgniter\Boot::bootWeb(Object(Config\Paths))
#14 {main}
CRITICAL - 2024-08-04 18:54:31 --> CodeIgniter\Database\Exceptions\DatabaseException: Duplicate entry 'fffffddd' for key 'PRIMARY'
[Method: POST, Route: dashboard/saveterm]
in SYSTEMPATH\Database\BaseConnection.php on line 686.
 1 SYSTEMPATH\Database\BaseBuilder.php(2333): CodeIgniter\Database\BaseConnection->query('INSERT INTO `term_course` (`Term_name`) VALUES (:Term_name:)', [...], false)
 2 SYSTEMPATH\Model.php(394): CodeIgniter\Database\BaseBuilder->insert()
 3 SYSTEMPATH\BaseModel.php(840): CodeIgniter\Model->doInsert([...])
 4 SYSTEMPATH\Model.php(802): CodeIgniter\BaseModel->insert([...], true)
 5 APPPATH\Controllers\Dashboard.php(39): CodeIgniter\Model->insert([...])
 6 SYSTEMPATH\CodeIgniter.php(933): App\Controllers\Dashboard->saveterm()
 7 SYSTEMPATH\CodeIgniter.php(509): CodeIgniter\CodeIgniter->runController(Object(App\Controllers\Dashboard))
 8 SYSTEMPATH\CodeIgniter.php(355): CodeIgniter\CodeIgniter->handleRequest(null, Object(Config\Cache), false)
 9 SYSTEMPATH\Boot.php(325): CodeIgniter\CodeIgniter->run()
10 SYSTEMPATH\Boot.php(67): CodeIgniter\Boot::runCodeIgniter(Object(CodeIgniter\CodeIgniter))
11 FCPATH\index.php(56): CodeIgniter\Boot::bootWeb(Object(Config\Paths))
CRITICAL - 2024-08-04 18:54:31 --> [Caused by] CodeIgniter\Database\Exceptions\DatabaseException: Duplicate entry 'fffffddd' for key 'PRIMARY'
in SYSTEMPATH\Database\MySQLi\Connection.php on line 315.
 1 SYSTEMPATH\Database\BaseConnection.php(732): CodeIgniter\Database\MySQLi\Connection->execute('INSERT INTO `term_course` (`Term_name`) VALUES (\'fffffddd\')')
 2 SYSTEMPATH\Database\BaseConnection.php(646): CodeIgniter\Database\BaseConnection->simpleQuery('INSERT INTO `term_course` (`Term_name`) VALUES (\'fffffddd\')')
 3 SYSTEMPATH\Database\BaseBuilder.php(2333): CodeIgniter\Database\BaseConnection->query('INSERT INTO `term_course` (`Term_name`) VALUES (:Term_name:)', [...], false)
 4 SYSTEMPATH\Model.php(394): CodeIgniter\Database\BaseBuilder->insert()
 5 SYSTEMPATH\BaseModel.php(840): CodeIgniter\Model->doInsert([...])
 6 SYSTEMPATH\Model.php(802): CodeIgniter\BaseModel->insert([...], true)
 7 APPPATH\Controllers\Dashboard.php(39): CodeIgniter\Model->insert([...])
 8 SYSTEMPATH\CodeIgniter.php(933): App\Controllers\Dashboard->saveterm()
 9 SYSTEMPATH\CodeIgniter.php(509): CodeIgniter\CodeIgniter->runController(Object(App\Controllers\Dashboard))
10 SYSTEMPATH\CodeIgniter.php(355): CodeIgniter\CodeIgniter->handleRequest(null, Object(Config\Cache), false)
11 SYSTEMPATH\Boot.php(325): CodeIgniter\CodeIgniter->run()
12 SYSTEMPATH\Boot.php(67): CodeIgniter\Boot::runCodeIgniter(Object(CodeIgniter\CodeIgniter))
13 FCPATH\index.php(56): CodeIgniter\Boot::bootWeb(Object(Config\Paths))
CRITICAL - 2024-08-04 18:54:31 --> [Caused by] mysqli_sql_exception: Duplicate entry 'fffffddd' for key 'PRIMARY'
in SYSTEMPATH\Database\MySQLi\Connection.php on line 310.
 1 SYSTEMPATH\Database\MySQLi\Connection.php(310): mysqli->query('INSERT INTO `term_course` (`Term_name`) VALUES (\'fffffddd\')', 0)
 2 SYSTEMPATH\Database\BaseConnection.php(732): CodeIgniter\Database\MySQLi\Connection->execute('INSERT INTO `term_course` (`Term_name`) VALUES (\'fffffddd\')')
 3 SYSTEMPATH\Database\BaseConnection.php(646): CodeIgniter\Database\BaseConnection->simpleQuery('INSERT INTO `term_course` (`Term_name`) VALUES (\'fffffddd\')')
 4 SYSTEMPATH\Database\BaseBuilder.php(2333): CodeIgniter\Database\BaseConnection->query('INSERT INTO `term_course` (`Term_name`) VALUES (:Term_name:)', [...], false)
 5 SYSTEMPATH\Model.php(394): CodeIgniter\Database\BaseBuilder->insert()
 6 SYSTEMPATH\BaseModel.php(840): CodeIgniter\Model->doInsert([...])
 7 SYSTEMPATH\Model.php(802): CodeIgniter\BaseModel->insert([...], true)
 8 APPPATH\Controllers\Dashboard.php(39): CodeIgniter\Model->insert([...])
 9 SYSTEMPATH\CodeIgniter.php(933): App\Controllers\Dashboard->saveterm()
10 SYSTEMPATH\CodeIgniter.php(509): CodeIgniter\CodeIgniter->runController(Object(App\Controllers\Dashboard))
11 SYSTEMPATH\CodeIgniter.php(355): CodeIgniter\CodeIgniter->handleRequest(null, Object(Config\Cache), false)
12 SYSTEMPATH\Boot.php(325): CodeIgniter\CodeIgniter->run()
13 SYSTEMPATH\Boot.php(67): CodeIgniter\Boot::runCodeIgniter(Object(CodeIgniter\CodeIgniter))
14 FCPATH\index.php(56): CodeIgniter\Boot::bootWeb(Object(Config\Paths))
ERROR - 2024-08-04 18:54:36 --> Failed to insert term: fffffddd
ERROR - 2024-08-04 18:54:36 --> Failed to insert term: 
ERROR - 2024-08-04 18:54:36 --> mysqli_sql_exception: Duplicate entry 'fffffddd' for key 'PRIMARY' in C:\xampp\htdocs\tutorforhome\system\Database\MySQLi\Connection.php:310
Stack trace:
#0 C:\xampp\htdocs\tutorforhome\system\Database\MySQLi\Connection.php(310): mysqli->query('INSERT INTO `te...', 0)
#1 C:\xampp\htdocs\tutorforhome\system\Database\BaseConnection.php(732): CodeIgniter\Database\MySQLi\Connection->execute('INSERT INTO `te...')
#2 C:\xampp\htdocs\tutorforhome\system\Database\BaseConnection.php(646): CodeIgniter\Database\BaseConnection->simpleQuery('INSERT INTO `te...')
#3 C:\xampp\htdocs\tutorforhome\system\Database\BaseBuilder.php(2333): CodeIgniter\Database\BaseConnection->query('INSERT INTO `te...', Array, false)
#4 C:\xampp\htdocs\tutorforhome\system\Model.php(394): CodeIgniter\Database\BaseBuilder->insert()
#5 C:\xampp\htdocs\tutorforhome\system\BaseModel.php(840): CodeIgniter\Model->doInsert(Array)
#6 C:\xampp\htdocs\tutorforhome\system\Model.php(802): CodeIgniter\BaseModel->insert(Array, true)
#7 C:\xampp\htdocs\tutorforhome\app\Controllers\Dashboard.php(39): CodeIgniter\Model->insert(Array)
#8 C:\xampp\htdocs\tutorforhome\system\CodeIgniter.php(933): App\Controllers\Dashboard->saveterm()
#9 C:\xampp\htdocs\tutorforhome\system\CodeIgniter.php(509): CodeIgniter\CodeIgniter->runController(Object(App\Controllers\Dashboard))
#10 C:\xampp\htdocs\tutorforhome\system\CodeIgniter.php(355): CodeIgniter\CodeIgniter->handleRequest(NULL, Object(Config\Cache), false)
#11 C:\xampp\htdocs\tutorforhome\system\Boot.php(325): CodeIgniter\CodeIgniter->run()
#12 C:\xampp\htdocs\tutorforhome\system\Boot.php(67): CodeIgniter\Boot::runCodeIgniter(Object(CodeIgniter\CodeIgniter))
#13 C:\xampp\htdocs\tutorforhome\public\index.php(56): CodeIgniter\Boot::bootWeb(Object(Config\Paths))
#14 {main}
CRITICAL - 2024-08-04 18:54:36 --> CodeIgniter\Database\Exceptions\DatabaseException: Duplicate entry 'fffffddd' for key 'PRIMARY'
[Method: POST, Route: dashboard/saveterm]
in SYSTEMPATH\Database\BaseConnection.php on line 686.
 1 SYSTEMPATH\Database\BaseBuilder.php(2333): CodeIgniter\Database\BaseConnection->query('INSERT INTO `term_course` (`Term_name`) VALUES (:Term_name:)', [...], false)
 2 SYSTEMPATH\Model.php(394): CodeIgniter\Database\BaseBuilder->insert()
 3 SYSTEMPATH\BaseModel.php(840): CodeIgniter\Model->doInsert([...])
 4 SYSTEMPATH\Model.php(802): CodeIgniter\BaseModel->insert([...], true)
 5 APPPATH\Controllers\Dashboard.php(39): CodeIgniter\Model->insert([...])
 6 SYSTEMPATH\CodeIgniter.php(933): App\Controllers\Dashboard->saveterm()
 7 SYSTEMPATH\CodeIgniter.php(509): CodeIgniter\CodeIgniter->runController(Object(App\Controllers\Dashboard))
 8 SYSTEMPATH\CodeIgniter.php(355): CodeIgniter\CodeIgniter->handleRequest(null, Object(Config\Cache), false)
 9 SYSTEMPATH\Boot.php(325): CodeIgniter\CodeIgniter->run()
10 SYSTEMPATH\Boot.php(67): CodeIgniter\Boot::runCodeIgniter(Object(CodeIgniter\CodeIgniter))
11 FCPATH\index.php(56): CodeIgniter\Boot::bootWeb(Object(Config\Paths))
CRITICAL - 2024-08-04 18:54:36 --> [Caused by] CodeIgniter\Database\Exceptions\DatabaseException: Duplicate entry 'fffffddd' for key 'PRIMARY'
in SYSTEMPATH\Database\MySQLi\Connection.php on line 315.
 1 SYSTEMPATH\Database\BaseConnection.php(732): CodeIgniter\Database\MySQLi\Connection->execute('INSERT INTO `term_course` (`Term_name`) VALUES (\'fffffddd\')')
 2 SYSTEMPATH\Database\BaseConnection.php(646): CodeIgniter\Database\BaseConnection->simpleQuery('INSERT INTO `term_course` (`Term_name`) VALUES (\'fffffddd\')')
 3 SYSTEMPATH\Database\BaseBuilder.php(2333): CodeIgniter\Database\BaseConnection->query('INSERT INTO `term_course` (`Term_name`) VALUES (:Term_name:)', [...], false)
 4 SYSTEMPATH\Model.php(394): CodeIgniter\Database\BaseBuilder->insert()
 5 SYSTEMPATH\BaseModel.php(840): CodeIgniter\Model->doInsert([...])
 6 SYSTEMPATH\Model.php(802): CodeIgniter\BaseModel->insert([...], true)
 7 APPPATH\Controllers\Dashboard.php(39): CodeIgniter\Model->insert([...])
 8 SYSTEMPATH\CodeIgniter.php(933): App\Controllers\Dashboard->saveterm()
 9 SYSTEMPATH\CodeIgniter.php(509): CodeIgniter\CodeIgniter->runController(Object(App\Controllers\Dashboard))
10 SYSTEMPATH\CodeIgniter.php(355): CodeIgniter\CodeIgniter->handleRequest(null, Object(Config\Cache), false)
11 SYSTEMPATH\Boot.php(325): CodeIgniter\CodeIgniter->run()
12 SYSTEMPATH\Boot.php(67): CodeIgniter\Boot::runCodeIgniter(Object(CodeIgniter\CodeIgniter))
13 FCPATH\index.php(56): CodeIgniter\Boot::bootWeb(Object(Config\Paths))
CRITICAL - 2024-08-04 18:54:36 --> [Caused by] mysqli_sql_exception: Duplicate entry 'fffffddd' for key 'PRIMARY'
in SYSTEMPATH\Database\MySQLi\Connection.php on line 310.
 1 SYSTEMPATH\Database\MySQLi\Connection.php(310): mysqli->query('INSERT INTO `term_course` (`Term_name`) VALUES (\'fffffddd\')', 0)
 2 SYSTEMPATH\Database\BaseConnection.php(732): CodeIgniter\Database\MySQLi\Connection->execute('INSERT INTO `term_course` (`Term_name`) VALUES (\'fffffddd\')')
 3 SYSTEMPATH\Database\BaseConnection.php(646): CodeIgniter\Database\BaseConnection->simpleQuery('INSERT INTO `term_course` (`Term_name`) VALUES (\'fffffddd\')')
 4 SYSTEMPATH\Database\BaseBuilder.php(2333): CodeIgniter\Database\BaseConnection->query('INSERT INTO `term_course` (`Term_name`) VALUES (:Term_name:)', [...], false)
 5 SYSTEMPATH\Model.php(394): CodeIgniter\Database\BaseBuilder->insert()
 6 SYSTEMPATH\BaseModel.php(840): CodeIgniter\Model->doInsert([...])
 7 SYSTEMPATH\Model.php(802): CodeIgniter\BaseModel->insert([...], true)
 8 APPPATH\Controllers\Dashboard.php(39): CodeIgniter\Model->insert([...])
 9 SYSTEMPATH\CodeIgniter.php(933): App\Controllers\Dashboard->saveterm()
10 SYSTEMPATH\CodeIgniter.php(509): CodeIgniter\CodeIgniter->runController(Object(App\Controllers\Dashboard))
11 SYSTEMPATH\CodeIgniter.php(355): CodeIgniter\CodeIgniter->handleRequest(null, Object(Config\Cache), false)
12 SYSTEMPATH\Boot.php(325): CodeIgniter\CodeIgniter->run()
13 SYSTEMPATH\Boot.php(67): CodeIgniter\Boot::runCodeIgniter(Object(CodeIgniter\CodeIgniter))
14 FCPATH\index.php(56): CodeIgniter\Boot::bootWeb(Object(Config\Paths))
ERROR - 2024-08-04 18:54:48 --> Failed to insert term: 
ERROR - 2024-08-04 18:54:48 --> Failed to insert term: fffffddd
CRITICAL - 2024-08-04 20:02:10 --> ErrorException: Undefined array key "id"
[Method: POST, Route: dashboard/saveterm]
in APPPATH\Controllers\Dashboard.php on line 40.
 1 APPPATH\Controllers\Dashboard.php(40): CodeIgniter\Debug\Exceptions->errorHandler(2, 'Undefined array key "id"', 'C:\\xampp\\htdocs\\tutorforhome\\app\\Controllers\\Dashboard.php', 40)
 2 SYSTEMPATH\CodeIgniter.php(933): App\Controllers\Dashboard->saveterm()
 3 SYSTEMPATH\CodeIgniter.php(509): CodeIgniter\CodeIgniter->runController(Object(App\Controllers\Dashboard))
 4 SYSTEMPATH\CodeIgniter.php(355): CodeIgniter\CodeIgniter->handleRequest(null, Object(Config\Cache), false)
 5 SYSTEMPATH\Boot.php(325): CodeIgniter\CodeIgniter->run()
 6 SYSTEMPATH\Boot.php(67): CodeIgniter\Boot::runCodeIgniter(Object(CodeIgniter\CodeIgniter))
 7 FCPATH\index.php(56): CodeIgniter\Boot::bootWeb(Object(Config\Paths))
CRITICAL - 2024-08-04 20:02:23 --> ErrorException: Undefined array key "id"
[Method: POST, Route: dashboard/saveterm]
in APPPATH\Controllers\Dashboard.php on line 40.
 1 APPPATH\Controllers\Dashboard.php(40): CodeIgniter\Debug\Exceptions->errorHandler(2, 'Undefined array key "id"', 'C:\\xampp\\htdocs\\tutorforhome\\app\\Controllers\\Dashboard.php', 40)
 2 SYSTEMPATH\CodeIgniter.php(933): App\Controllers\Dashboard->saveterm()
 3 SYSTEMPATH\CodeIgniter.php(509): CodeIgniter\CodeIgniter->runController(Object(App\Controllers\Dashboard))
 4 SYSTEMPATH\CodeIgniter.php(355): CodeIgniter\CodeIgniter->handleRequest(null, Object(Config\Cache), false)
 5 SYSTEMPATH\Boot.php(325): CodeIgniter\CodeIgniter->run()
 6 SYSTEMPATH\Boot.php(67): CodeIgniter\Boot::runCodeIgniter(Object(CodeIgniter\CodeIgniter))
 7 FCPATH\index.php(56): CodeIgniter\Boot::bootWeb(Object(Config\Paths))
CRITICAL - 2024-08-04 20:10:56 --> ErrorException: Undefined array key "id"
[Method: POST, Route: dashboard/saveterm]
in APPPATH\Controllers\Dashboard.php on line 40.
 1 APPPATH\Controllers\Dashboard.php(40): CodeIgniter\Debug\Exceptions->errorHandler(2, 'Undefined array key "id"', 'C:\\xampp\\htdocs\\tutorforhome\\app\\Controllers\\Dashboard.php', 40)
 2 SYSTEMPATH\CodeIgniter.php(933): App\Controllers\Dashboard->saveterm()
 3 SYSTEMPATH\CodeIgniter.php(509): CodeIgniter\CodeIgniter->runController(Object(App\Controllers\Dashboard))
 4 SYSTEMPATH\CodeIgniter.php(355): CodeIgniter\CodeIgniter->handleRequest(null, Object(Config\Cache), false)
 5 SYSTEMPATH\Boot.php(325): CodeIgniter\CodeIgniter->run()
 6 SYSTEMPATH\Boot.php(67): CodeIgniter\Boot::runCodeIgniter(Object(CodeIgniter\CodeIgniter))
 7 FCPATH\index.php(56): CodeIgniter\Boot::bootWeb(Object(Config\Paths))
CRITICAL - 2024-08-04 20:11:02 --> ErrorException: Undefined array key "id"
[Method: POST, Route: dashboard/saveterm]
in APPPATH\Controllers\Dashboard.php on line 40.
 1 APPPATH\Controllers\Dashboard.php(40): CodeIgniter\Debug\Exceptions->errorHandler(2, 'Undefined array key "id"', 'C:\\xampp\\htdocs\\tutorforhome\\app\\Controllers\\Dashboard.php', 40)
 2 SYSTEMPATH\CodeIgniter.php(933): App\Controllers\Dashboard->saveterm()
 3 SYSTEMPATH\CodeIgniter.php(509): CodeIgniter\CodeIgniter->runController(Object(App\Controllers\Dashboard))
 4 SYSTEMPATH\CodeIgniter.php(355): CodeIgniter\CodeIgniter->handleRequest(null, Object(Config\Cache), false)
 5 SYSTEMPATH\Boot.php(325): CodeIgniter\CodeIgniter->run()
 6 SYSTEMPATH\Boot.php(67): CodeIgniter\Boot::runCodeIgniter(Object(CodeIgniter\CodeIgniter))
 7 FCPATH\index.php(56): CodeIgniter\Boot::bootWeb(Object(Config\Paths))
CRITICAL - 2024-08-04 20:11:25 --> ErrorException: Undefined array key "id"
[Method: POST, Route: dashboard/saveterm]
in APPPATH\Controllers\Dashboard.php on line 40.
 1 APPPATH\Controllers\Dashboard.php(40): CodeIgniter\Debug\Exceptions->errorHandler(2, 'Undefined array key "id"', 'C:\\xampp\\htdocs\\tutorforhome\\app\\Controllers\\Dashboard.php', 40)
 2 SYSTEMPATH\CodeIgniter.php(933): App\Controllers\Dashboard->saveterm()
 3 SYSTEMPATH\CodeIgniter.php(509): CodeIgniter\CodeIgniter->runController(Object(App\Controllers\Dashboard))
 4 SYSTEMPATH\CodeIgniter.php(355): CodeIgniter\CodeIgniter->handleRequest(null, Object(Config\Cache), false)
 5 SYSTEMPATH\Boot.php(325): CodeIgniter\CodeIgniter->run()
 6 SYSTEMPATH\Boot.php(67): CodeIgniter\Boot::runCodeIgniter(Object(CodeIgniter\CodeIgniter))
 7 FCPATH\index.php(56): CodeIgniter\Boot::bootWeb(Object(Config\Paths))
CRITICAL - 2024-08-04 20:11:53 --> ErrorException: Undefined array key "id"
[Method: POST, Route: dashboard/saveterm]
in APPPATH\Controllers\Dashboard.php on line 40.
 1 APPPATH\Controllers\Dashboard.php(40): CodeIgniter\Debug\Exceptions->errorHandler(2, 'Undefined array key "id"', 'C:\\xampp\\htdocs\\tutorforhome\\app\\Controllers\\Dashboard.php', 40)
 2 SYSTEMPATH\CodeIgniter.php(933): App\Controllers\Dashboard->saveterm()
 3 SYSTEMPATH\CodeIgniter.php(509): CodeIgniter\CodeIgniter->runController(Object(App\Controllers\Dashboard))
 4 SYSTEMPATH\CodeIgniter.php(355): CodeIgniter\CodeIgniter->handleRequest(null, Object(Config\Cache), false)
 5 SYSTEMPATH\Boot.php(325): CodeIgniter\CodeIgniter->run()
 6 SYSTEMPATH\Boot.php(67): CodeIgniter\Boot::runCodeIgniter(Object(CodeIgniter\CodeIgniter))
 7 FCPATH\index.php(56): CodeIgniter\Boot::bootWeb(Object(Config\Paths))
CRITICAL - 2024-08-04 20:12:59 --> ErrorException: Undefined array key "id"
[Method: POST, Route: dashboard/saveterm]
in APPPATH\Controllers\Dashboard.php on line 40.
 1 APPPATH\Controllers\Dashboard.php(40): CodeIgniter\Debug\Exceptions->errorHandler(2, 'Undefined array key "id"', 'C:\\xampp\\htdocs\\tutorforhome\\app\\Controllers\\Dashboard.php', 40)
 2 SYSTEMPATH\CodeIgniter.php(933): App\Controllers\Dashboard->saveterm()
 3 SYSTEMPATH\CodeIgniter.php(509): CodeIgniter\CodeIgniter->runController(Object(App\Controllers\Dashboard))
 4 SYSTEMPATH\CodeIgniter.php(355): CodeIgniter\CodeIgniter->handleRequest(null, Object(Config\Cache), false)
 5 SYSTEMPATH\Boot.php(325): CodeIgniter\CodeIgniter->run()
 6 SYSTEMPATH\Boot.php(67): CodeIgniter\Boot::runCodeIgniter(Object(CodeIgniter\CodeIgniter))
 7 FCPATH\index.php(56): CodeIgniter\Boot::bootWeb(Object(Config\Paths))
CRITICAL - 2024-08-04 20:13:18 --> ErrorException: Undefined array key "id"
[Method: POST, Route: dashboard/saveterm]
in APPPATH\Controllers\Dashboard.php on line 40.
 1 APPPATH\Controllers\Dashboard.php(40): CodeIgniter\Debug\Exceptions->errorHandler(2, 'Undefined array key "id"', 'C:\\xampp\\htdocs\\tutorforhome\\app\\Controllers\\Dashboard.php', 40)
 2 SYSTEMPATH\CodeIgniter.php(933): App\Controllers\Dashboard->saveterm()
 3 SYSTEMPATH\CodeIgniter.php(509): CodeIgniter\CodeIgniter->runController(Object(App\Controllers\Dashboard))
 4 SYSTEMPATH\CodeIgniter.php(355): CodeIgniter\CodeIgniter->handleRequest(null, Object(Config\Cache), false)
 5 SYSTEMPATH\Boot.php(325): CodeIgniter\CodeIgniter->run()
 6 SYSTEMPATH\Boot.php(67): CodeIgniter\Boot::runCodeIgniter(Object(CodeIgniter\CodeIgniter))
 7 FCPATH\index.php(56): CodeIgniter\Boot::bootWeb(Object(Config\Paths))
CRITICAL - 2024-08-04 20:29:59 --> ErrorException: Undefined variable $terms
[Method: GET, Route: dashboard_term]
in APPPATH\Views\dashboard_term.php on line 67.
 1 APPPATH\Views\dashboard_term.php(67): CodeIgniter\Debug\Exceptions->errorHandler(2, 'Undefined variable $terms', 'C:\\xampp\\htdocs\\tutorforhome\\app\\Views\\dashboard_term.php', 67)
 2 SYSTEMPATH\View\View.php(234): include('C:\\xampp\\htdocs\\tutorforhome\\app\\Views\\dashboard_term.php')
 3 SYSTEMPATH\View\View.php(237): CodeIgniter\View\View->CodeIgniter\View\{closure}()
 4 SYSTEMPATH\Common.php(1171): CodeIgniter\View\View->render('dashboard_term', [], true)
 5 APPPATH\Controllers\Dashboard_term.php(11): view('dashboard_term')
 6 SYSTEMPATH\CodeIgniter.php(933): App\Controllers\Dashboard_term->dashboard_term()
 7 SYSTEMPATH\CodeIgniter.php(509): CodeIgniter\CodeIgniter->runController(Object(App\Controllers\Dashboard_term))
 8 SYSTEMPATH\CodeIgniter.php(355): CodeIgniter\CodeIgniter->handleRequest(null, Object(Config\Cache), false)
 9 SYSTEMPATH\Boot.php(325): CodeIgniter\CodeIgniter->run()
10 SYSTEMPATH\Boot.php(67): CodeIgniter\Boot::runCodeIgniter(Object(CodeIgniter\CodeIgniter))
11 FCPATH\index.php(56): CodeIgniter\Boot::bootWeb(Object(Config\Paths))
INFO - 2024-08-04 20:30:17 --> Session: Class initialized using 'CodeIgniter\Session\Handlers\FileHandler' driver.
CRITICAL - 2024-08-04 20:30:20 --> ErrorException: Undefined variable $terms
[Method: GET, Route: dashboard_term]
in APPPATH\Views\dashboard_term.php on line 67.
 1 APPPATH\Views\dashboard_term.php(67): CodeIgniter\Debug\Exceptions->errorHandler(2, 'Undefined variable $terms', 'C:\\xampp\\htdocs\\tutorforhome\\app\\Views\\dashboard_term.php', 67)
 2 SYSTEMPATH\View\View.php(234): include('C:\\xampp\\htdocs\\tutorforhome\\app\\Views\\dashboard_term.php')
 3 SYSTEMPATH\View\View.php(237): CodeIgniter\View\View->CodeIgniter\View\{closure}()
 4 SYSTEMPATH\Common.php(1171): CodeIgniter\View\View->render('dashboard_term', [], true)
 5 APPPATH\Controllers\Dashboard_term.php(11): view('dashboard_term')
 6 SYSTEMPATH\CodeIgniter.php(933): App\Controllers\Dashboard_term->dashboard_term()
 7 SYSTEMPATH\CodeIgniter.php(509): CodeIgniter\CodeIgniter->runController(Object(App\Controllers\Dashboard_term))
 8 SYSTEMPATH\CodeIgniter.php(355): CodeIgniter\CodeIgniter->handleRequest(null, Object(Config\Cache), false)
 9 SYSTEMPATH\Boot.php(325): CodeIgniter\CodeIgniter->run()
10 SYSTEMPATH\Boot.php(67): CodeIgniter\Boot::runCodeIgniter(Object(CodeIgniter\CodeIgniter))
11 FCPATH\index.php(56): CodeIgniter\Boot::bootWeb(Object(Config\Paths))
INFO - 2024-08-04 20:32:54 --> Session: Class initialized using 'CodeIgniter\Session\Handlers\FileHandler' driver.
INFO - 2024-08-04 20:34:09 --> Session: Class initialized using 'CodeIgniter\Session\Handlers\FileHandler' driver.
INFO - 2024-08-04 20:35:19 --> Session: Class initialized using 'CodeIgniter\Session\Handlers\FileHandler' driver.
CRITICAL - 2024-08-04 20:35:20 --> ErrorException: Undefined array key "id"
[Method: GET, Route: dashboard_term]
in APPPATH\Views\dashboard_term.php on line 68.
 1 APPPATH\Views\dashboard_term.php(68): CodeIgniter\Debug\Exceptions->errorHandler(2, 'Undefined array key "id"', 'C:\\xampp\\htdocs\\tutorforhome\\app\\Views\\dashboard_term.php', 68)
 2 SYSTEMPATH\View\View.php(234): include('C:\\xampp\\htdocs\\tutorforhome\\app\\Views\\dashboard_term.php')
 3 SYSTEMPATH\View\View.php(237): CodeIgniter\View\View->CodeIgniter\View\{closure}()
 4 SYSTEMPATH\Common.php(1171): CodeIgniter\View\View->render('dashboard_term', [], true)
 5 APPPATH\Controllers\Dashboard_term.php(17): view('dashboard_term', [...])
 6 SYSTEMPATH\CodeIgniter.php(933): App\Controllers\Dashboard_term->dashboard_term()
 7 SYSTEMPATH\CodeIgniter.php(509): CodeIgniter\CodeIgniter->runController(Object(App\Controllers\Dashboard_term))
 8 SYSTEMPATH\CodeIgniter.php(355): CodeIgniter\CodeIgniter->handleRequest(null, Object(Config\Cache), false)
 9 SYSTEMPATH\Boot.php(325): CodeIgniter\CodeIgniter->run()
10 SYSTEMPATH\Boot.php(67): CodeIgniter\Boot::runCodeIgniter(Object(CodeIgniter\CodeIgniter))
11 FCPATH\index.php(56): CodeIgniter\Boot::bootWeb(Object(Config\Paths))
CRITICAL - 2024-08-04 20:35:50 --> ErrorException: Undefined array key "term_name"
[Method: GET, Route: dashboard_term]
in APPPATH\Views\dashboard_term.php on line 68.
 1 APPPATH\Views\dashboard_term.php(68): CodeIgniter\Debug\Exceptions->errorHandler(2, 'Undefined array key "term_name"', 'C:\\xampp\\htdocs\\tutorforhome\\app\\Views\\dashboard_term.php', 68)
 2 SYSTEMPATH\View\View.php(234): include('C:\\xampp\\htdocs\\tutorforhome\\app\\Views\\dashboard_term.php')
 3 SYSTEMPATH\View\View.php(237): CodeIgniter\View\View->CodeIgniter\View\{closure}()
 4 SYSTEMPATH\Common.php(1171): CodeIgniter\View\View->render('dashboard_term', [], true)
 5 APPPATH\Controllers\Dashboard_term.php(17): view('dashboard_term', [...])
 6 SYSTEMPATH\CodeIgniter.php(933): App\Controllers\Dashboard_term->dashboard_term()
 7 SYSTEMPATH\CodeIgniter.php(509): CodeIgniter\CodeIgniter->runController(Object(App\Controllers\Dashboard_term))
 8 SYSTEMPATH\CodeIgniter.php(355): CodeIgniter\CodeIgniter->handleRequest(null, Object(Config\Cache), false)
 9 SYSTEMPATH\Boot.php(325): CodeIgniter\CodeIgniter->run()
10 SYSTEMPATH\Boot.php(67): CodeIgniter\Boot::runCodeIgniter(Object(CodeIgniter\CodeIgniter))
11 FCPATH\index.php(56): CodeIgniter\Boot::bootWeb(Object(Config\Paths))
INFO - 2024-08-04 20:44:56 --> Session: Class initialized using 'CodeIgniter\Session\Handlers\FileHandler' driver.
CRITICAL - 2024-08-04 20:52:14 --> ErrorException: Undefined array key "id"
[Method: GET, Route: dashboard_term]
in APPPATH\Views\dashboard_term.php on line 67.
 1 APPPATH\Views\dashboard_term.php(67): CodeIgniter\Debug\Exceptions->errorHandler(2, 'Undefined array key "id"', 'C:\\xampp\\htdocs\\tutorforhome\\app\\Views\\dashboard_term.php', 67)
 2 SYSTEMPATH\View\View.php(234): include('C:\\xampp\\htdocs\\tutorforhome\\app\\Views\\dashboard_term.php')
 3 SYSTEMPATH\View\View.php(237): CodeIgniter\View\View->CodeIgniter\View\{closure}()
 4 SYSTEMPATH\Common.php(1171): CodeIgniter\View\View->render('dashboard_term', [], true)
 5 APPPATH\Controllers\Dashboard_term.php(17): view('dashboard_term', [...])
 6 SYSTEMPATH\CodeIgniter.php(933): App\Controllers\Dashboard_term->dashboard_term()
 7 SYSTEMPATH\CodeIgniter.php(509): CodeIgniter\CodeIgniter->runController(Object(App\Controllers\Dashboard_term))
 8 SYSTEMPATH\CodeIgniter.php(355): CodeIgniter\CodeIgniter->handleRequest(null, Object(Config\Cache), false)
 9 SYSTEMPATH\Boot.php(325): CodeIgniter\CodeIgniter->run()
10 SYSTEMPATH\Boot.php(67): CodeIgniter\Boot::runCodeIgniter(Object(CodeIgniter\CodeIgniter))
11 FCPATH\index.php(56): CodeIgniter\Boot::bootWeb(Object(Config\Paths))
