CRITICAL - 2024-10-11 06:20:03 --> ErrorException: Undefined variable $realPrice
[Method: GET, Route: studypage]
in APPPATH\Views\studypage.php on line 164.
 1 APPPATH\Views\studypage.php(164): CodeIgniter\Debug\Exceptions->errorHandler(2, 'Undefined variable $realPrice', 'C:\\xampp\\htdocs\\tutorforhome\\app\\Views\\studypage.php', 164)
 2 SYSTEMPATH\View\View.php(234): include('C:\\xampp\\htdocs\\tutorforhome\\app\\Views\\studypage.php')
 3 SYSTEMPATH\View\View.php(237): CodeIgniter\View\View->CodeIgniter\View\{closure}()
 4 SYSTEMPATH\Common.php(1171): CodeIgniter\View\View->render('studypage', [], true)
 5 APPPATH\Controllers\Studypage.php(37): view('studypage', [...])
 6 SYSTEMPATH\CodeIgniter.php(933): App\Controllers\Studypage->studypage()
 7 SYSTEMPATH\CodeIgniter.php(509): CodeIgniter\CodeIgniter->runController(Object(App\Controllers\Studypage))
 8 SYSTEMPATH\CodeIgniter.php(355): CodeIgniter\CodeIgniter->handleRequest(null, Object(Config\Cache), false)
 9 SYSTEMPATH\Boot.php(325): CodeIgniter\CodeIgniter->run()
10 SYSTEMPATH\Boot.php(67): CodeIgniter\Boot::runCodeIgniter(Object(CodeIgniter\CodeIgniter))
11 FCPATH\index.php(56): CodeIgniter\Boot::bootWeb(Object(Config\Paths))
CRITICAL - 2024-10-11 06:20:05 --> ErrorException: Undefined variable $realPrice
[Method: GET, Route: studypage]
in APPPATH\Views\studypage.php on line 164.
 1 APPPATH\Views\studypage.php(164): CodeIgniter\Debug\Exceptions->errorHandler(2, 'Undefined variable $realPrice', 'C:\\xampp\\htdocs\\tutorforhome\\app\\Views\\studypage.php', 164)
 2 SYSTEMPATH\View\View.php(234): include('C:\\xampp\\htdocs\\tutorforhome\\app\\Views\\studypage.php')
 3 SYSTEMPATH\View\View.php(237): CodeIgniter\View\View->CodeIgniter\View\{closure}()
 4 SYSTEMPATH\Common.php(1171): CodeIgniter\View\View->render('studypage', [], true)
 5 APPPATH\Controllers\Studypage.php(37): view('studypage', [...])
 6 SYSTEMPATH\CodeIgniter.php(933): App\Controllers\Studypage->studypage()
 7 SYSTEMPATH\CodeIgniter.php(509): CodeIgniter\CodeIgniter->runController(Object(App\Controllers\Studypage))
 8 SYSTEMPATH\CodeIgniter.php(355): CodeIgniter\CodeIgniter->handleRequest(null, Object(Config\Cache), false)
 9 SYSTEMPATH\Boot.php(325): CodeIgniter\CodeIgniter->run()
10 SYSTEMPATH\Boot.php(67): CodeIgniter\Boot::runCodeIgniter(Object(CodeIgniter\CodeIgniter))
11 FCPATH\index.php(56): CodeIgniter\Boot::bootWeb(Object(Config\Paths))
