INFO - 2025-03-03 10:06:35 --> Session: Class initialized using 'CodeIgniter\Session\Handlers\FileHandler' driver.
INFO - 2025-03-03 10:06:35 --> Session: Class initialized using 'CodeIgniter\Session\Handlers\FileHandler' driver.
INFO - 2025-03-03 10:06:37 --> Session: Class initialized using 'CodeIgniter\Session\Handlers\FileHandler' driver.
INFO - 2025-03-03 10:06:54 --> Session: Class initialized using 'CodeIgniter\Session\Handlers\FileHandler' driver.
INFO - 2025-03-03 10:06:55 --> Session: Class initialized using 'CodeIgniter\Session\Handlers\FileHandler' driver.
INFO - 2025-03-03 10:07:05 --> Session: Class initialized using 'CodeIgniter\Session\Handlers\FileHandler' driver.
INFO - 2025-03-03 10:07:05 --> Session: Class initialized using 'CodeIgniter\Session\Handlers\FileHandler' driver.
INFO - 2025-03-03 10:07:12 --> Session: Class initialized using 'CodeIgniter\Session\Handlers\FileHandler' driver.
INFO - 2025-03-03 10:07:14 --> Session: Class initialized using 'CodeIgniter\Session\Handlers\FileHandler' driver.
INFO - 2025-03-03 10:07:19 --> Session: Class initialized using 'CodeIgniter\Session\Handlers\FileHandler' driver.
INFO - 2025-03-03 10:07:23 --> Session: Class initialized using 'CodeIgniter\Session\Handlers\FileHandler' driver.
DEBUG - 2025-03-03 10:07:23 --> {
    "draw": 1,
    "recordsTotal": 4,
    "recordsFiltered": 4,
    "data": [
        [
            "<input type=\"checkbox\" class=\"row-checkbox\" value=\"2\">",
            "2",
            "\u0e2a\u0e21\u0e2b\u0e0d\u0e34\u0e07 \u0e2a\u0e38\u0e14\u0e2a\u0e27\u0e22",
            "\u0e04\u0e2d\u0e23\u0e4c\u0e2a\u0e40\u0e23\u0e35\u0e22\u0e19 \u0e1b.2",
            "\u0e0b\u0e31\u0e21\u0e40\u0e21\u0e2d\u0e23\u0e4c \u0e40\u0e21\u0e29\u0e32\u0e22\u0e19 2567   \u0e40\u0e17\u0e2d\u0e21 1\/2567",
            "1500 \u0e1a\u0e32\u0e17",
            "\u0e0a\u0e33\u0e23\u0e30\u0e40\u0e15\u0e47\u0e21\u0e08\u0e33\u0e19\u0e27\u0e19",
            "<button class=\"btn btn-success btn-circle btn-sm\"><\/button>"
        ],
        [
            "<input type=\"checkbox\" class=\"row-checkbox\" value=\"3\">",
            "3",
            "\u0e2a\u0e21\u0e1b\u0e2d\u0e07 \u0e2a\u0e38\u0e14\u0e2a\u0e27\u0e22",
            "\u0e04\u0e2d\u0e23\u0e4c\u0e2a\u0e40\u0e23\u0e35\u0e22\u0e19 \u0e1b.2",
            "\u0e0b\u0e31\u0e21\u0e40\u0e21\u0e2d\u0e23\u0e4c \u0e40\u0e21\u0e29\u0e32\u0e22\u0e19 2567   \u0e40\u0e17\u0e2d\u0e21 1\/2567",
            "1500 \u0e1a\u0e32\u0e17",
            "\u0e0a\u0e33\u0e23\u0e30\u0e40\u0e15\u0e47\u0e21\u0e08\u0e33\u0e19\u0e27\u0e19",
            "<button class=\"btn btn-primary btn-circle btn-sm\"><\/button>"
        ],
        [
            "<input type=\"checkbox\" class=\"row-checkbox\" value=\"1\">",
            "1",
            "\u0e2a\u0e21\u0e0a\u0e32\u0e22 \u0e2b\u0e25\u0e48\u0e2d\u0e21\u0e32\u0e01",
            "\u0e04\u0e2d\u0e23\u0e4c\u0e2a\u0e40\u0e23\u0e35\u0e22\u0e19 \u0e1b.2",
            "\u0e0b\u0e31\u0e21\u0e40\u0e21\u0e2d\u0e23\u0e4c \u0e40\u0e21\u0e29\u0e32\u0e22\u0e19 2567   \u0e40\u0e17\u0e2d\u0e21 1\/2567",
            "1200 \u0e1a\u0e32\u0e17",
            "\u0e21\u0e31\u0e14\u0e08\u0e33",
            "<button class=\"btn btn-primary btn-circle btn-sm\"><\/button>"
        ],
        [
            "<input type=\"checkbox\" class=\"row-checkbox\" value=\"4\">",
            "4",
            "\u0e2a\u0e21\u0e1b\u0e36\u0e07 \u0e2a\u0e38\u0e14\u0e2a\u0e27\u0e22",
            "\u0e04\u0e2d\u0e23\u0e4c\u0e2a\u0e40\u0e23\u0e35\u0e22\u0e19 \u0e1b.2",
            "\u0e0b\u0e31\u0e21\u0e40\u0e21\u0e2d\u0e23\u0e4c \u0e40\u0e21\u0e29\u0e32\u0e22\u0e19 2567   \u0e40\u0e17\u0e2d\u0e21 1\/2567",
            "1200 \u0e1a\u0e32\u0e17",
            "\u0e21\u0e31\u0e14\u0e08\u0e33",
            "<button class=\"btn btn-secondary btn-circle btn-sm\"><\/button>"
        ]
    ]
}
DEBUG - 2025-03-03 10:07:38 --> {
    "draw": 2,
    "recordsTotal": 4,
    "recordsFiltered": 4,
    "data": [
        [
            "<input type=\"checkbox\" class=\"row-checkbox\" value=\"4\">",
            "4",
            "\u0e2a\u0e21\u0e1b\u0e36\u0e07 \u0e2a\u0e38\u0e14\u0e2a\u0e27\u0e22",
            "\u0e04\u0e2d\u0e23\u0e4c\u0e2a\u0e40\u0e23\u0e35\u0e22\u0e19 \u0e1b.2",
            "\u0e0b\u0e31\u0e21\u0e40\u0e21\u0e2d\u0e23\u0e4c \u0e40\u0e21\u0e29\u0e32\u0e22\u0e19 2567   \u0e40\u0e17\u0e2d\u0e21 1\/2567",
            "1200 \u0e1a\u0e32\u0e17",
            "\u0e21\u0e31\u0e14\u0e08\u0e33",
            "<button class=\"btn btn-secondary btn-circle btn-sm\"><\/button>"
        ],
        [
            "<input type=\"checkbox\" class=\"row-checkbox\" value=\"2\">",
            "2",
            "\u0e2a\u0e21\u0e2b\u0e0d\u0e34\u0e07 \u0e2a\u0e38\u0e14\u0e2a\u0e27\u0e22",
            "\u0e04\u0e2d\u0e23\u0e4c\u0e2a\u0e40\u0e23\u0e35\u0e22\u0e19 \u0e1b.2",
            "\u0e0b\u0e31\u0e21\u0e40\u0e21\u0e2d\u0e23\u0e4c \u0e40\u0e21\u0e29\u0e32\u0e22\u0e19 2567   \u0e40\u0e17\u0e2d\u0e21 1\/2567",
            "1500 \u0e1a\u0e32\u0e17",
            "\u0e0a\u0e33\u0e23\u0e30\u0e40\u0e15\u0e47\u0e21\u0e08\u0e33\u0e19\u0e27\u0e19",
            "<button class=\"btn btn-success btn-circle btn-sm\"><\/button>"
        ],
        [
            "<input type=\"checkbox\" class=\"row-checkbox\" value=\"1\">",
            "1",
            "\u0e2a\u0e21\u0e0a\u0e32\u0e22 \u0e2b\u0e25\u0e48\u0e2d\u0e21\u0e32\u0e01",
            "\u0e04\u0e2d\u0e23\u0e4c\u0e2a\u0e40\u0e23\u0e35\u0e22\u0e19 \u0e1b.2",
            "\u0e0b\u0e31\u0e21\u0e40\u0e21\u0e2d\u0e23\u0e4c \u0e40\u0e21\u0e29\u0e32\u0e22\u0e19 2567   \u0e40\u0e17\u0e2d\u0e21 1\/2567",
            "1200 \u0e1a\u0e32\u0e17",
            "\u0e21\u0e31\u0e14\u0e08\u0e33",
            "<button class=\"btn btn-primary btn-circle btn-sm\"><\/button>"
        ],
        [
            "<input type=\"checkbox\" class=\"row-checkbox\" value=\"3\">",
            "3",
            "\u0e2a\u0e21\u0e1b\u0e2d\u0e07 \u0e2a\u0e38\u0e14\u0e2a\u0e27\u0e22",
            "\u0e04\u0e2d\u0e23\u0e4c\u0e2a\u0e40\u0e23\u0e35\u0e22\u0e19 \u0e1b.2",
            "\u0e0b\u0e31\u0e21\u0e40\u0e21\u0e2d\u0e23\u0e4c \u0e40\u0e21\u0e29\u0e32\u0e22\u0e19 2567   \u0e40\u0e17\u0e2d\u0e21 1\/2567",
            "1500 \u0e1a\u0e32\u0e17",
            "\u0e0a\u0e33\u0e23\u0e30\u0e40\u0e15\u0e47\u0e21\u0e08\u0e33\u0e19\u0e27\u0e19",
            "<button class=\"btn btn-primary btn-circle btn-sm\"><\/button>"
        ]
    ]
}
DEBUG - 2025-03-03 10:07:39 --> {
    "draw": 3,
    "recordsTotal": 4,
    "recordsFiltered": 4,
    "data": [
        [
            "<input type=\"checkbox\" class=\"row-checkbox\" value=\"1\">",
            "1",
            "\u0e2a\u0e21\u0e0a\u0e32\u0e22 \u0e2b\u0e25\u0e48\u0e2d\u0e21\u0e32\u0e01",
            "\u0e04\u0e2d\u0e23\u0e4c\u0e2a\u0e40\u0e23\u0e35\u0e22\u0e19 \u0e1b.2",
            "\u0e0b\u0e31\u0e21\u0e40\u0e21\u0e2d\u0e23\u0e4c \u0e40\u0e21\u0e29\u0e32\u0e22\u0e19 2567   \u0e40\u0e17\u0e2d\u0e21 1\/2567",
            "1200 \u0e1a\u0e32\u0e17",
            "\u0e21\u0e31\u0e14\u0e08\u0e33",
            "<button class=\"btn btn-primary btn-circle btn-sm\"><\/button>"
        ],
        [
            "<input type=\"checkbox\" class=\"row-checkbox\" value=\"3\">",
            "3",
            "\u0e2a\u0e21\u0e1b\u0e2d\u0e07 \u0e2a\u0e38\u0e14\u0e2a\u0e27\u0e22",
            "\u0e04\u0e2d\u0e23\u0e4c\u0e2a\u0e40\u0e23\u0e35\u0e22\u0e19 \u0e1b.2",
            "\u0e0b\u0e31\u0e21\u0e40\u0e21\u0e2d\u0e23\u0e4c \u0e40\u0e21\u0e29\u0e32\u0e22\u0e19 2567   \u0e40\u0e17\u0e2d\u0e21 1\/2567",
            "1500 \u0e1a\u0e32\u0e17",
            "\u0e0a\u0e33\u0e23\u0e30\u0e40\u0e15\u0e47\u0e21\u0e08\u0e33\u0e19\u0e27\u0e19",
            "<button class=\"btn btn-primary btn-circle btn-sm\"><\/button>"
        ],
        [
            "<input type=\"checkbox\" class=\"row-checkbox\" value=\"2\">",
            "2",
            "\u0e2a\u0e21\u0e2b\u0e0d\u0e34\u0e07 \u0e2a\u0e38\u0e14\u0e2a\u0e27\u0e22",
            "\u0e04\u0e2d\u0e23\u0e4c\u0e2a\u0e40\u0e23\u0e35\u0e22\u0e19 \u0e1b.2",
            "\u0e0b\u0e31\u0e21\u0e40\u0e21\u0e2d\u0e23\u0e4c \u0e40\u0e21\u0e29\u0e32\u0e22\u0e19 2567   \u0e40\u0e17\u0e2d\u0e21 1\/2567",
            "1500 \u0e1a\u0e32\u0e17",
            "\u0e0a\u0e33\u0e23\u0e30\u0e40\u0e15\u0e47\u0e21\u0e08\u0e33\u0e19\u0e27\u0e19",
            "<button class=\"btn btn-success btn-circle btn-sm\"><\/button>"
        ],
        [
            "<input type=\"checkbox\" class=\"row-checkbox\" value=\"4\">",
            "4",
            "\u0e2a\u0e21\u0e1b\u0e36\u0e07 \u0e2a\u0e38\u0e14\u0e2a\u0e27\u0e22",
            "\u0e04\u0e2d\u0e23\u0e4c\u0e2a\u0e40\u0e23\u0e35\u0e22\u0e19 \u0e1b.2",
            "\u0e0b\u0e31\u0e21\u0e40\u0e21\u0e2d\u0e23\u0e4c \u0e40\u0e21\u0e29\u0e32\u0e22\u0e19 2567   \u0e40\u0e17\u0e2d\u0e21 1\/2567",
            "1200 \u0e1a\u0e32\u0e17",
            "\u0e21\u0e31\u0e14\u0e08\u0e33",
            "<button class=\"btn btn-secondary btn-circle btn-sm\"><\/button>"
        ]
    ]
}
DEBUG - 2025-03-03 10:07:39 --> {
    "draw": 4,
    "recordsTotal": 4,
    "recordsFiltered": 4,
    "data": [
        [
            "<input type=\"checkbox\" class=\"row-checkbox\" value=\"4\">",
            "4",
            "\u0e2a\u0e21\u0e1b\u0e36\u0e07 \u0e2a\u0e38\u0e14\u0e2a\u0e27\u0e22",
            "\u0e04\u0e2d\u0e23\u0e4c\u0e2a\u0e40\u0e23\u0e35\u0e22\u0e19 \u0e1b.2",
            "\u0e0b\u0e31\u0e21\u0e40\u0e21\u0e2d\u0e23\u0e4c \u0e40\u0e21\u0e29\u0e32\u0e22\u0e19 2567   \u0e40\u0e17\u0e2d\u0e21 1\/2567",
            "1200 \u0e1a\u0e32\u0e17",
            "\u0e21\u0e31\u0e14\u0e08\u0e33",
            "<button class=\"btn btn-secondary btn-circle btn-sm\"><\/button>"
        ],
        [
            "<input type=\"checkbox\" class=\"row-checkbox\" value=\"2\">",
            "2",
            "\u0e2a\u0e21\u0e2b\u0e0d\u0e34\u0e07 \u0e2a\u0e38\u0e14\u0e2a\u0e27\u0e22",
            "\u0e04\u0e2d\u0e23\u0e4c\u0e2a\u0e40\u0e23\u0e35\u0e22\u0e19 \u0e1b.2",
            "\u0e0b\u0e31\u0e21\u0e40\u0e21\u0e2d\u0e23\u0e4c \u0e40\u0e21\u0e29\u0e32\u0e22\u0e19 2567   \u0e40\u0e17\u0e2d\u0e21 1\/2567",
            "1500 \u0e1a\u0e32\u0e17",
            "\u0e0a\u0e33\u0e23\u0e30\u0e40\u0e15\u0e47\u0e21\u0e08\u0e33\u0e19\u0e27\u0e19",
            "<button class=\"btn btn-success btn-circle btn-sm\"><\/button>"
        ],
        [
            "<input type=\"checkbox\" class=\"row-checkbox\" value=\"1\">",
            "1",
            "\u0e2a\u0e21\u0e0a\u0e32\u0e22 \u0e2b\u0e25\u0e48\u0e2d\u0e21\u0e32\u0e01",
            "\u0e04\u0e2d\u0e23\u0e4c\u0e2a\u0e40\u0e23\u0e35\u0e22\u0e19 \u0e1b.2",
            "\u0e0b\u0e31\u0e21\u0e40\u0e21\u0e2d\u0e23\u0e4c \u0e40\u0e21\u0e29\u0e32\u0e22\u0e19 2567   \u0e40\u0e17\u0e2d\u0e21 1\/2567",
            "1200 \u0e1a\u0e32\u0e17",
            "\u0e21\u0e31\u0e14\u0e08\u0e33",
            "<button class=\"btn btn-primary btn-circle btn-sm\"><\/button>"
        ],
        [
            "<input type=\"checkbox\" class=\"row-checkbox\" value=\"3\">",
            "3",
            "\u0e2a\u0e21\u0e1b\u0e2d\u0e07 \u0e2a\u0e38\u0e14\u0e2a\u0e27\u0e22",
            "\u0e04\u0e2d\u0e23\u0e4c\u0e2a\u0e40\u0e23\u0e35\u0e22\u0e19 \u0e1b.2",
            "\u0e0b\u0e31\u0e21\u0e40\u0e21\u0e2d\u0e23\u0e4c \u0e40\u0e21\u0e29\u0e32\u0e22\u0e19 2567   \u0e40\u0e17\u0e2d\u0e21 1\/2567",
            "1500 \u0e1a\u0e32\u0e17",
            "\u0e0a\u0e33\u0e23\u0e30\u0e40\u0e15\u0e47\u0e21\u0e08\u0e33\u0e19\u0e27\u0e19",
            "<button class=\"btn btn-primary btn-circle btn-sm\"><\/button>"
        ]
    ]
}
INFO - 2025-03-03 10:08:25 --> Session: Class initialized using 'CodeIgniter\Session\Handlers\FileHandler' driver.
DEBUG - 2025-03-03 10:08:25 --> {
    "draw": 1,
    "recordsTotal": 4,
    "recordsFiltered": 4,
    "data": [
        [
            "<input type=\"checkbox\" class=\"row-checkbox\" value=\"2\">",
            "2",
            "\u0e2a\u0e21\u0e2b\u0e0d\u0e34\u0e07 \u0e2a\u0e38\u0e14\u0e2a\u0e27\u0e22",
            "\u0e04\u0e2d\u0e23\u0e4c\u0e2a\u0e40\u0e23\u0e35\u0e22\u0e19 \u0e1b.2",
            "\u0e0b\u0e31\u0e21\u0e40\u0e21\u0e2d\u0e23\u0e4c \u0e40\u0e21\u0e29\u0e32\u0e22\u0e19 2567   \u0e40\u0e17\u0e2d\u0e21 1\/2567",
            "1500 \u0e1a\u0e32\u0e17",
            "\u0e0a\u0e33\u0e23\u0e30\u0e40\u0e15\u0e47\u0e21\u0e08\u0e33\u0e19\u0e27\u0e19",
            "<button class=\"btn btn-success btn-circle btn-sm\"><\/button>"
        ],
        [
            "<input type=\"checkbox\" class=\"row-checkbox\" value=\"3\">",
            "3",
            "\u0e2a\u0e21\u0e1b\u0e2d\u0e07 \u0e2a\u0e38\u0e14\u0e2a\u0e27\u0e22",
            "\u0e04\u0e2d\u0e23\u0e4c\u0e2a\u0e40\u0e23\u0e35\u0e22\u0e19 \u0e1b.2",
            "\u0e0b\u0e31\u0e21\u0e40\u0e21\u0e2d\u0e23\u0e4c \u0e40\u0e21\u0e29\u0e32\u0e22\u0e19 2567   \u0e40\u0e17\u0e2d\u0e21 1\/2567",
            "1500 \u0e1a\u0e32\u0e17",
            "\u0e0a\u0e33\u0e23\u0e30\u0e40\u0e15\u0e47\u0e21\u0e08\u0e33\u0e19\u0e27\u0e19",
            "<button class=\"btn btn-primary btn-circle btn-sm\"><\/button>"
        ],
        [
            "<input type=\"checkbox\" class=\"row-checkbox\" value=\"1\">",
            "1",
            "\u0e2a\u0e21\u0e0a\u0e32\u0e22 \u0e2b\u0e25\u0e48\u0e2d\u0e21\u0e32\u0e01",
            "\u0e04\u0e2d\u0e23\u0e4c\u0e2a\u0e40\u0e23\u0e35\u0e22\u0e19 \u0e1b.2",
            "\u0e0b\u0e31\u0e21\u0e40\u0e21\u0e2d\u0e23\u0e4c \u0e40\u0e21\u0e29\u0e32\u0e22\u0e19 2567   \u0e40\u0e17\u0e2d\u0e21 1\/2567",
            "1200 \u0e1a\u0e32\u0e17",
            "\u0e21\u0e31\u0e14\u0e08\u0e33",
            "<button class=\"btn btn-primary btn-circle btn-sm\"><\/button>"
        ],
        [
            "<input type=\"checkbox\" class=\"row-checkbox\" value=\"4\">",
            "4",
            "\u0e2a\u0e21\u0e1b\u0e36\u0e07 \u0e2a\u0e38\u0e14\u0e2a\u0e27\u0e22",
            "\u0e04\u0e2d\u0e23\u0e4c\u0e2a\u0e40\u0e23\u0e35\u0e22\u0e19 \u0e1b.2",
            "\u0e0b\u0e31\u0e21\u0e40\u0e21\u0e2d\u0e23\u0e4c \u0e40\u0e21\u0e29\u0e32\u0e22\u0e19 2567   \u0e40\u0e17\u0e2d\u0e21 1\/2567",
            "1200 \u0e1a\u0e32\u0e17",
            "\u0e21\u0e31\u0e14\u0e08\u0e33",
            "<button class=\"btn btn-secondary btn-circle btn-sm\"><\/button>"
        ]
    ]
}
INFO - 2025-03-03 10:08:27 --> Session: Class initialized using 'CodeIgniter\Session\Handlers\FileHandler' driver.
DEBUG - 2025-03-03 10:08:27 --> {
    "draw": 1,
    "recordsTotal": 4,
    "recordsFiltered": 4,
    "data": [
        [
            "<input type=\"checkbox\" class=\"row-checkbox\" value=\"2\">",
            "2",
            "\u0e2a\u0e21\u0e2b\u0e0d\u0e34\u0e07 \u0e2a\u0e38\u0e14\u0e2a\u0e27\u0e22",
            "\u0e04\u0e2d\u0e23\u0e4c\u0e2a\u0e40\u0e23\u0e35\u0e22\u0e19 \u0e1b.2",
            "\u0e0b\u0e31\u0e21\u0e40\u0e21\u0e2d\u0e23\u0e4c \u0e40\u0e21\u0e29\u0e32\u0e22\u0e19 2567   \u0e40\u0e17\u0e2d\u0e21 1\/2567",
            "1500 \u0e1a\u0e32\u0e17",
            "\u0e0a\u0e33\u0e23\u0e30\u0e40\u0e15\u0e47\u0e21\u0e08\u0e33\u0e19\u0e27\u0e19",
            "<button class=\"btn btn-success btn-circle btn-sm\"><\/button>"
        ],
        [
            "<input type=\"checkbox\" class=\"row-checkbox\" value=\"3\">",
            "3",
            "\u0e2a\u0e21\u0e1b\u0e2d\u0e07 \u0e2a\u0e38\u0e14\u0e2a\u0e27\u0e22",
            "\u0e04\u0e2d\u0e23\u0e4c\u0e2a\u0e40\u0e23\u0e35\u0e22\u0e19 \u0e1b.2",
            "\u0e0b\u0e31\u0e21\u0e40\u0e21\u0e2d\u0e23\u0e4c \u0e40\u0e21\u0e29\u0e32\u0e22\u0e19 2567   \u0e40\u0e17\u0e2d\u0e21 1\/2567",
            "1500 \u0e1a\u0e32\u0e17",
            "\u0e0a\u0e33\u0e23\u0e30\u0e40\u0e15\u0e47\u0e21\u0e08\u0e33\u0e19\u0e27\u0e19",
            "<button class=\"btn btn-primary btn-circle btn-sm\"><\/button>"
        ],
        [
            "<input type=\"checkbox\" class=\"row-checkbox\" value=\"1\">",
            "1",
            "\u0e2a\u0e21\u0e0a\u0e32\u0e22 \u0e2b\u0e25\u0e48\u0e2d\u0e21\u0e32\u0e01",
            "\u0e04\u0e2d\u0e23\u0e4c\u0e2a\u0e40\u0e23\u0e35\u0e22\u0e19 \u0e1b.2",
            "\u0e0b\u0e31\u0e21\u0e40\u0e21\u0e2d\u0e23\u0e4c \u0e40\u0e21\u0e29\u0e32\u0e22\u0e19 2567   \u0e40\u0e17\u0e2d\u0e21 1\/2567",
            "1200 \u0e1a\u0e32\u0e17",
            "\u0e21\u0e31\u0e14\u0e08\u0e33",
            "<button class=\"btn btn-primary btn-circle btn-sm\"><\/button>"
        ],
        [
            "<input type=\"checkbox\" class=\"row-checkbox\" value=\"4\">",
            "4",
            "\u0e2a\u0e21\u0e1b\u0e36\u0e07 \u0e2a\u0e38\u0e14\u0e2a\u0e27\u0e22",
            "\u0e04\u0e2d\u0e23\u0e4c\u0e2a\u0e40\u0e23\u0e35\u0e22\u0e19 \u0e1b.2",
            "\u0e0b\u0e31\u0e21\u0e40\u0e21\u0e2d\u0e23\u0e4c \u0e40\u0e21\u0e29\u0e32\u0e22\u0e19 2567   \u0e40\u0e17\u0e2d\u0e21 1\/2567",
            "1200 \u0e1a\u0e32\u0e17",
            "\u0e21\u0e31\u0e14\u0e08\u0e33",
            "<button class=\"btn btn-secondary btn-circle btn-sm\"><\/button>"
        ]
    ]
}
INFO - 2025-03-03 10:08:28 --> Session: Class initialized using 'CodeIgniter\Session\Handlers\FileHandler' driver.
DEBUG - 2025-03-03 10:08:28 --> {
    "draw": 1,
    "recordsTotal": 4,
    "recordsFiltered": 4,
    "data": [
        [
            "<input type=\"checkbox\" class=\"row-checkbox\" value=\"2\">",
            "2",
            "\u0e2a\u0e21\u0e2b\u0e0d\u0e34\u0e07 \u0e2a\u0e38\u0e14\u0e2a\u0e27\u0e22",
            "\u0e04\u0e2d\u0e23\u0e4c\u0e2a\u0e40\u0e23\u0e35\u0e22\u0e19 \u0e1b.2",
            "\u0e0b\u0e31\u0e21\u0e40\u0e21\u0e2d\u0e23\u0e4c \u0e40\u0e21\u0e29\u0e32\u0e22\u0e19 2567   \u0e40\u0e17\u0e2d\u0e21 1\/2567",
            "1500 \u0e1a\u0e32\u0e17",
            "\u0e0a\u0e33\u0e23\u0e30\u0e40\u0e15\u0e47\u0e21\u0e08\u0e33\u0e19\u0e27\u0e19",
            "<button class=\"btn btn-success btn-circle btn-sm\"><\/button>"
        ],
        [
            "<input type=\"checkbox\" class=\"row-checkbox\" value=\"3\">",
            "3",
            "\u0e2a\u0e21\u0e1b\u0e2d\u0e07 \u0e2a\u0e38\u0e14\u0e2a\u0e27\u0e22",
            "\u0e04\u0e2d\u0e23\u0e4c\u0e2a\u0e40\u0e23\u0e35\u0e22\u0e19 \u0e1b.2",
            "\u0e0b\u0e31\u0e21\u0e40\u0e21\u0e2d\u0e23\u0e4c \u0e40\u0e21\u0e29\u0e32\u0e22\u0e19 2567   \u0e40\u0e17\u0e2d\u0e21 1\/2567",
            "1500 \u0e1a\u0e32\u0e17",
            "\u0e0a\u0e33\u0e23\u0e30\u0e40\u0e15\u0e47\u0e21\u0e08\u0e33\u0e19\u0e27\u0e19",
            "<button class=\"btn btn-primary btn-circle btn-sm\"><\/button>"
        ],
        [
            "<input type=\"checkbox\" class=\"row-checkbox\" value=\"1\">",
            "1",
            "\u0e2a\u0e21\u0e0a\u0e32\u0e22 \u0e2b\u0e25\u0e48\u0e2d\u0e21\u0e32\u0e01",
            "\u0e04\u0e2d\u0e23\u0e4c\u0e2a\u0e40\u0e23\u0e35\u0e22\u0e19 \u0e1b.2",
            "\u0e0b\u0e31\u0e21\u0e40\u0e21\u0e2d\u0e23\u0e4c \u0e40\u0e21\u0e29\u0e32\u0e22\u0e19 2567   \u0e40\u0e17\u0e2d\u0e21 1\/2567",
            "1200 \u0e1a\u0e32\u0e17",
            "\u0e21\u0e31\u0e14\u0e08\u0e33",
            "<button class=\"btn btn-primary btn-circle btn-sm\"><\/button>"
        ],
        [
            "<input type=\"checkbox\" class=\"row-checkbox\" value=\"4\">",
            "4",
            "\u0e2a\u0e21\u0e1b\u0e36\u0e07 \u0e2a\u0e38\u0e14\u0e2a\u0e27\u0e22",
            "\u0e04\u0e2d\u0e23\u0e4c\u0e2a\u0e40\u0e23\u0e35\u0e22\u0e19 \u0e1b.2",
            "\u0e0b\u0e31\u0e21\u0e40\u0e21\u0e2d\u0e23\u0e4c \u0e40\u0e21\u0e29\u0e32\u0e22\u0e19 2567   \u0e40\u0e17\u0e2d\u0e21 1\/2567",
            "1200 \u0e1a\u0e32\u0e17",
            "\u0e21\u0e31\u0e14\u0e08\u0e33",
            "<button class=\"btn btn-secondary btn-circle btn-sm\"><\/button>"
        ]
    ]
}
INFO - 2025-03-03 10:08:30 --> Session: Class initialized using 'CodeIgniter\Session\Handlers\FileHandler' driver.
DEBUG - 2025-03-03 10:08:30 --> {
    "draw": 1,
    "recordsTotal": 4,
    "recordsFiltered": 4,
    "data": [
        [
            "<input type=\"checkbox\" class=\"row-checkbox\" value=\"2\">",
            "2",
            "\u0e2a\u0e21\u0e2b\u0e0d\u0e34\u0e07 \u0e2a\u0e38\u0e14\u0e2a\u0e27\u0e22",
            "\u0e04\u0e2d\u0e23\u0e4c\u0e2a\u0e40\u0e23\u0e35\u0e22\u0e19 \u0e1b.2",
            "\u0e0b\u0e31\u0e21\u0e40\u0e21\u0e2d\u0e23\u0e4c \u0e40\u0e21\u0e29\u0e32\u0e22\u0e19 2567   \u0e40\u0e17\u0e2d\u0e21 1\/2567",
            "1500 \u0e1a\u0e32\u0e17",
            "\u0e0a\u0e33\u0e23\u0e30\u0e40\u0e15\u0e47\u0e21\u0e08\u0e33\u0e19\u0e27\u0e19",
            "<button class=\"btn btn-success btn-circle btn-sm\"><\/button>"
        ],
        [
            "<input type=\"checkbox\" class=\"row-checkbox\" value=\"3\">",
            "3",
            "\u0e2a\u0e21\u0e1b\u0e2d\u0e07 \u0e2a\u0e38\u0e14\u0e2a\u0e27\u0e22",
            "\u0e04\u0e2d\u0e23\u0e4c\u0e2a\u0e40\u0e23\u0e35\u0e22\u0e19 \u0e1b.2",
            "\u0e0b\u0e31\u0e21\u0e40\u0e21\u0e2d\u0e23\u0e4c \u0e40\u0e21\u0e29\u0e32\u0e22\u0e19 2567   \u0e40\u0e17\u0e2d\u0e21 1\/2567",
            "1500 \u0e1a\u0e32\u0e17",
            "\u0e0a\u0e33\u0e23\u0e30\u0e40\u0e15\u0e47\u0e21\u0e08\u0e33\u0e19\u0e27\u0e19",
            "<button class=\"btn btn-primary btn-circle btn-sm\"><\/button>"
        ],
        [
            "<input type=\"checkbox\" class=\"row-checkbox\" value=\"1\">",
            "1",
            "\u0e2a\u0e21\u0e0a\u0e32\u0e22 \u0e2b\u0e25\u0e48\u0e2d\u0e21\u0e32\u0e01",
            "\u0e04\u0e2d\u0e23\u0e4c\u0e2a\u0e40\u0e23\u0e35\u0e22\u0e19 \u0e1b.2",
            "\u0e0b\u0e31\u0e21\u0e40\u0e21\u0e2d\u0e23\u0e4c \u0e40\u0e21\u0e29\u0e32\u0e22\u0e19 2567   \u0e40\u0e17\u0e2d\u0e21 1\/2567",
            "1200 \u0e1a\u0e32\u0e17",
            "\u0e21\u0e31\u0e14\u0e08\u0e33",
            "<button class=\"btn btn-primary btn-circle btn-sm\"><\/button>"
        ],
        [
            "<input type=\"checkbox\" class=\"row-checkbox\" value=\"4\">",
            "4",
            "\u0e2a\u0e21\u0e1b\u0e36\u0e07 \u0e2a\u0e38\u0e14\u0e2a\u0e27\u0e22",
            "\u0e04\u0e2d\u0e23\u0e4c\u0e2a\u0e40\u0e23\u0e35\u0e22\u0e19 \u0e1b.2",
            "\u0e0b\u0e31\u0e21\u0e40\u0e21\u0e2d\u0e23\u0e4c \u0e40\u0e21\u0e29\u0e32\u0e22\u0e19 2567   \u0e40\u0e17\u0e2d\u0e21 1\/2567",
            "1200 \u0e1a\u0e32\u0e17",
            "\u0e21\u0e31\u0e14\u0e08\u0e33",
            "<button class=\"btn btn-secondary btn-circle btn-sm\"><\/button>"
        ]
    ]
}
INFO - 2025-03-03 10:08:32 --> Session: Class initialized using 'CodeIgniter\Session\Handlers\FileHandler' driver.
DEBUG - 2025-03-03 10:08:32 --> {
    "draw": 1,
    "recordsTotal": 4,
    "recordsFiltered": 4,
    "data": [
        [
            "<input type=\"checkbox\" class=\"row-checkbox\" value=\"2\">",
            "2",
            "\u0e2a\u0e21\u0e2b\u0e0d\u0e34\u0e07 \u0e2a\u0e38\u0e14\u0e2a\u0e27\u0e22",
            "\u0e04\u0e2d\u0e23\u0e4c\u0e2a\u0e40\u0e23\u0e35\u0e22\u0e19 \u0e1b.2",
            "\u0e0b\u0e31\u0e21\u0e40\u0e21\u0e2d\u0e23\u0e4c \u0e40\u0e21\u0e29\u0e32\u0e22\u0e19 2567   \u0e40\u0e17\u0e2d\u0e21 1\/2567",
            "1500 \u0e1a\u0e32\u0e17",
            "\u0e0a\u0e33\u0e23\u0e30\u0e40\u0e15\u0e47\u0e21\u0e08\u0e33\u0e19\u0e27\u0e19",
            "<button class=\"btn btn-success btn-circle btn-sm\"><\/button>"
        ],
        [
            "<input type=\"checkbox\" class=\"row-checkbox\" value=\"3\">",
            "3",
            "\u0e2a\u0e21\u0e1b\u0e2d\u0e07 \u0e2a\u0e38\u0e14\u0e2a\u0e27\u0e22",
            "\u0e04\u0e2d\u0e23\u0e4c\u0e2a\u0e40\u0e23\u0e35\u0e22\u0e19 \u0e1b.2",
            "\u0e0b\u0e31\u0e21\u0e40\u0e21\u0e2d\u0e23\u0e4c \u0e40\u0e21\u0e29\u0e32\u0e22\u0e19 2567   \u0e40\u0e17\u0e2d\u0e21 1\/2567",
            "1500 \u0e1a\u0e32\u0e17",
            "\u0e0a\u0e33\u0e23\u0e30\u0e40\u0e15\u0e47\u0e21\u0e08\u0e33\u0e19\u0e27\u0e19",
            "<button class=\"btn btn-primary btn-circle btn-sm\"><\/button>"
        ],
        [
            "<input type=\"checkbox\" class=\"row-checkbox\" value=\"1\">",
            "1",
            "\u0e2a\u0e21\u0e0a\u0e32\u0e22 \u0e2b\u0e25\u0e48\u0e2d\u0e21\u0e32\u0e01",
            "\u0e04\u0e2d\u0e23\u0e4c\u0e2a\u0e40\u0e23\u0e35\u0e22\u0e19 \u0e1b.2",
            "\u0e0b\u0e31\u0e21\u0e40\u0e21\u0e2d\u0e23\u0e4c \u0e40\u0e21\u0e29\u0e32\u0e22\u0e19 2567   \u0e40\u0e17\u0e2d\u0e21 1\/2567",
            "1200 \u0e1a\u0e32\u0e17",
            "\u0e21\u0e31\u0e14\u0e08\u0e33",
            "<button class=\"btn btn-primary btn-circle btn-sm\"><\/button>"
        ],
        [
            "<input type=\"checkbox\" class=\"row-checkbox\" value=\"4\">",
            "4",
            "\u0e2a\u0e21\u0e1b\u0e36\u0e07 \u0e2a\u0e38\u0e14\u0e2a\u0e27\u0e22",
            "\u0e04\u0e2d\u0e23\u0e4c\u0e2a\u0e40\u0e23\u0e35\u0e22\u0e19 \u0e1b.2",
            "\u0e0b\u0e31\u0e21\u0e40\u0e21\u0e2d\u0e23\u0e4c \u0e40\u0e21\u0e29\u0e32\u0e22\u0e19 2567   \u0e40\u0e17\u0e2d\u0e21 1\/2567",
            "1200 \u0e1a\u0e32\u0e17",
            "\u0e21\u0e31\u0e14\u0e08\u0e33",
            "<button class=\"btn btn-secondary btn-circle btn-sm\"><\/button>"
        ]
    ]
}
DEBUG - 2025-03-03 10:08:50 --> {
    "draw": 2,
    "recordsTotal": 4,
    "recordsFiltered": 4,
    "data": [
        [
            "<input type=\"checkbox\" class=\"row-checkbox\" value=\"2\">",
            "2",
            "\u0e2a\u0e21\u0e2b\u0e0d\u0e34\u0e07 \u0e2a\u0e38\u0e14\u0e2a\u0e27\u0e22",
            "\u0e04\u0e2d\u0e23\u0e4c\u0e2a\u0e40\u0e23\u0e35\u0e22\u0e19 \u0e1b.2",
            "\u0e0b\u0e31\u0e21\u0e40\u0e21\u0e2d\u0e23\u0e4c \u0e40\u0e21\u0e29\u0e32\u0e22\u0e19 2567   \u0e40\u0e17\u0e2d\u0e21 1\/2567",
            "1500 \u0e1a\u0e32\u0e17",
            "\u0e0a\u0e33\u0e23\u0e30\u0e40\u0e15\u0e47\u0e21\u0e08\u0e33\u0e19\u0e27\u0e19",
            "<button class=\"btn btn-success btn-circle btn-sm\"><\/button>"
        ],
        [
            "<input type=\"checkbox\" class=\"row-checkbox\" value=\"3\">",
            "3",
            "\u0e2a\u0e21\u0e1b\u0e2d\u0e07 \u0e2a\u0e38\u0e14\u0e2a\u0e27\u0e22",
            "\u0e04\u0e2d\u0e23\u0e4c\u0e2a\u0e40\u0e23\u0e35\u0e22\u0e19 \u0e1b.2",
            "\u0e0b\u0e31\u0e21\u0e40\u0e21\u0e2d\u0e23\u0e4c \u0e40\u0e21\u0e29\u0e32\u0e22\u0e19 2567   \u0e40\u0e17\u0e2d\u0e21 1\/2567",
            "1500 \u0e1a\u0e32\u0e17",
            "\u0e0a\u0e33\u0e23\u0e30\u0e40\u0e15\u0e47\u0e21\u0e08\u0e33\u0e19\u0e27\u0e19",
            "<button class=\"btn btn-primary btn-circle btn-sm\"><\/button>"
        ],
        [
            "<input type=\"checkbox\" class=\"row-checkbox\" value=\"1\">",
            "1",
            "\u0e2a\u0e21\u0e0a\u0e32\u0e22 \u0e2b\u0e25\u0e48\u0e2d\u0e21\u0e32\u0e01",
            "\u0e04\u0e2d\u0e23\u0e4c\u0e2a\u0e40\u0e23\u0e35\u0e22\u0e19 \u0e1b.2",
            "\u0e0b\u0e31\u0e21\u0e40\u0e21\u0e2d\u0e23\u0e4c \u0e40\u0e21\u0e29\u0e32\u0e22\u0e19 2567   \u0e40\u0e17\u0e2d\u0e21 1\/2567",
            "1200 \u0e1a\u0e32\u0e17",
            "\u0e21\u0e31\u0e14\u0e08\u0e33",
            "<button class=\"btn btn-primary btn-circle btn-sm\"><\/button>"
        ],
        [
            "<input type=\"checkbox\" class=\"row-checkbox\" value=\"4\">",
            "4",
            "\u0e2a\u0e21\u0e1b\u0e36\u0e07 \u0e2a\u0e38\u0e14\u0e2a\u0e27\u0e22",
            "\u0e04\u0e2d\u0e23\u0e4c\u0e2a\u0e40\u0e23\u0e35\u0e22\u0e19 \u0e1b.2",
            "\u0e0b\u0e31\u0e21\u0e40\u0e21\u0e2d\u0e23\u0e4c \u0e40\u0e21\u0e29\u0e32\u0e22\u0e19 2567   \u0e40\u0e17\u0e2d\u0e21 1\/2567",
            "1200 \u0e1a\u0e32\u0e17",
            "\u0e21\u0e31\u0e14\u0e08\u0e33",
            "<button class=\"btn btn-secondary btn-circle btn-sm\"><\/button>"
        ]
    ]
}
DEBUG - 2025-03-03 10:09:02 --> {
    "draw": 3,
    "recordsTotal": 4,
    "recordsFiltered": 4,
    "data": [
        [
            "<input type=\"checkbox\" class=\"row-checkbox\" value=\"2\">",
            "2",
            "\u0e2a\u0e21\u0e2b\u0e0d\u0e34\u0e07 \u0e2a\u0e38\u0e14\u0e2a\u0e27\u0e22",
            "\u0e04\u0e2d\u0e23\u0e4c\u0e2a\u0e40\u0e23\u0e35\u0e22\u0e19 \u0e1b.2",
            "\u0e0b\u0e31\u0e21\u0e40\u0e21\u0e2d\u0e23\u0e4c \u0e40\u0e21\u0e29\u0e32\u0e22\u0e19 2567   \u0e40\u0e17\u0e2d\u0e21 1\/2567",
            "1500 \u0e1a\u0e32\u0e17",
            "\u0e0a\u0e33\u0e23\u0e30\u0e40\u0e15\u0e47\u0e21\u0e08\u0e33\u0e19\u0e27\u0e19",
            "<button class=\"btn btn-success btn-circle btn-sm\"><\/button>"
        ],
        [
            "<input type=\"checkbox\" class=\"row-checkbox\" value=\"3\">",
            "3",
            "\u0e2a\u0e21\u0e1b\u0e2d\u0e07 \u0e2a\u0e38\u0e14\u0e2a\u0e27\u0e22",
            "\u0e04\u0e2d\u0e23\u0e4c\u0e2a\u0e40\u0e23\u0e35\u0e22\u0e19 \u0e1b.2",
            "\u0e0b\u0e31\u0e21\u0e40\u0e21\u0e2d\u0e23\u0e4c \u0e40\u0e21\u0e29\u0e32\u0e22\u0e19 2567   \u0e40\u0e17\u0e2d\u0e21 1\/2567",
            "1500 \u0e1a\u0e32\u0e17",
            "\u0e0a\u0e33\u0e23\u0e30\u0e40\u0e15\u0e47\u0e21\u0e08\u0e33\u0e19\u0e27\u0e19",
            "<button class=\"btn btn-primary btn-circle btn-sm\"><\/button>"
        ],
        [
            "<input type=\"checkbox\" class=\"row-checkbox\" value=\"1\">",
            "1",
            "\u0e2a\u0e21\u0e0a\u0e32\u0e22 \u0e2b\u0e25\u0e48\u0e2d\u0e21\u0e32\u0e01",
            "\u0e04\u0e2d\u0e23\u0e4c\u0e2a\u0e40\u0e23\u0e35\u0e22\u0e19 \u0e1b.2",
            "\u0e0b\u0e31\u0e21\u0e40\u0e21\u0e2d\u0e23\u0e4c \u0e40\u0e21\u0e29\u0e32\u0e22\u0e19 2567   \u0e40\u0e17\u0e2d\u0e21 1\/2567",
            "1200 \u0e1a\u0e32\u0e17",
            "\u0e21\u0e31\u0e14\u0e08\u0e33",
            "<button class=\"btn btn-primary btn-circle btn-sm\"><\/button>"
        ],
        [
            "<input type=\"checkbox\" class=\"row-checkbox\" value=\"4\">",
            "4",
            "\u0e2a\u0e21\u0e1b\u0e36\u0e07 \u0e2a\u0e38\u0e14\u0e2a\u0e27\u0e22",
            "\u0e04\u0e2d\u0e23\u0e4c\u0e2a\u0e40\u0e23\u0e35\u0e22\u0e19 \u0e1b.2",
            "\u0e0b\u0e31\u0e21\u0e40\u0e21\u0e2d\u0e23\u0e4c \u0e40\u0e21\u0e29\u0e32\u0e22\u0e19 2567   \u0e40\u0e17\u0e2d\u0e21 1\/2567",
            "1200 \u0e1a\u0e32\u0e17",
            "\u0e21\u0e31\u0e14\u0e08\u0e33",
            "<button class=\"btn btn-primary btn-circle btn-sm\"><\/button>"
        ]
    ]
}
DEBUG - 2025-03-03 10:09:08 --> {
    "draw": 4,
    "recordsTotal": 4,
    "recordsFiltered": 4,
    "data": [
        [
            "<input type=\"checkbox\" class=\"row-checkbox\" value=\"2\">",
            "2",
            "\u0e2a\u0e21\u0e2b\u0e0d\u0e34\u0e07 \u0e2a\u0e38\u0e14\u0e2a\u0e27\u0e22",
            "\u0e04\u0e2d\u0e23\u0e4c\u0e2a\u0e40\u0e23\u0e35\u0e22\u0e19 \u0e1b.2",
            "\u0e0b\u0e31\u0e21\u0e40\u0e21\u0e2d\u0e23\u0e4c \u0e40\u0e21\u0e29\u0e32\u0e22\u0e19 2567   \u0e40\u0e17\u0e2d\u0e21 1\/2567",
            "1500 \u0e1a\u0e32\u0e17",
            "\u0e0a\u0e33\u0e23\u0e30\u0e40\u0e15\u0e47\u0e21\u0e08\u0e33\u0e19\u0e27\u0e19",
            "<button class=\"btn btn-success btn-circle btn-sm\"><\/button>"
        ],
        [
            "<input type=\"checkbox\" class=\"row-checkbox\" value=\"3\">",
            "3",
            "\u0e2a\u0e21\u0e1b\u0e2d\u0e07 \u0e2a\u0e38\u0e14\u0e2a\u0e27\u0e22",
            "\u0e04\u0e2d\u0e23\u0e4c\u0e2a\u0e40\u0e23\u0e35\u0e22\u0e19 \u0e1b.2",
            "\u0e0b\u0e31\u0e21\u0e40\u0e21\u0e2d\u0e23\u0e4c \u0e40\u0e21\u0e29\u0e32\u0e22\u0e19 2567   \u0e40\u0e17\u0e2d\u0e21 1\/2567",
            "1500 \u0e1a\u0e32\u0e17",
            "\u0e0a\u0e33\u0e23\u0e30\u0e40\u0e15\u0e47\u0e21\u0e08\u0e33\u0e19\u0e27\u0e19",
            "<button class=\"btn btn-primary btn-circle btn-sm\"><\/button>"
        ],
        [
            "<input type=\"checkbox\" class=\"row-checkbox\" value=\"1\">",
            "1",
            "\u0e2a\u0e21\u0e0a\u0e32\u0e22 \u0e2b\u0e25\u0e48\u0e2d\u0e21\u0e32\u0e01",
            "\u0e04\u0e2d\u0e23\u0e4c\u0e2a\u0e40\u0e23\u0e35\u0e22\u0e19 \u0e1b.2",
            "\u0e0b\u0e31\u0e21\u0e40\u0e21\u0e2d\u0e23\u0e4c \u0e40\u0e21\u0e29\u0e32\u0e22\u0e19 2567   \u0e40\u0e17\u0e2d\u0e21 1\/2567",
            "1200 \u0e1a\u0e32\u0e17",
            "\u0e21\u0e31\u0e14\u0e08\u0e33",
            "<button class=\"btn btn-primary btn-circle btn-sm\"><\/button>"
        ],
        [
            "<input type=\"checkbox\" class=\"row-checkbox\" value=\"4\">",
            "4",
            "\u0e2a\u0e21\u0e1b\u0e36\u0e07 \u0e2a\u0e38\u0e14\u0e2a\u0e27\u0e22",
            "\u0e04\u0e2d\u0e23\u0e4c\u0e2a\u0e40\u0e23\u0e35\u0e22\u0e19 \u0e1b.2",
            "\u0e0b\u0e31\u0e21\u0e40\u0e21\u0e2d\u0e23\u0e4c \u0e40\u0e21\u0e29\u0e32\u0e22\u0e19 2567   \u0e40\u0e17\u0e2d\u0e21 1\/2567",
            "1200 \u0e1a\u0e32\u0e17",
            "\u0e21\u0e31\u0e14\u0e08\u0e33",
            "<button class=\"btn btn-primary btn-circle btn-sm\"><\/button>"
        ]
    ]
}
