INFO - 2025-03-26 11:23:07 --> Session: Class initialized using 'CodeIgniter\Session\Handlers\FileHandler' driver.
INFO - 2025-03-26 11:23:16 --> Session: Class initialized using 'CodeIgniter\Session\Handlers\FileHandler' driver.
INFO - 2025-03-26 11:23:16 --> Session: Class initialized using 'CodeIgniter\Session\Handlers\FileHandler' driver.
INFO - 2025-03-26 11:23:18 --> Session: Class initialized using 'CodeIgniter\Session\Handlers\FileHandler' driver.
INFO - 2025-03-26 11:23:20 --> Session: Class initialized using 'CodeIgniter\Session\Handlers\FileHandler' driver.
INFO - 2025-03-26 11:23:20 --> Session: Class initialized using 'CodeIgniter\Session\Handlers\FileHandler' driver.
INFO - 2025-03-26 11:23:23 --> Session: Class initialized using 'CodeIgniter\Session\Handlers\FileHandler' driver.
INFO - 2025-03-26 11:23:33 --> Session: Class initialized using 'CodeIgniter\Session\Handlers\FileHandler' driver.
INFO - 2025-03-26 11:23:38 --> Session: Class initialized using 'CodeIgniter\Session\Handlers\FileHandler' driver.
DEBUG - 2025-03-26 11:23:38 --> {
    "draw": 1,
    "recordsTotal": 3,
    "recordsFiltered": 3,
    "data": [
        [
            "<input type=\"checkbox\" class=\"row-checkbox\" value=\"18\">",
            "18",
            "kittima wongsawatt",
            "\u0e0b\u0e31\u0e21\u0e40\u0e21\u0e2d\u0e23\u0e4c \u0e15\u0e38\u0e25\u0e32\u0e04\u0e21 2567   \u0e40\u0e17\u0e2d\u0e21 2\/2567",
            "\u0e04\u0e2d\u0e23\u0e4c\u0e2a\u0e40\u0e23\u0e35\u0e22\u0e19 \u0e21.3",
            "5000 \u0e1a\u0e32\u0e17",
            "\u0e0a\u0e33\u0e23\u0e30\u0e40\u0e15\u0e47\u0e21\u0e08\u0e33\u0e19\u0e27\u0e19",
            "<button class=\"btn btn-success btn-circle btn-sm\"><\/button>"
        ],
        [
            "<input type=\"checkbox\" class=\"row-checkbox\" value=\"12\">",
            "12",
            "Sittichai Thana",
            "\u0e0b\u0e31\u0e21\u0e40\u0e21\u0e2d\u0e23\u0e4c \u0e40\u0e21\u0e29\u0e32\u0e22\u0e19 2567   \u0e40\u0e17\u0e2d\u0e21 1\/2567",
            "\u0e04\u0e2d\u0e23\u0e4c\u0e2a\u0e40\u0e23\u0e35\u0e22\u0e19 \u0e1b.2",
            "2000 \u0e1a\u0e32\u0e17",
            "\u0e0a\u0e33\u0e23\u0e30\u0e40\u0e15\u0e47\u0e21\u0e08\u0e33\u0e19\u0e27\u0e19",
            "<button class=\"btn btn-primary btn-circle btn-sm\"><\/button>"
        ],
        [
            "<input type=\"checkbox\" class=\"row-checkbox\" value=\"19\">",
            "19",
            "kittima wongsawatt",
            "\u0e0b\u0e31\u0e21\u0e40\u0e21\u0e2d\u0e23\u0e4c \u0e40\u0e21\u0e29\u0e32\u0e22\u0e19 2567   \u0e40\u0e17\u0e2d\u0e21 1\/2567",
            "\u0e04\u0e2d\u0e23\u0e4c\u0e2a\u0e40\u0e23\u0e35\u0e22\u0e19 \u0e1b.1",
            "1500 \u0e1a\u0e32\u0e17",
            "\u0e0a\u0e33\u0e23\u0e30\u0e40\u0e15\u0e47\u0e21\u0e08\u0e33\u0e19\u0e27\u0e19",
            "<button class=\"btn btn-primary btn-circle btn-sm\"><\/button>"
        ]
    ]
}
INFO - 2025-03-26 11:23:42 --> Session: Class initialized using 'CodeIgniter\Session\Handlers\FileHandler' driver.
INFO - 2025-03-26 11:23:44 --> Session: Class initialized using 'CodeIgniter\Session\Handlers\FileHandler' driver.
DEBUG - 2025-03-26 11:23:44 --> {
    "draw": 1,
    "recordsTotal": 3,
    "recordsFiltered": 3,
    "data": [
        [
            "<input type=\"checkbox\" class=\"row-checkbox\" value=\"18\">",
            "18",
            "kittima wongsawatt",
            "\u0e0b\u0e31\u0e21\u0e40\u0e21\u0e2d\u0e23\u0e4c \u0e15\u0e38\u0e25\u0e32\u0e04\u0e21 2567   \u0e40\u0e17\u0e2d\u0e21 2\/2567",
            "\u0e04\u0e2d\u0e23\u0e4c\u0e2a\u0e40\u0e23\u0e35\u0e22\u0e19 \u0e21.3",
            "5000 \u0e1a\u0e32\u0e17",
            "\u0e0a\u0e33\u0e23\u0e30\u0e40\u0e15\u0e47\u0e21\u0e08\u0e33\u0e19\u0e27\u0e19",
            "<button class=\"btn btn-success btn-circle btn-sm\"><\/button>"
        ],
        [
            "<input type=\"checkbox\" class=\"row-checkbox\" value=\"12\">",
            "12",
            "Sittichai Thana",
            "\u0e0b\u0e31\u0e21\u0e40\u0e21\u0e2d\u0e23\u0e4c \u0e40\u0e21\u0e29\u0e32\u0e22\u0e19 2567   \u0e40\u0e17\u0e2d\u0e21 1\/2567",
            "\u0e04\u0e2d\u0e23\u0e4c\u0e2a\u0e40\u0e23\u0e35\u0e22\u0e19 \u0e1b.2",
            "2000 \u0e1a\u0e32\u0e17",
            "\u0e0a\u0e33\u0e23\u0e30\u0e40\u0e15\u0e47\u0e21\u0e08\u0e33\u0e19\u0e27\u0e19",
            "<button class=\"btn btn-primary btn-circle btn-sm\"><\/button>"
        ],
        [
            "<input type=\"checkbox\" class=\"row-checkbox\" value=\"19\">",
            "19",
            "kittima wongsawatt",
            "\u0e0b\u0e31\u0e21\u0e40\u0e21\u0e2d\u0e23\u0e4c \u0e40\u0e21\u0e29\u0e32\u0e22\u0e19 2567   \u0e40\u0e17\u0e2d\u0e21 1\/2567",
            "\u0e04\u0e2d\u0e23\u0e4c\u0e2a\u0e40\u0e23\u0e35\u0e22\u0e19 \u0e1b.1",
            "1500 \u0e1a\u0e32\u0e17",
            "\u0e0a\u0e33\u0e23\u0e30\u0e40\u0e15\u0e47\u0e21\u0e08\u0e33\u0e19\u0e27\u0e19",
            "<button class=\"btn btn-primary btn-circle btn-sm\"><\/button>"
        ]
    ]
}
INFO - 2025-03-26 11:23:45 --> Session: Class initialized using 'CodeIgniter\Session\Handlers\FileHandler' driver.
INFO - 2025-03-26 11:23:46 --> Session: Class initialized using 'CodeIgniter\Session\Handlers\FileHandler' driver.
INFO - 2025-03-26 11:23:47 --> Session: Class initialized using 'CodeIgniter\Session\Handlers\FileHandler' driver.
INFO - 2025-03-26 11:24:02 --> Session: Class initialized using 'CodeIgniter\Session\Handlers\FileHandler' driver.
DEBUG - 2025-03-26 11:24:08 --> getStudentCountByTerm - Term ID: 7 - Count: 2
DEBUG - 2025-03-26 11:24:08 --> getStudentCount - Term ID: 7 - Count: 2
DEBUG - 2025-03-26 11:24:09 --> getStudentCountByTerm - Term ID: 8 - Count: 1
DEBUG - 2025-03-26 11:24:09 --> getStudentCount - Term ID: 8 - Count: 1
DEBUG - 2025-03-26 11:24:09 --> getStudentCountByTerm - Term ID: 7 - Count: 2
DEBUG - 2025-03-26 11:24:09 --> getStudentCount - Term ID: 7 - Count: 2
INFO - 2025-03-26 11:24:10 --> Session: Class initialized using 'CodeIgniter\Session\Handlers\FileHandler' driver.
INFO - 2025-03-26 11:25:12 --> Session: Class initialized using 'CodeIgniter\Session\Handlers\FileHandler' driver.
CRITICAL - 2025-03-26 11:25:12 --> ErrorException: Undefined array key "ID_Study"
[Method: GET, Route: printStudent]
in APPPATH\Views\printStudent.php on line 182.
 1 APPPATH\Views\printStudent.php(182): CodeIgniter\Debug\Exceptions->errorHandler(2, 'Undefined array key "ID_Study"', 'C:\\xampp\\htdocs\\tutorforhomeNew\\app\\Views\\printStudent.php', 182)
 2 SYSTEMPATH\View\View.php(234): include('C:\\xampp\\htdocs\\tutorforhomeNew\\app\\Views\\printStudent.php')
 3 SYSTEMPATH\View\View.php(237): CodeIgniter\View\View->CodeIgniter\View\{closure}()
 4 SYSTEMPATH\Common.php(1171): CodeIgniter\View\View->render('printStudent', [], true)
 5 APPPATH\Controllers\StudentController.php(81): view('printStudent', [...])
 6 SYSTEMPATH\CodeIgniter.php(933): App\Controllers\StudentController->printStudent()
 7 SYSTEMPATH\CodeIgniter.php(509): CodeIgniter\CodeIgniter->runController(Object(App\Controllers\StudentController))
 8 SYSTEMPATH\CodeIgniter.php(355): CodeIgniter\CodeIgniter->handleRequest(null, Object(Config\Cache), false)
 9 SYSTEMPATH\Boot.php(325): CodeIgniter\CodeIgniter->run()
10 SYSTEMPATH\Boot.php(67): CodeIgniter\Boot::runCodeIgniter(Object(CodeIgniter\CodeIgniter))
11 FCPATH\index.php(56): CodeIgniter\Boot::bootWeb(Object(Config\Paths))
INFO - 2025-03-26 11:27:24 --> Session: Class initialized using 'CodeIgniter\Session\Handlers\FileHandler' driver.
INFO - 2025-03-26 11:27:47 --> Session: Class initialized using 'CodeIgniter\Session\Handlers\FileHandler' driver.
DEBUG - 2025-03-26 11:27:49 --> getStudentCountByTerm - Term ID: 8 - Count: 1
DEBUG - 2025-03-26 11:27:49 --> getStudentCount - Term ID: 8 - Count: 1
INFO - 2025-03-26 11:27:50 --> Session: Class initialized using 'CodeIgniter\Session\Handlers\FileHandler' driver.
